e-Mail enviado a cokie100@yahoo.es
e-Mail enviado a cadbadesign@gmail.com
e-Mail enviado a joshualaister@gmail.com
e-Mail enviado a periscat@gmail.com
e-Mail enviado a zyxcan@gmail.com
e-Mail enviado a spetec@gmail.com
e-Mail enviado a dgiral@gmail.com
e-Mail enviado a nargun@gmail.com
e-Mail enviado a erathor@iespana.es
e-Mail enviado a marcebest@gmail.com
e-Mail enviado a phaciedy@hotmail.com
e-Mail enviado a ricardoventura@gmail.com
e-Mail enviado a rolandojordan@gmail.com
e-Mail enviado a bloodybastards@gmail.com
e-Mail enviado a ivela@xal.cat
e-Mail enviado a varo03varo@hotmail.com
e-Mail enviado a piccini.alberto@gmail.com
e-Mail enviado a eagoth@gmail.com
e-Mail enviado a curro@estragos.org
e-Mail enviado a absenthor@yahoo.es
e-Mail enviado a gorrias@gmail.com
e-Mail enviado a aladaris@gmail.com
e-Mail enviado a bontxi@karrajua.org
e-Mail enviado a invasores@gmail.com
e-Mail enviado a mordonez.sanchez@gmail.com
e-Mail enviado a elbulldog@gmail.com
e-Mail enviado a aleix@capsule2.net
e-Mail enviado a kiklox@mail.ru
e-Mail enviado a sherikrot@gmail.com
e-Mail enviado a redes.00@gmail.com
e-Mail enviado a pk.joa2@gmail.com
e-Mail enviado a manwy@manwy.tk
e-Mail enviado a lluvio@hotmail.com
e-Mail enviado a rafixmo@gmail.com
e-Mail enviado a jas_esp@hotmail.com
e-Mail enviado a sergio.uribe@gmail.com
e-Mail enviado a quim.services@gmail.com
e-Mail enviado a sakarserier@gmail.com
e-Mail enviado a smirk.25@gmail.com
e-Mail enviado a ceclavin@gmail.com
e-Mail enviado a easofm@gmail.com
e-Mail enviado a morezno@gmail.com
e-Mail enviado a monty.ya35@gmail.com
e-Mail enviado a surikato@gmail.com
e-Mail enviado a vial.aguero@gmail.com
e-Mail enviado a victorjmendez@gmail.com
e-Mail enviado a luiss.puerto@gmail.com
e-Mail enviado a zoftweb@gmail.com
e-Mail enviado a mnu69@hotmail.com
e-Mail enviado a luiss.puerto.publica@gmail.com
e-Mail enviado a ojoxxx@gmail.com
e-Mail enviado a anibonsai@gmail.com
e-Mail enviado a ricardo@msl37.org
e-Mail enviado a omarjaimes@gmail.com
e-Mail enviado a nicolasmensajes@yahoo.com.ar
e-Mail enviado a damejiar@gmail.com
e-Mail enviado a comp.woman@gmail.com
e-Mail enviado a webnikolas@gmail.com
e-Mail enviado a eduboo5@yahoo.es
e-Mail enviado a sebastiankalel@hotmail.com
e-Mail enviado a luisjaime84@yahoo.com.ar
e-Mail enviado a juanguis2003@yahoo.com.ar
e-Mail enviado a diogoubes@gmail.com
e-Mail enviado a c_velarde@teleline.es
e-Mail enviado a forotecnologica@gmail.com
e-Mail enviado a alegrcontact@yahoo.es
e-Mail enviado a alnavarro@gmail.com
e-Mail enviado a ruben.elias@gmail.com
e-Mail enviado a billyfq@hotmail.com
e-Mail enviado a lacaval@arnet.com.ar
e-Mail enviado a enriqueiv2004@gmail.com
e-Mail enviado a fede125@gmail.com
e-Mail enviado a victorgarces@hotmail.com
e-Mail enviado a yuumei2004@yahoo.com.mx
e-Mail enviado a pepeobregon_99@yahoo.com.mx
e-Mail enviado a touzon@telefonica.net
e-Mail enviado a las.mascotas@gmail.com
e-Mail enviado a jg.chapa@gmail.com
e-Mail enviado a emanuelcarreon@hotmail.com
e-Mail enviado a cga1601@gmail.com
e-Mail enviado a juan@pallerano.cl
e-Mail enviado a charlys@live.com
e-Mail enviado a barzana@um.es
e-Mail enviado a power3@gmail.com
e-Mail enviado a migrante@igijon.com
e-Mail enviado a tokyoupdate@gmail.com
e-Mail enviado a delapipol@terra.es
e-Mail enviado a bcarreras@gmail.com
e-Mail enviado a ll_loles@yahoo.com
e-Mail enviado a ga.andres@gmail.com
e-Mail enviado a petitjoy@gmail.com
e-Mail enviado a javiexpres@gmail.com
e-Mail enviado a fherher@canariastelecom.com
e-Mail enviado a aramac@gmail.com
e-Mail enviado a lu.riku@gmail.com
e-Mail enviado a dcarrero@ferca.com
e-Mail enviado a jaime@jaimeayala.com
e-Mail enviado a tamvilvil@gmail.com
e-Mail enviado a aurelio.valdivieso@gmail.com
e-Mail enviado a gogimer@tut.by
e-Mail enviado a cronopiesca@gmail.com
e-Mail enviado a minilobo@gmail.com
e-Mail enviado a imeil@iespana.es
e-Mail enviado a josemague@gmail.com
e-Mail enviado a ancabalaj@gmail.com
e-Mail enviado a willybistuer@yahoo.es
e-Mail enviado a konechorro@gmail.com
e-Mail enviado a footballspeech@yahoo.es
e-Mail enviado a akilespan@gmail.com
e-Mail enviado a ironfdez@hotmail.com
e-Mail enviado a hulius@gmail.com
e-Mail enviado a jmbarcena@gmail.com
e-Mail enviado a ahram65@gmail.com
e-Mail enviado a jaimesanchez@gmail.com
e-Mail enviado a admin@macropolis.org
e-Mail enviado a rondador0cuentas@gmail.com
e-Mail enviado a trancos123@gmail.com
e-Mail enviado a diroco@gmail.com
e-Mail enviado a infobadoc@gmail.com
e-Mail enviado a jose.l.pastor@gmail.com
e-Mail enviado a jm_alonsos@yahoo.com
e-Mail enviado a pablo.blt@gmail.com
e-Mail enviado a borre65@hotmail.com
e-Mail enviado a borja.esteban@gmail.com
e-Mail enviado a jmarol@gmail.com
e-Mail enviado a urban2010@yahoo.com.mx
e-Mail enviado a jochase@gmail.com
e-Mail enviado a alberto.reynolds@gmail.com
e-Mail enviado a ruymtb@gmail.com
e-Mail enviado a shotgunbluesadmin@gmail.com
e-Mail enviado a betic0@gmail.com
e-Mail enviado a aranda.jj@gmail.com
e-Mail enviado a paio_yo@teleline.es
e-Mail enviado a revosoft@gmail.com
e-Mail enviado a etelos@hotmail.com
e-Mail enviado a akane.mfm@gmail.com
e-Mail enviado a casnmo@gmail.com
e-Mail enviado a gdguerrero@gmail.com
e-Mail enviado a akane_mfm@hotmail.com
e-Mail enviado a fernandosruiz@gmail.com
e-Mail enviado a raul.grijalva@hotmail.com
e-Mail enviado a luis@yafray.org
e-Mail enviado a xavi.xavi@gmail.com
e-Mail enviado a mente.olives@gmail.com
e-Mail enviado a nani.fernandez@gmail.com
e-Mail enviado a crash_overrayd@hotmail.com
e-Mail enviado a jaleon@gmail.com
e-Mail enviado a serni@serni.net
e-Mail enviado a holy.slayer@gmail.com
e-Mail enviado a karbagge@gmail.com
e-Mail enviado a alnaivens@gmail.com
e-Mail enviado a marcialgalvan@gmail.com
e-Mail enviado a renegm@gmail.com
e-Mail enviado a daniel.olmos@gmail.com
e-Mail enviado a nimind@gmail.com
e-Mail enviado a mfjp.mail@gmail.com
e-Mail enviado a unjoan.qualsevol@gmail.com
e-Mail enviado a zhurdi@hotmail.com
e-Mail enviado a tacometrico@gmail.com
e-Mail enviado a javier.quiros@gmail.com
e-Mail enviado a joaquin.rey@gmail.com
e-Mail enviado a xelloss1012@gmail.com
e-Mail enviado a m_safont@yahoo.es
e-Mail enviado a txebas@hotmail.com
e-Mail enviado a el.luna@gmail.com
e-Mail enviado a afrosatan@gmail.com
e-Mail enviado a igor.hernandez@gmail.com
e-Mail enviado a listas@vvadelpardillo.com
e-Mail enviado a elochan@gmail.com
e-Mail enviado a tregulez@hotmail.com
e-Mail enviado a sospechosos@gmail.com
e-Mail enviado a galonso@hormiconsa.es
e-Mail enviado a bokubu_003@hotmail.com
e-Mail enviado a fer.baguena@gmail.com
e-Mail enviado a canrodri@wanadoo.es
e-Mail enviado a jdbenitez@gmail.com
e-Mail enviado a mrsiir@gmail.com
e-Mail enviado a vdaigu@gmail.com
e-Mail enviado a makapillo@gmail.com
e-Mail enviado a esbroma@gmail.com
e-Mail enviado a massadepa@gmail.com
e-Mail enviado a chachon@gmail.com
e-Mail enviado a annaingles@gmail.com
e-Mail enviado a mavi@lasalvacion.net
e-Mail enviado a morens13@yahoo.es
e-Mail enviado a sidkortu@gmail.com
e-Mail enviado a sballesteros1@gmail.com
e-Mail enviado a lorenzopv@gmail.com
e-Mail enviado a lluisperezlozano@gmail.com
e-Mail enviado a kadmon@hotmail.com
e-Mail enviado a liteas@gmail.com
e-Mail enviado a mer_jah@yahoo.es
e-Mail enviado a alexgp@ono.com
e-Mail enviado a basura@gallegostronica.com
e-Mail enviado a a.jara.a@gmail.com
e-Mail enviado a sporteamcv@gmail.com
e-Mail enviado a sam@ressaca.org
e-Mail enviado a vinilo44@hotmail.com
e-Mail enviado a mail1510382@bupkiss.net
e-Mail enviado a felmoltor@gmail.com
e-Mail enviado a aguarate@gmail.com
e-Mail enviado a jzb8hdyqy7@mictur8.com
e-Mail enviado a uguibugui@gmail.com
e-Mail enviado a jose.moralo@gmail.com
e-Mail enviado a 7evenforce@gmail.com
e-Mail enviado a doom888@hotmail.com
e-Mail enviado a volaya@ya.com
e-Mail enviado a oscar@montalbo.org
e-Mail enviado a javiermanzano@gmail.com
e-Mail enviado a pollo_klonico@hotmail.com
e-Mail enviado a mani14f@hotmail.com
e-Mail enviado a aingerugomez@gmail.com
e-Mail enviado a cocoloco82@gmail.com
e-Mail enviado a marioraja@gmail.com
e-Mail enviado a la.reina.colmena@gmail.com
e-Mail enviado a mikelodium@gmail.com
e-Mail enviado a sergiobl88@gmail.com
e-Mail enviado a marc.pinyol@gmail.com
e-Mail enviado a dsvcch@trashmail.net
e-Mail enviado a policrates@telefonica.net
e-Mail enviado a joanfusan@gmail.com
e-Mail enviado a carlita_vlc@hotmail.com
e-Mail enviado a scalofrio@ono.com
e-Mail enviado a doctorlivingston@gmail.com
e-Mail enviado a fearzip@gmail.com
e-Mail enviado a jakarrion@gmail.com
e-Mail enviado a gogoigo@gmail.com
e-Mail enviado a unostipos@gmail.com
e-Mail enviado a jamal.marc@gmail.com
e-Mail enviado a aguilera3@gmail.com
e-Mail enviado a gusancar@hotmail.com
e-Mail enviado a stonfree@gmail.com
e-Mail enviado a diegoluisjaramillo@gmail.com
e-Mail enviado a dsv555@gmail.com
e-Mail enviado a pebs74@gmail.com
e-Mail enviado a mianfel@hotmail.com
e-Mail enviado a ob188c@gmail.com
e-Mail enviado a enric89@gmail.com
e-Mail enviado a hugomarquez@gmail.com
e-Mail enviado a perromalo.es@gmail.com
e-Mail enviado a comparte.panedu@gmail.com
e-Mail enviado a spapini@gmail.com
e-Mail enviado a hurior@gmail.com
e-Mail enviado a votojoven@votojoven.es
e-Mail enviado a guerrafco@gmail.com
e-Mail enviado a imonclus@gmail.com
e-Mail enviado a jduran@ono.com
e-Mail enviado a divxitalboy@gmail.com
e-Mail enviado a jpd@grefa.org
e-Mail enviado a totumrevolutum.blog@gmail.com
e-Mail enviado a nemsos@gmail.com
e-Mail enviado a axubix@gmail.com
e-Mail enviado a theeleb@gmail.com
e-Mail enviado a juanmoras@yahoo.es
e-Mail enviado a benjadant@yahoo.es
e-Mail enviado a almosqui@hotmail.com
e-Mail enviado a distronews@gmail.com
e-Mail enviado a marquezlaura06@googlemail.com
e-Mail enviado a javi.mapa@gmail.com
e-Mail enviado a info@telelibrilla.com
e-Mail enviado a amadorgs@hotmail.com
e-Mail enviado a putopaella@gmail.com
e-Mail enviado a hybrydo@gmail.com
e-Mail enviado a jlcubero@gmail.com
e-Mail enviado a oscarbenissa@gmail.com
e-Mail enviado a serge.tarkovski@gmail.com
e-Mail enviado a fodwid@gmail.com
e-Mail enviado a 634443@gmail.com
e-Mail enviado a iosu2ok@hotmail.com
e-Mail enviado a joseantonio.guirado@gmail.com
e-Mail enviado a smurfdad@gmail.com
e-Mail enviado a plvaldes@gmail.com
e-Mail enviado a rubensa@msn.com
e-Mail enviado a pq2son2@yahoo.es
e-Mail enviado a cesarprietoballester@gmail.com
e-Mail enviado a juancarcabuey@gmail.com
e-Mail enviado a fuentearmegil@gmail.com
e-Mail enviado a ianpaicefoz@gmail.com
e-Mail enviado a juanpa615@hotmail.com
e-Mail enviado a enric.madrigal@gmail.com
e-Mail enviado a antoniomartin@gmail.com
e-Mail enviado a itbsoft@gmail.com
e-Mail enviado a benaventej@gmail.com
e-Mail enviado a fplanzer@gmail.com
e-Mail enviado a wel@rockendirecto.com
e-Mail enviado a suevium@gmail.com
e-Mail enviado a tomeuleu@hotmail.com
e-Mail enviado a cabezadenabo@gmail.com
e-Mail enviado a ribe@ribesoftware.com
e-Mail enviado a dodert@gmail.com
e-Mail enviado a soulhunter2@gmail.com
e-Mail enviado a alpeuj@gmail.com
e-Mail enviado a fdiazescribano@gmail.com
e-Mail enviado a yago@villaverdelourido.net
e-Mail enviado a n3m3sis01@gmail.com
e-Mail enviado a iban.vazquez@gmail.com
e-Mail enviado a lenitron@gmail.com
e-Mail enviado a nianmual@gmail.com
e-Mail enviado a ccarccacha@msn.com
e-Mail enviado a japavon@peeweez.net
e-Mail enviado a sindrome.diogenes@gmail.com
e-Mail enviado a hippysalamanca@gmail.com
e-Mail enviado a bass@josealberto.org
e-Mail enviado a orgackz@hotmail.com
e-Mail enviado a rben1551@yahoo.es
e-Mail enviado a klifffor@gmail.com
e-Mail enviado a p72pacav@gmail.com
e-Mail enviado a snakusnakusniak@yahoo.es
e-Mail enviado a elements79@hotmail.com
e-Mail enviado a freedomfactor@gmail.com
e-Mail enviado a elements79@gmail.com
e-Mail enviado a dirlivo@gmail.com
e-Mail enviado a pablopm@gmail.com
e-Mail enviado a herrero.m@gmail.com
e-Mail enviado a roberto.santos@hispalinux.es
e-Mail enviado a torcuato@gmail.com
e-Mail enviado a neojordan@gmail.com
e-Mail enviado a fer@canarias.org
e-Mail enviado a juancarlos.romero@gmail.com
e-Mail enviado a feelfreetospamme@gmail.com
e-Mail enviado a littledebian@yahoo.es
e-Mail enviado a althorlaela@gmail.com
e-Mail enviado a rfretuerto@gmail.com
e-Mail enviado a gpc@cosude.org
e-Mail enviado a krlos_gp@yahoo.es
e-Mail enviado a ermejor1055@gmail.com
e-Mail enviado a virtualxmm@gmail.com
e-Mail enviado a ozioko@gmail.com
e-Mail enviado a pluimar@gmail.com
e-Mail enviado a lkurtl@gmail.com
e-Mail enviado a jehuty46@gmail.com
e-Mail enviado a liksee@jamj.org
e-Mail enviado a enfermodevicio@gmail.com
e-Mail enviado a arashi.sensei@gmail.com
e-Mail enviado a spain_ar@hotmail.com
e-Mail enviado a jackepc@gmail.com
e-Mail enviado a antonioluis@gmail.com
e-Mail enviado a xacobo@gmail.com
e-Mail enviado a xsr2@hotmail.com
e-Mail enviado a arleydaza@gmail.com
e-Mail enviado a regdis@yahoo.es
e-Mail enviado a criperworld@yahoo.es
e-Mail enviado a persepole@gmail.com
e-Mail enviado a canellone@gmail.com
e-Mail enviado a pablofnaranjo@gmail.com
e-Mail enviado a erusa_kun@hotmail.com
e-Mail enviado a carlosjulioperez@gmail.com
e-Mail enviado a gonzalo@onzostudio.com
e-Mail enviado a diogocarvalho@gmail.com
e-Mail enviado a fgth@wda.com
e-Mail enviado a rikardogarzon@gmail.com
e-Mail enviado a sergi77@gmail.com
e-Mail enviado a tradublog@gmail.com
e-Mail enviado a the_master_jr@hotmail.com
e-Mail enviado a humberto.salazarpacios@gmail.com
e-Mail enviado a arr.info@gmail.com
e-Mail enviado a alatarcete@gmail.com
e-Mail enviado a carinos.carlos@gmail.com
e-Mail enviado a redalmona@gmail.com
e-Mail enviado a rafagames92@hotmail.com
e-Mail enviado a nmcruz@netcabo.pt
e-Mail enviado a obadiola@gmail.com
e-Mail enviado a sirgonza@hotmail.com
e-Mail enviado a guillem@cantallops.net
e-Mail enviado a masotelof@gmail.com
e-Mail enviado a capileiratic@gmail.com
e-Mail enviado a histeriaindark@gmail.com
e-Mail enviado a centrate@gmail.com
e-Mail enviado a info@otakuniverse.com
e-Mail enviado a jesusmadrid4@yahoo.es
e-Mail enviado a w00t.xy@gmail.com
e-Mail enviado a louis17acustico@hotmail.com
e-Mail enviado a corrius@gmail.com
e-Mail enviado a cvelascof@gmail.com
e-Mail enviado a daniehgn@gmail.com
e-Mail enviado a caminatas3@hotmail.com
e-Mail enviado a e.minguez@gmail.com
e-Mail enviado a kilaine3000@hotmail.com
e-Mail enviado a talorda@gmail.com
e-Mail enviado a egudon@gmail.com
e-Mail enviado a xmedos@gmail.com
e-Mail enviado a prettygirl_20_spain@yahoo.es
e-Mail enviado a paxtillero@hotmail.com
e-Mail enviado a neregauzak@gmail.com
e-Mail enviado a encarnegin@gmail.com
e-Mail enviado a mena_pablito@hotmail.com
e-Mail enviado a blogabundo@gmail.com
e-Mail enviado a sergiocores@hotmail.com
e-Mail enviado a jm_gonzaga@hotmail.com
e-Mail enviado a cente84h@yahoo.com.ar
e-Mail enviado a egoitza@gmail.com
e-Mail enviado a lgonzale@platea.pntic.mec.es
e-Mail enviado a te_rahaka@yahoo.es
e-Mail enviado a jisbco@gmail.com
e-Mail enviado a luisgonzalez.luis@gmail.com
e-Mail enviado a aparicioea@hotmail.com
e-Mail enviado a bulfaiter@gmail.com
e-Mail enviado a zaforas@gmail.com
e-Mail enviado a elcobradorx@yahoo.es
e-Mail enviado a m040601@yahoo.com
e-Mail enviado a xtrogiba@gmail.com
e-Mail enviado a sergimd@gmail.com
e-Mail enviado a cartetai@gmail.com
e-Mail enviado a julianlm@gmail.com
e-Mail enviado a juancarloscmf@gmail.com
e-Mail enviado a pbl.snchz@gmail.com
e-Mail enviado a davidwuzhang@yahoo.es
e-Mail enviado a dubidu98@hotmail.com
e-Mail enviado a msvalverde@gmail.com
e-Mail enviado a danifergo_@hotmail.com
e-Mail enviado a german.laser@gmail.com
e-Mail enviado a oscarva@gmail.com
e-Mail enviado a pepequique123@yahoo.es
e-Mail enviado a sereuca@gmail.com
e-Mail enviado a antonio.becerra@gmail.com
e-Mail enviado a krahsin@gmail.com
e-Mail enviado a linkercl@gmail.com
e-Mail enviado a ajer22@yahoo.es
e-Mail enviado a raul@adlead.com
e-Mail enviado a mruiz.blanco@gmail.com
e-Mail enviado a baltolkien@gmail.com
e-Mail enviado a sergimd@hotmail.com
e-Mail enviado a juandiego1983@gmail.com
e-Mail enviado a elfantito@gmail.com
e-Mail enviado a kepassatio@tiscali.es
e-Mail enviado a vitocru@gmail.com
e-Mail enviado a zunbado@altctrlsupr.net
e-Mail enviado a mynameis_tylerdurden@hotmail.com
e-Mail enviado a lermit@yahoo.com
e-Mail enviado a esfumado@gmail.com
e-Mail enviado a juanarmentia@gmail.com
e-Mail enviado a gade.tenfe@gmail.com
e-Mail enviado a rotialweb@yahoo.es
e-Mail enviado a juanmari@castrocid.com
e-Mail enviado a kin_flash@yahoo.es
e-Mail enviado a rulmalder@gmail.com
e-Mail enviado a pabloale@hotmail.com
e-Mail enviado a teox777@gmail.com
e-Mail enviado a eduardohrz@gmail.com
e-Mail enviado a sebastian.vallejoc@gmail.com
e-Mail enviado a hac.in.hora@gmail.com
e-Mail enviado a edder.rojas@gmail.com
e-Mail enviado a vgserrano@gmail.com
e-Mail enviado a javierdurom@gmail.com
e-Mail enviado a arturo.alee@gmail.com
e-Mail enviado a info@muadiv.com.ar
e-Mail enviado a ruidoweb@hotmail.com
e-Mail enviado a thinway.regs@gmail.com
e-Mail enviado a clon89@gmail.com
e-Mail enviado a felipe22@gmail.com
e-Mail enviado a mati86_dl@yahoo.com.ar
e-Mail enviado a manuelfragacastro@gmail.com
e-Mail enviado a pieterpaul@yahoo.com
e-Mail enviado a muzzol@gmail.com
e-Mail enviado a nosoyantix@msn.com
e-Mail enviado a neox32000@yahoo.com.mx
e-Mail enviado a manuel.ortiz.rodriguez@gmail.com
e-Mail enviado a torino0000@gmail.com
e-Mail enviado a selbrain@gmail.com
e-Mail enviado a merovintgio@hotmail.com
e-Mail enviado a jofelrup@gmail.com
e-Mail enviado a carlosd.marino@gmail.com
e-Mail enviado a poperbu@gmail.com
e-Mail enviado a cfranulic@og.cl
e-Mail enviado a afelipe.listas@gmail.com
e-Mail enviado a antoniosalgado@gmail.com
e-Mail enviado a metalsoft@starmedia.com
e-Mail enviado a etweb@yahoo.com
e-Mail enviado a kaluna@gmail.com
e-Mail enviado a xancadaval@gmail.com
e-Mail enviado a correuxyz@gmail.com
e-Mail enviado a mentalware@gmail.com
e-Mail enviado a m220@spaml.com
e-Mail enviado a mikechapel@gmail.com
e-Mail enviado a alfredo.valles@gmail.com
e-Mail enviado a carlpedo@hotmail.com
e-Mail enviado a coco@coco.com
e-Mail enviado a pepebotellas@gmail.com
e-Mail enviado a karliky@gmail.com
e-Mail enviado a duckman.666@gmail.com
e-Mail enviado a melon.diesel@gmail.com
e-Mail enviado a michinho@gmail.com
e-Mail enviado a josuethe@yahoo.com
e-Mail enviado a kemura@gmail.com
e-Mail enviado a dejitaru@gmail.com
e-Mail enviado a sergiozzzu@hotmail.com
e-Mail enviado a coldmeat@gmail.com
e-Mail enviado a linuxuario@gmail.com
e-Mail enviado a prosquitecto@gmail.com
e-Mail enviado a amatute@intermundial.es
e-Mail enviado a lynksee.kezmanu@spamgourmet.com
e-Mail enviado a hoskar@bigfoot.com
e-Mail enviado a viko@pobladores.com
e-Mail enviado a cruelenemigo@gmail.com
e-Mail enviado a raiden32@gmail.com
e-Mail enviado a emiliopm@gmail.com
e-Mail enviado a nicolasel77@gmail.com
e-Mail enviado a jfn131@hotmail.com
e-Mail enviado a tomoa1@gmail.com
e-Mail enviado a rafaca33@yahoo.es
e-Mail enviado a axold07@gmail.com
e-Mail enviado a perik1979@gmail.com
e-Mail enviado a mosneacs00@gmail.com
e-Mail enviado a kepa10@hotmail.com
e-Mail enviado a imagoteca@gmail.com
e-Mail enviado a cmartinell@telefonica.net
e-Mail enviado a leopoldo.deleon@gmail.com
e-Mail enviado a leopoldo.deleon@delphosoft.com
e-Mail enviado a vik_tor_res@yahoo.com
e-Mail enviado a bgamaro80@gmail.com
e-Mail enviado a r_jander@yahoo.com
e-Mail enviado a riveck@gmail.com
e-Mail enviado a pcastrog@gmail.com
e-Mail enviado a paufont@gmail.com
e-Mail enviado a piratednetwork@gmail.com
e-Mail enviado a enriquem@adinet.com.uy
e-Mail enviado a ryujin.folken@gmail.com
e-Mail enviado a comotxola@gmail.com
e-Mail enviado a edgarpascacio@gmail.com
e-Mail enviado a fili.cd@gmail.com
e-Mail enviado a lynksee@galponartes.com.ar
e-Mail enviado a dalvarez@starlinux.net
e-Mail enviado a kampyacr@hotmail.com
e-Mail enviado a eduwilliam@hotmail.com
e-Mail enviado a kenobimanu@terra.es
e-Mail enviado a ngt34@hotmail.com
e-Mail enviado a hnromo@gmail.com
e-Mail enviado a michel2012@gmail.com
e-Mail enviado a sousa.daniela@gmail.com
e-Mail enviado a maniacpc@gmail.com
e-Mail enviado a xoubanet@gmail.com
e-Mail enviado a sanchopanzablog@gmail.com
e-Mail enviado a dadotres@terra.es
e-Mail enviado a oscarmire@gmail.com
e-Mail enviado a jaasan.lea@gmail.com
e-Mail enviado a arecojavier@yahoo.com
e-Mail enviado a arian@jad.es
e-Mail enviado a rafa_el_kings@hotmail.com
e-Mail enviado a anuirpowell@gmail.com
e-Mail enviado a jdzine@gmail.com
e-Mail enviado a knonux@gmail.com
e-Mail enviado a saridonia@yahoo.es
e-Mail enviado a raulgarena@gmail.com
e-Mail enviado a elcorreodefelix@gmail.com
e-Mail enviado a carakan@gmail.com
e-Mail enviado a fergui@gmail.com
e-Mail enviado a shawe.ewahs@gmail.com
e-Mail enviado a danielmartinezsepulveda@yahoo.es
e-Mail enviado a zeusolimpo@fastmail.fm
e-Mail enviado a almacenamientodv@gmail.com
e-Mail enviado a jomer@alumni.uv.es
e-Mail enviado a zeeek60@gmail.com
e-Mail enviado a jacintosan@gmail.com
e-Mail enviado a arielcamino@gmail.com
e-Mail enviado a belentt@gmail.com
e-Mail enviado a ikel8@hotmail.com
e-Mail enviado a n.aesux@gmail.com
e-Mail enviado a odeb2608@gmail.com
e-Mail enviado a pinaton@gmail.com
e-Mail enviado a fantasticmit@hotmail.com
e-Mail enviado a ricalue@ciudad.com.ar
e-Mail enviado a yomero_yomero@hotmail.com
e-Mail enviado a efit@3xl.net
e-Mail enviado a valmont.80@gmail.com
e-Mail enviado a mntata@gmail.com
e-Mail enviado a plantanabos@gmail.com
e-Mail enviado a markuzodin@gmail.com
e-Mail enviado a vitrinho@telepolis.com
e-Mail enviado a lopezmartinasesores@yahoo.es
e-Mail enviado a dlshome_yo@hotmail.com
e-Mail enviado a juanchasp@gmail.com
e-Mail enviado a maninoeldelbafle@yahoo.es
e-Mail enviado a chema@mail.com
e-Mail enviado a oscargoya_1991@hotmail.com
e-Mail enviado a guillemades@gmail.com
e-Mail enviado a carlos.marin@gmail.com
e-Mail enviado a silenthades@gmail.com
e-Mail enviado a eresjavi@hotmail.com
e-Mail enviado a doctorkripton@gmail.com
e-Mail enviado a angelopezc@gmail.com
e-Mail enviado a jelkogar@gmail.com
e-Mail enviado a m.charriere@gmail.com
e-Mail enviado a massimosapia@gmail.com
e-Mail enviado a admin@teatrosdemardel.com.ar
e-Mail enviado a triskeltux@gmail.com
e-Mail enviado a lemon@canuda.net
e-Mail enviado a murcianica77@hotmail.com
e-Mail enviado a javiermarol14@hotmail.com
e-Mail enviado a eskorpio@gmail.com
e-Mail enviado a ematamala@msoluciones.cl
e-Mail enviado a el_fiera_ogame@hotmail.com
e-Mail enviado a jlcebollada@gmail.com
e-Mail enviado a gmoya81@gmail.com
e-Mail enviado a axel@paskola.com
e-Mail enviado a cubiviman@gmail.com
e-Mail enviado a caineju@gmail.com
e-Mail enviado a sherpa_74@yahoo.com
e-Mail enviado a belaljimez@gmail.com
e-Mail enviado a nekolan@gmail.com
e-Mail enviado a kapirex@gmail.com
e-Mail enviado a danielvak@gmail.com
e-Mail enviado a eckelon@gmail.com
e-Mail enviado a juanluber35@hotmail.com
e-Mail enviado a ivanvx@hotmail.com
e-Mail enviado a serpini@gmail.com
e-Mail enviado a silviaalejandra@gmail.com
e-Mail enviado a elpayasopogo@hotmail.com
e-Mail enviado a eballah@gmail.com
e-Mail enviado a marcos.cifuentes@gmail.com
e-Mail enviado a lalcaraz@gmail.com
e-Mail enviado a pdazagarcia@gmail.com
e-Mail enviado a no_me_a_cuerdo@yahoo.es
e-Mail enviado a rafaelf@telefonica.net
e-Mail enviado a nashmerville@gmail.com
e-Mail enviado a ciberskuark@gmail.com
e-Mail enviado a verderi@gmail.com
e-Mail enviado a infomiguel@yahoo.com
e-Mail enviado a jalaja@hispavista.com
e-Mail enviado a gcgcggcc@gmail.com
e-Mail enviado a juanpare@gmail.com
e-Mail enviado a mrpetah@gmail.com
e-Mail enviado a jrodmar@terra.es
e-Mail enviado a robertet1@robertet1.com
e-Mail enviado a manada.sscc@gmail.com
e-Mail enviado a josece@gmail.com
e-Mail enviado a logan306@gmail.com
e-Mail enviado a thomas@eduquipa.com
e-Mail enviado a cookuwei@hotmail.com
e-Mail enviado a neoyagami@gmail.com
e-Mail enviado a jiajouster@gmail.com
e-Mail enviado a tutocarrasco@gmail.com
e-Mail enviado a daniel.yogui@gmail.com
e-Mail enviado a leugim.lara@gmail.com
e-Mail enviado a rrescobar@yahoo.com
e-Mail enviado a pecesama@hotmail.com
e-Mail enviado a vbracco@gmail.com
e-Mail enviado a pengbone@gmail.com
e-Mail enviado a zhangshuren@gmail.com
e-Mail enviado a highdog@gmail.com
e-Mail enviado a rustov@gmail.com
e-Mail enviado a zhesto@gmail.com
e-Mail enviado a royhomar@hotmail.com
e-Mail enviado a ideando@gmail.com
e-Mail enviado a ruizone@gmail.com
e-Mail enviado a zombie007@gmail.com
e-Mail enviado a edwardcastellon@yahoo.com
e-Mail enviado a 3289hedfwh@163.com
e-Mail enviado a adrian.bonas@gmail.com
e-Mail enviado a naz.hack@gmail.com
e-Mail enviado a luckypoem@gmail.com
e-Mail enviado a acuariuz@gmail.com
e-Mail enviado a watersound@gmail.com
e-Mail enviado a yoyinut@hotmail.com
e-Mail enviado a rainofchaos@gmail.com
e-Mail enviado a sun007002@gmail.com
e-Mail enviado a mybach@21cn.com
e-Mail enviado a yangxiao9901@126.com
e-Mail enviado a jmsv789@gmail.com
e-Mail enviado a hepin1989@gmail.com
e-Mail enviado a oafernandez@gmail.com
e-Mail enviado a reg@bloghut.net
e-Mail enviado a im@eval.cn
e-Mail enviado a rm0822@gmail.com
e-Mail enviado a spongewen@laszlomail.com
e-Mail enviado a 56958304@qq.com
e-Mail enviado a carffuca@gmail.com
e-Mail enviado a kiss.cheney@gmail.com
e-Mail enviado a wangyiguo@gmail.com
e-Mail enviado a liusongjiang@gmail.com
e-Mail enviado a kadesner@hotmail.com
e-Mail enviado a jbenito@peru.com
e-Mail enviado a adriaprades@gmail.com
e-Mail enviado a citoma@gmail.com
e-Mail enviado a elbotxo@gmail.com
e-Mail enviado a lipemunoz@gmail.com
e-Mail enviado a xoxemon@terra.es
e-Mail enviado a lumbanico@gmail.com
e-Mail enviado a cuentasregs@yahoo.es
e-Mail enviado a manboo.info@gmail.com
e-Mail enviado a risandres@gmail.com
e-Mail enviado a giga_nova@hotmail.com
e-Mail enviado a dodoing@gmail.com
e-Mail enviado a rufetalmogaver@gmail.com
e-Mail enviado a fmartinez@tarragona.cat
e-Mail enviado a chemahoyos@gmail.com
e-Mail enviado a kevingzo@live.com
e-Mail enviado a try2oo7@126.com
e-Mail enviado a jmascaro@imcar.com
e-Mail enviado a alejandroweb@gmail.com
e-Mail enviado a arnews@gmail.com
e-Mail enviado a jolteonbasura@gmail.com
e-Mail enviado a chiny_7777@yahoo.es
e-Mail enviado a marc_pp@hotmail.com
e-Mail enviado a franeirin@terra.es
e-Mail enviado a koloraro@gmail.com
e-Mail enviado a pepipema@gmail.com
e-Mail enviado a barru1@wanadoo.es
e-Mail enviado a dadaoli@188.com
e-Mail enviado a geaplanet@yahoo.es
e-Mail enviado a zhangli.yn@gmail.com
e-Mail enviado a anjiazailiuhe2001@yahoo.com.cn
e-Mail enviado a iamcoii@gmail.com
e-Mail enviado a sebosin@gmail.com
e-Mail enviado a mag.bcn@gmail.com
e-Mail enviado a mfox10@gmail.com
e-Mail enviado a miguelbuenocobos@gmail.com
e-Mail enviado a gtrias@gmail.com
e-Mail enviado a hmarroyo@gmail.com
e-Mail enviado a dolpintor@gmail.com
e-Mail enviado a fharo@sage.es
e-Mail enviado a jokyjolly@hotmail.com
e-Mail enviado a robinham@gmail.com
e-Mail enviado a hongxiaowan@gmail.com
e-Mail enviado a lypdarling@gmail.com
e-Mail enviado a zifer66@gmail.com
e-Mail enviado a jaume.balaguer.montes@gmail.com
e-Mail enviado a manzagato@gmail.com
e-Mail enviado a kracia@lamalla.net
e-Mail enviado a rlilloy@telefonica.net
e-Mail enviado a fanchw@gmail.com
e-Mail enviado a wang.three@gmail.com
e-Mail enviado a enraged@gmail.com
e-Mail enviado a hufengyang@gmail.com
e-Mail enviado a vincentme@gmail.com
e-Mail enviado a carlesmu@internautas.org
e-Mail enviado a erne_md@yahoo.fr
e-Mail enviado a zhuzongqian@gmail.com
e-Mail enviado a jdurany@gmail.com
e-Mail enviado a emo@arrakis.es
e-Mail enviado a bytecode@gmail.com
e-Mail enviado a domov@126.com
e-Mail enviado a pwneame@gmail.com
e-Mail enviado a nomegustaelspam@gmail.com
e-Mail enviado a ini_autumn@163.com
e-Mail enviado a afmmaker@gmail.com
e-Mail enviado a jmariscal@gmail.com
e-Mail enviado a nacho.exr@gmail.com
e-Mail enviado a heavenlaughter@gmail.com
e-Mail enviado a moonspring@gmail.com
e-Mail enviado a adriansurtyelectric@gmail.com
e-Mail enviado a halonso@mediamatecomunicacion.com
e-Mail enviado a basoilarra@hotmail.com
e-Mail enviado a mail1521186@bupkiss.net
e-Mail enviado a heracles.621@gmail.com
e-Mail enviado a lcastano2005@gmail.com
e-Mail enviado a pelegri42@yahoo.com
e-Mail enviado a larefinitiva@gmail.com
e-Mail enviado a nachocarril@gmail.com
e-Mail enviado a boww.ts@gmail.com
e-Mail enviado a vnanock@gmail.com
e-Mail enviado a dimlau@gmail.com
e-Mail enviado a showmanchoyin@gmail.com
e-Mail enviado a zibergela@gmail.com
e-Mail enviado a azelath@gmail.com
e-Mail enviado a manoloohara@myway.com
e-Mail enviado a luisjaime84@gmail.com
e-Mail enviado a dojocordoba@gmail.com
e-Mail enviado a onofre.rulez@gmail.com
e-Mail enviado a myhuipk@gmail.com
e-Mail enviado a zetero@gmail.com
e-Mail enviado a immikko@gmail.com
e-Mail enviado a jtorrecilla@gmail.com
e-Mail enviado a tenderodigital@gmail.com
e-Mail enviado a cqxben@gmail.com
e-Mail enviado a peaso@mencey.net
e-Mail enviado a smilingpoplar@gmail.com
e-Mail enviado a artees@artees.com.ar
e-Mail enviado a liubinjob@gmail.com
e-Mail enviado a jipcgr@gmail.com
e-Mail enviado a miguel_romero86@hotmail.com
e-Mail enviado a demofilo.vizuete@gmail.com
e-Mail enviado a woody_tang@hotmail.com
e-Mail enviado a mijakito@yahoo.es
e-Mail enviado a hanoy69@gmail.com
e-Mail enviado a ciber_ciber07@yahoo.es
e-Mail enviado a fjdeveloper@gmail.com
e-Mail enviado a david.chenfuwei@gmail.com
e-Mail enviado a jossalcas@gmail.com
e-Mail enviado a jose87montilla@gmail.com
e-Mail enviado a joseenriq@gmail.com
e-Mail enviado a carolis.dg@gmail.com
e-Mail enviado a tolito@gmail.com
e-Mail enviado a permalac@gmail.com
e-Mail enviado a manelgp@gmail.com
e-Mail enviado a pakyko@gmail.com
e-Mail enviado a advancedsound@gmail.com
e-Mail enviado a meli_548@hotmail.com
e-Mail enviado a keroro@126.com
e-Mail enviado a melijaime@gmail.com
e-Mail enviado a torkhia@hotmail.com
e-Mail enviado a ingrid.chan26@gmail.com
e-Mail enviado a jim@darao.com
e-Mail enviado a joc@live.com
e-Mail enviado a mod.felino@gmail.com
e-Mail enviado a quientehapreguntado@hotmail.com
e-Mail enviado a felix.anadon@gmail.com
e-Mail enviado a iosutron@gmail.com
e-Mail enviado a acosdetelebaris@yahoo.es
e-Mail enviado a walter-345@hotmail.com
e-Mail enviado a glass605@gmail.com
e-Mail enviado a carlitoshernandez@gmail.com
e-Mail enviado a chabii@hotmail.com
e-Mail enviado a tapagaja@gmail.com
e-Mail enviado a zpg7asi@gmail.com
e-Mail enviado a pituhdo@hotmail.com
e-Mail enviado a robertosanchez@telefonica.net
e-Mail enviado a pappezzato@gmail.com
e-Mail enviado a carmoicast@gmail.com
e-Mail enviado a diego_lambda@hotmail.com
e-Mail enviado a journeyboy@gmail.com
e-Mail enviado a dologij@yahoo.es
e-Mail enviado a riderr@hotmail.it
e-Mail enviado a davidbgz@gmail.com
e-Mail enviado a inigo.listas@gmail.com
e-Mail enviado a cinthmar6@gmail.com
e-Mail enviado a arnoldobr@gmail.com
e-Mail enviado a natalia.visalli@gmail.com
e-Mail enviado a medcl@qq.com
e-Mail enviado a marc.morata.fite@gmail.com
e-Mail enviado a drella82@gmail.com
e-Mail enviado a lcmiguel@gmail.com
e-Mail enviado a walter.osoria@gmail.com
e-Mail enviado a lynksee@olameu.com
e-Mail enviado a fbeepe.r@gmail.com
e-Mail enviado a anna_vega_carrillo@hotmail.com
e-Mail enviado a fotosveta@gmail.com
e-Mail enviado a ofernandezberrios@yahoo.es
e-Mail enviado a seres.idiotas.de.argentina@gmail.com
e-Mail enviado a trai25@gmail.com
e-Mail enviado a csanchez8@gmail.com
e-Mail enviado a idris.cp@gmail.com
e-Mail enviado a anuncios@infocampus.es
e-Mail enviado a progresista@gmail.com
e-Mail enviado a theghostcrow@hotmail.com
e-Mail enviado a fcojgomezsa@telefonica.net
e-Mail enviado a salvi.diaz@gmail.com
e-Mail enviado a lulamo@gmail.com
e-Mail enviado a dptoinformatico@cebanc.com
e-Mail enviado a miguelangel.fd@gmail.com
e-Mail enviado a dsayago@gmail.com
e-Mail enviado a proteinic@gmail.com
e-Mail enviado a dagovaster@gmail.com
e-Mail enviado a risk.zero@gmail.com
e-Mail enviado a fernando.garca@gmail.com
e-Mail enviado a salomonemarcos@hotmail.com
e-Mail enviado a acer5502@gmail.com
e-Mail enviado a pastor25@mixmail.com
e-Mail enviado a adrian_iz@hotmail.com
e-Mail enviado a 00.sxr.00@gmail.com
e-Mail enviado a isaias@informaticalogos.com.ar
e-Mail enviado a dpm022@gmail.com
e-Mail enviado a tkd.inbox@gmail.com
e-Mail enviado a angel_grimaldoma@hotmail.com
e-Mail enviado a andy.hickl@gmail.com
e-Mail enviado a joaquin.bravo@gmail.com
e-Mail enviado a assessor@mail.com
e-Mail enviado a nadiafank@gmail.com
e-Mail enviado a caralbornozc@gmail.com
e-Mail enviado a phevia@gmail.com
e-Mail enviado a ivchiga@gmail.com
e-Mail enviado a equintan@teleline.es
e-Mail enviado a jofralogo@gmail.com
e-Mail enviado a moxol8@hotmail.com
e-Mail enviado a carlos.wyvern@gmail.com
e-Mail enviado a mail@ccoio.com
e-Mail enviado a willin32@gmail.com
e-Mail enviado a rafael.garrido@secuoyas.com
e-Mail enviado a el20decadames@hotmail.com
e-Mail enviado a angelitodiablito@hotmail.com
e-Mail enviado a pabusa@gmail.com
e-Mail enviado a meisel@live.com
e-Mail enviado a kerosen.cl@gmail.com
e-Mail enviado a moraxnet@hotmail.com
e-Mail enviado a gusanoiv@hotmail.com
e-Mail enviado a fraktal_23@yahoo.es
e-Mail enviado a elmaguitodelmal777@hotmail.com
e-Mail enviado a bolivarzuiga@gmail.com
e-Mail enviado a oscar.illescas@gmail.com
e-Mail enviado a mail1527153@bupkiss.net
e-Mail enviado a percygir@hotmail.com
e-Mail enviado a asasha94@hotmail.com
e-Mail enviado a hagaclick@gmail.com
e-Mail enviado a efedepe67@gmail.com
e-Mail enviado a ryouma@gmail.com
e-Mail enviado a sambodhi@gmail.com
e-Mail enviado a 69585219@qq.com
e-Mail enviado a ruoning@gmail.com
e-Mail enviado a mailmarbu@gmail.com
e-Mail enviado a juan.omario@gmail.com
e-Mail enviado a coven.name@gmail.com
e-Mail enviado a lsepulve30@hotmail.com
e-Mail enviado a bletlejuice_oz@hotmail.com
e-Mail enviado a sc0328@gmail.com
e-Mail enviado a droig@educ.ar
e-Mail enviado a masonjie@sina.com
e-Mail enviado a humanlot@gmail.com
e-Mail enviado a ashchan@gmail.com
e-Mail enviado a www.avrilesnehyder@hotmail.com
e-Mail enviado a wangyooo@gmail.com
e-Mail enviado a ceguiche@hotmail.com
e-Mail enviado a qsc_mm@163.com
e-Mail enviado a sonyxp_sxr@hotmail.com
e-Mail enviado a rodmera@gmail.com
e-Mail enviado a blu2rr@yahoo.com.cn
e-Mail enviado a freedom85210@yahoo.com.cn
e-Mail enviado a jumaca@gmail.com
e-Mail enviado a charlinux@gmail.com
e-Mail enviado a tianying.cai@gmail.com
e-Mail enviado a kotecinho@gmail.com
e-Mail enviado a dmtmi@126.com
e-Mail enviado a posteandomagic5@gmail.com
e-Mail enviado a leevil_baby@hotmail.com
e-Mail enviado a pulso606@hotmail.com
e-Mail enviado a miguel.g.cuevas@gmail.com
e-Mail enviado a hipsilon@gmail.com
e-Mail enviado a xiaosheng8@21cn.com
e-Mail enviado a rafa@inrecom.com
e-Mail enviado a migrante@temporaryinbox.com
e-Mail enviado a asd@asd.com
e-Mail enviado a pachico@gmail.com
e-Mail enviado a fernandoxbd@gmail.com
e-Mail enviado a fall4her@gmail.com
e-Mail enviado a riaga.lamul@gmail.com
e-Mail enviado a marcospozo@vidal.es
e-Mail enviado a dd_engi@yahoo.com.cn
e-Mail enviado a soylarisa@msn.com
e-Mail enviado a fjroca@gmail.com
e-Mail enviado a g33k666@gmail.com
e-Mail enviado a masregistros@yahoo.es
e-Mail enviado a monge.sergio@gmail.com
e-Mail enviado a djpons@gmail.com
e-Mail enviado a tom5526363@tom.com
e-Mail enviado a joivir@yahoo.es
e-Mail enviado a fox6300@163.com
e-Mail enviado a sebastianpardofraga@gmail.com
e-Mail enviado a roninjojoz@gmail.com
e-Mail enviado a jiang.li.ying.china@gmail.com
e-Mail enviado a ignasinacho@gmail.com
e-Mail enviado a michel.lopez.g@gmail.com
e-Mail enviado a mg@probidad.com.ar
e-Mail enviado a garcia.reinaldo@gmail.com
e-Mail enviado a tesela@gmail.com
e-Mail enviado a toni.mateos@gmail.com
e-Mail enviado a dmelop@gmail.com
e-Mail enviado a xvila@tuci.net
e-Mail enviado a lnofal@copetel.com.ar
e-Mail enviado a juanma@laskorainikastola.net
e-Mail enviado a fmedina@gmail.com
e-Mail enviado a j_agustin_b@hotmail.com
e-Mail enviado a swasman@gmail.com
e-Mail enviado a virzen@msn.com
e-Mail enviado a seadrik@gmail.com
e-Mail enviado a hhnnww@gmail.com
e-Mail enviado a alextoc2000@yahoo.com.ar
e-Mail enviado a petu00@gmail.com
e-Mail enviado a stuartdr@gmail.com
e-Mail enviado a djarinsession@gmail.com
e-Mail enviado a gecancino@hotmail.com
e-Mail enviado a sidwhi@gmail.com
e-Mail enviado a benja456@gmail.com
e-Mail enviado a axoquen@mexico.com
e-Mail enviado a rowan.windwhistler@gmail.com
e-Mail enviado a sergiozzzu@gmail.com
e-Mail enviado a a_maneiro@hotmail.com
e-Mail enviado a ando@pro.com
e-Mail enviado a komaetil2001@hotmail.com
e-Mail enviado a zerbitzu@gmail.com
e-Mail enviado a raul@glug.es
e-Mail enviado a jesusinfierno@yahoo.es
e-Mail enviado a vtomasr5@gmail.com
e-Mail enviado a sistemasolar101@gmail.com
e-Mail enviado a diskopix@gmail.com
e-Mail enviado a mauricioformacion@gmail.com
e-Mail enviado a helisocorman@yahoo.es
e-Mail enviado a borjacoqui@msn.com
e-Mail enviado a nelson.borge@gmail.com
e-Mail enviado a neocalderon@gmail.com
e-Mail enviado a fananime_nipon@hotmail.com
e-Mail enviado a siavichay@gmail.com
e-Mail enviado a nosafeforwork@gmail.com
e-Mail enviado a hectorarturoazuz@gmail.com
e-Mail enviado a sfmcor@gmail.com
e-Mail enviado a spike@debian.cl
e-Mail enviado a leonluo@gmail.com
e-Mail enviado a demondhunter@hotmail.com
e-Mail enviado a nocaine@gmail.com
e-Mail enviado a cuentas@duttopr.com
e-Mail enviado a fgpaez@gmail.com
e-Mail enviado a jesusmorales.cruz_@gmail.com
e-Mail enviado a alberto@verdoy.es
e-Mail enviado a dimsum928-lynksee@yahoo.com
e-Mail enviado a xaranda@gmail.com
e-Mail enviado a sasage@gmail.com
e-Mail enviado a andsarmiento@gmail.com
e-Mail enviado a lesterfibla@gmail.com
e-Mail enviado a rsotovic@gmail.com
e-Mail enviado a mukyman@hotmail.com
e-Mail enviado a bwstudios@gmail.com
e-Mail enviado a edgar_mora_reyes@yahoo.com.mx
e-Mail enviado a foldlr@yahoo.co.jp
e-Mail enviado a m.cigolotti@gmail.com
e-Mail enviado a boronat_miq@gva.es
e-Mail enviado a genomewalker@gmail.com
e-Mail enviado a david_uro@hotmail.com
e-Mail enviado a raulfg@gmail.com
e-Mail enviado a adoptanimal@gmail.com
e-Mail enviado a alepngl@gmail.com
e-Mail enviado a admin@lordmax.org
e-Mail enviado a prueba@mailinator.com
e-Mail enviado a cinehistoria@gmail.com
e-Mail enviado a yhl.cheng@gmail.com
e-Mail enviado a morpheus17.pro@gmail.com
e-Mail enviado a brian.santiago@gmail.com
e-Mail enviado a jasbeem@gmail.com
e-Mail enviado a darcalis@gmail.com
e-Mail enviado a moyaherrero@hotmail.com
e-Mail enviado a algaba1@msn.com
e-Mail enviado a r.andres@euskalnet.net
e-Mail enviado a manuelfernandezpanzuela@gmail.com
e-Mail enviado a pansunyou@gmail.com
e-Mail enviado a manuel.gambin@gmail.com
e-Mail enviado a navarro.adrian@gmail.com
e-Mail enviado a nextsen@gmail.com
e-Mail enviado a isabelhernica@gmail.com
e-Mail enviado a ufoxaki@gmail.com
e-Mail enviado a europhdlabwebmaster@uniroma1.it
e-Mail enviado a franhp@gmail.com
e-Mail enviado a yam@adinet.com.uy
e-Mail enviado a hex@castronet.org
e-Mail enviado a joseenrique.tk+aenb@gmail.com
e-Mail enviado a backupmauri@gmail.com
e-Mail enviado a camilocastano@gmail.com
e-Mail enviado a rta6ster@gmail.com
e-Mail enviado a rodvanegas@gmail.com
e-Mail enviado a iadchoice@163.com
e-Mail enviado a kikuelo@gmail.com
e-Mail enviado a agerak@gmail.com
e-Mail enviado a isaak.arq@gmail.com
e-Mail enviado a gbiosca@xtec.cat
e-Mail enviado a xxxvilleroxxx@yahoo.com
e-Mail enviado a ing.miguelgc@gmail.com
e-Mail enviado a samuele.creuso@tele2.it
e-Mail enviado a wllop@esat.es
e-Mail enviado a pequeno.dormilon@gmail.com
e-Mail enviado a neo_zend@hotmail.com
e-Mail enviado a trosdase@gmail.com
e-Mail enviado a nico.elojo.siempre@gmail.com
e-Mail enviado a algobar@gmail.com
e-Mail enviado a wllop@webnet.es
e-Mail enviado a dinares@gmail.com
e-Mail enviado a isidromontescortes@yahoo.es
e-Mail enviado a pablo@eufemis.com.ar
e-Mail enviado a fikiro@yhoo.com
e-Mail enviado a adam9dz9@gmail.com
e-Mail enviado a castillalibre@gmail.com
e-Mail enviado a yogeehemp@gmail.com
e-Mail enviado a ogshelly@gmail.com
e-Mail enviado a m@rtin.com.ru
e-Mail enviado a floresjav2001@yahoo.com.ar
e-Mail enviado a marcoantonioalvarez@gmail.com
e-Mail enviado a fome_w@yahoo.com.mx
e-Mail enviado a deepyox@gmail.com
e-Mail enviado a el_superbo@yahoo.es
e-Mail enviado a managram@hotmail.com
e-Mail enviado a mariagarcia_d3@hotmail.com
e-Mail enviado a roansatho@gmail.com
e-Mail enviado a danthux@gmail.com
e-Mail enviado a temporal@gmail.com
e-Mail enviado a crower.cod@gmail.com
e-Mail enviado a garethfc@gmail.com
e-Mail enviado a luisfbn@yahoo.com.mx
e-Mail enviado a kamui002@gmail.com
e-Mail enviado a rockerfeler@gmail.com
e-Mail enviado a elchico_filmmaker@hotmail.com
e-Mail enviado a andre_2688@hotmail.com
e-Mail enviado a robertet1@gmail.com
e-Mail enviado a rekoj_rc@yahoo.com
e-Mail enviado a skh.hotpoint@gmail.com
e-Mail enviado a w2kxsnn4q7@spaml.com
e-Mail enviado a neverend@qq.com
e-Mail enviado a dyngo.01@gmail.com
e-Mail enviado a fanting@live.com
e-Mail enviado a kommodin@gmail.com
e-Mail enviado a clariesmusic@yahoo.com
e-Mail enviado a matj850905hcsrrs05@hotmail.com
e-Mail enviado a kashral@hotmail.com
e-Mail enviado a willyvga@gmail.com
e-Mail enviado a tueresyoyel@yahoo.es
e-Mail enviado a juliandavid326@hotmail.com
e-Mail enviado a enriquecs@gmail.com
e-Mail enviado a fisheker@gmail.com
e-Mail enviado a aitor.escauriaza@gmail.com
e-Mail enviado a jordi.llull@gmail.com
e-Mail enviado a tkc@ozu.es
e-Mail enviado a educasoft@yahoo.es
e-Mail enviado a ubecleb@gmail.com
e-Mail enviado a prometeo@pedreno.net
e-Mail enviado a verybadboy_246@hotmail.com
e-Mail enviado a havana_79@hotmail.it
e-Mail enviado a delineas@gmail.com
e-Mail enviado a juanvoltaire@eresmas.com
e-Mail enviado a cicloideo@yahoo.es
e-Mail enviado a daniel@saltilandia.es
e-Mail enviado a ferbocco23@hotmail.com
e-Mail enviado a izquierda@telefonica.net
e-Mail enviado a japer@euskalnet.net
e-Mail enviado a eeshkurty@gmail.com
e-Mail enviado a ataulfo@gmail.com
e-Mail enviado a adolfo_leal@hotmail.com
e-Mail enviado a bueno_m_e@hotmail.com
e-Mail enviado a legionario.del.afecto@gmail.com
e-Mail enviado a jchancafer@gmail.com
e-Mail enviado a ernesto@desse.com.ar
e-Mail enviado a elmusle@gmail.com
e-Mail enviado a contratosyequipos@prodigy.net.mx
e-Mail enviado a tilamilc@hotmail.com
e-Mail enviado a marcro@lliure.eu
e-Mail enviado a cambiemo@cambiemoslausal.com
e-Mail enviado a 2tintas@gmail.com
e-Mail enviado a weballergy@msn.com
e-Mail enviado a bervajan@yahoo.es
e-Mail enviado a queesposidesqu@gmail.com
e-Mail enviado a sergi@ambapara.net
e-Mail enviado a buzonazo@gmail.com
e-Mail enviado a starkmario@gmail.com
e-Mail enviado a alfresitu@gmail.com
e-Mail enviado a lordwellington_caminante@yahoo.es
e-Mail enviado a adolfo_93pk@hotmail.com
e-Mail enviado a econ201@gmail.com
e-Mail enviado a angelcaido666x@gmail.com
e-Mail enviado a lic.guzman@gmail.com
e-Mail enviado a vozjamal@hotmail.com
e-Mail enviado a dmocteo@gmail.com
e-Mail enviado a pedro.f.pareja@gmail.com
e-Mail enviado a sntiago_2008@hotmail.com
e-Mail enviado a pedro.gimenezmontes@gmail.com
e-Mail enviado a zoet13@espora.org
e-Mail enviado a irmorales@yahoo.com
e-Mail enviado a despertandolarepublica@yahoo.com.ar
e-Mail enviado a ongaku_83@yahoo.com
e-Mail enviado a evola32@gmail.com
e-Mail enviado a elsilencioescomplicado@gmail.com
e-Mail enviado a arubio3@yahoo.es
e-Mail enviado a siempreoffline@gmail.com
e-Mail enviado a baiheinet@gmail.com
e-Mail enviado a skdaodao@qq.com
e-Mail enviado a rei2613@gmail.com
e-Mail enviado a jesse@tennis.la
e-Mail enviado a kop@bb.la
e-Mail enviado a bartlevy@gmail.com
e-Mail enviado a bolooo@gmail.com
e-Mail enviado a centromando@hotmail.com
e-Mail enviado a dinocefalo@gmail.com
e-Mail enviado a forohumanista@gmail.com
e-Mail enviado a parkour_tj@hotmail.com
e-Mail enviado a jvictormoreno@corvera.net
e-Mail enviado a jabasi@gmail.com
e-Mail enviado a felola@gmail.com
e-Mail enviado a elchuache@ono.com
e-Mail enviado a onasisblog@gmail.com
e-Mail enviado a moral3jo@gmail.com
e-Mail enviado a mmontero@jccm.es
e-Mail enviado a kantico2005@yahoo.com.ar
e-Mail enviado a jolth@esdebian.org
e-Mail enviado a monique-moran@hotmail.com
e-Mail enviado a isabel.pereyra@gmail.com
e-Mail enviado a bipecora@gmail.com
e-Mail enviado a carglobal@gmail.com
e-Mail enviado a padillano@gmail.com
e-Mail enviado a elmaligno@gmail.com
e-Mail enviado a sergini9384@gmail.com
e-Mail enviado a cvsr1980@gmail.com
e-Mail enviado a javichu_jfa@hotmail.com
e-Mail enviado a felacosa@elcajondelosmisterios.com
e-Mail enviado a compania.sscc@gmail.com
e-Mail enviado a lauramalagarriga@hotmail.com
e-Mail enviado a gdsl.general@gmail.com
e-Mail enviado a gnurpi.general@gmail.com
e-Mail enviado a nelson18flores@gmail.com
e-Mail enviado a sanvega@gmail.com
e-Mail enviado a ecanosoft@yahoo.com.mx
e-Mail enviado a mun2.dalnet@hotmail.com
e-Mail enviado a yobani.hernandez.rivera@gmail.com
e-Mail enviado a ralyma@eresmas.com
e-Mail enviado a pasosalcostado_arg@hotmail.com
e-Mail enviado a xarathur@gmail.com
e-Mail enviado a gjwkenny@gmail.com
e-Mail enviado a atolonbikini@gmail.com
e-Mail enviado a estevez.ignacio@gmail.com
e-Mail enviado a ivan.duher@gmail.com
e-Mail enviado a okaycn@gmail.com
e-Mail enviado a gcasado@correu.escoladeltreball.org
e-Mail enviado a oookook@gmail.com
e-Mail enviado a sonyhq@gmail.com
e-Mail enviado a unaiaia@gmail.com
e-Mail enviado a euskaljakintza@gmail.com
e-Mail enviado a pesandrilla@hotmail.com
e-Mail enviado a doloresff@gmail.com
e-Mail enviado a chilledrecords@hotmail.com
e-Mail enviado a contactame@josegarrido.net
e-Mail enviado a oscarx@gmail.com
e-Mail enviado a wsfooo@gmail.com
e-Mail enviado a framali_lizarraga@hotmail.com
e-Mail enviado a consejofiss@gmail.com
e-Mail enviado a currungeek@yahoo.com
e-Mail enviado a antonio.carrascoso@gmail.com
e-Mail enviado a isaleal2000@yahoo.com
e-Mail enviado a epuedmag@megapc.com.ec
e-Mail enviado a serafinrubio@gmail.com
e-Mail enviado a contraxena@yahoo.es
e-Mail enviado a gboxlan@gmail.com
e-Mail enviado a carlosalonsoras@gmail.com
e-Mail enviado a mianllop@gmail.com
e-Mail enviado a luisgonzalez_luis@yahoo.es
e-Mail enviado a luisglez@worldonline.es
e-Mail enviado a photo.nando@gmail.com
e-Mail enviado a alunarvaez@gmail.com
e-Mail enviado a colapsonervioso@gmail.com
e-Mail enviado a siete_dada@hotmail.com
e-Mail enviado a ingdiesel14@hotmail.com
e-Mail enviado a cuartelsegunda@gmail.com
e-Mail enviado a aitorles@yahoo.es
e-Mail enviado a xolero@msn.com
e-Mail enviado a med@adinet.com.uy
e-Mail enviado a murkito_15@hotmail.com
e-Mail enviado a tiomano2@msn.com
e-Mail enviado a hernan_rs2004@hotmail.com
e-Mail enviado a rluna@platea.pntic.mec.es
e-Mail enviado a kaponato@gmail.com
e-Mail enviado a alehxys@gmail.com
e-Mail enviado a vongiovanniroko@yahoo.com
e-Mail enviado a txikizuri@yahoo.es
e-Mail enviado a rodolfo.alcazar@padep.org.bo
e-Mail enviado a ti.rojo@arsystel.com
e-Mail enviado a glutzky@gmail.com
e-Mail enviado a chocto@gmail.com
e-Mail enviado a carmebarba@gmail.com
e-Mail enviado a alberto.carlos@gmail.com
e-Mail enviado a javcorten@gmail.com
e-Mail enviado a jesusmanuel.mail@gmail.com
e-Mail enviado a rapasos@terra.es
e-Mail enviado a ana.ovando@gmail.com
e-Mail enviado a shinigamia@gmail.com
e-Mail enviado a luixzz@lunasexta.org
e-Mail enviado a faolinion@yahoo.es
e-Mail enviado a cybinbin@21cn.com
e-Mail enviado a fukku.s@gmail.com
e-Mail enviado a alesmv@gmail.com
e-Mail enviado a framrez@gmail.com
e-Mail enviado a alesmv@teleline.es
e-Mail enviado a ana_hdez22@hotmail.com
e-Mail enviado a luisperezcepeda@gmail.com
e-Mail enviado a corrius@hotmail.com
e-Mail enviado a diego.arranz@gmail.com
e-Mail enviado a alxocoop@yahoo.com
e-Mail enviado a antoniogonzalezgarcia@gmail.com
e-Mail enviado a guileg_89@hotmail.com
e-Mail enviado a edgardo.lineros@gmail.com
e-Mail enviado a peraempa@gmail.com
e-Mail enviado a davidpini@gmail.com
e-Mail enviado a chinarrista@gmail.com
e-Mail enviado a elhombreopaco@gmail.com
e-Mail enviado a fer_nanda_549@hotmail.com
e-Mail enviado a cimbeles@gmail.com
e-Mail enviado a acquaflora@gmail.it
e-Mail enviado a toquinho@gmail.com
e-Mail enviado a crafty184@gmail.com
e-Mail enviado a esposito.sandra@gmail.com
e-Mail enviado a aaron_imagen@hotmail.com
e-Mail enviado a barrosol@gmail.com
e-Mail enviado a pablobarrera07@gmail.com
e-Mail enviado a carlosipc@gmail.com
e-Mail enviado a rocktvmm@hotmail.com
e-Mail enviado a agus.ab@gmail.com
e-Mail enviado a laochen.student@gmail.com
e-Mail enviado a jlacalle@jakintza.net
e-Mail enviado a henningsenmyriam@hotmail.com
e-Mail enviado a palomeiko_neska@hotmail.com
e-Mail enviado a almadraba87@gmail.com
e-Mail enviado a anndev@alice.it
e-Mail enviado a jrnavar@gmail.com
e-Mail enviado a almadraba87@mixmail.com
e-Mail enviado a leonardo.galeron@gmail.com
e-Mail enviado a project17@spamcero.com
e-Mail enviado a ferminsb@gmail.com
e-Mail enviado a jnboersner@gmail.com
e-Mail enviado a joanmolar@hotmail.com
e-Mail enviado a ionrei@gmail.com
e-Mail enviado a noizexperience@gmail.com
e-Mail enviado a rigreyes@gmail.com
e-Mail enviado a llamasribera@inicia.es
e-Mail enviado a jtrejo@educa.madrid.org
e-Mail enviado a vato61@hotmail.com
e-Mail enviado a myosse@gmail.com
e-Mail enviado a adios@tempinbox.com
e-Mail enviado a byemancho@yahoo.es
e-Mail enviado a guajho@hotmail.com
e-Mail enviado a augusto97@gmail.com
e-Mail enviado a carloigno@gmail.com
e-Mail enviado a airoti@yahoo.es
e-Mail enviado a miliodemendralejo@gmail.com
e-Mail enviado a nflamel@gmail.com
e-Mail enviado a jjcuadrado@gmail.com
e-Mail enviado a belengilmartinez@hotmail.com
e-Mail enviado a franciscoluza@gmail.com
e-Mail enviado a kafecam@yahoo.com
e-Mail enviado a guimarxp@msn.com
e-Mail enviado a jordi.fontich@gmail.com
e-Mail enviado a liddil2000@yahoo.com
e-Mail enviado a jlrodriguez@estudiantes.uci.cu
e-Mail enviado a atabey.cuba@gmail.com
e-Mail enviado a djfunkinmixer@gmail.com
e-Mail enviado a sauce.b@gmail.com
e-Mail enviado a victor_abrahamt@hotmail.com
e-Mail enviado a rodrigoaveraa@yahoo.es
e-Mail enviado a sepulvedageek@gmail.com
e-Mail enviado a el.mozillero@gmail.com
e-Mail enviado a contactopin@gmail.com
e-Mail enviado a joseantonio.rio@gmail.com
e-Mail enviado a imedia@126.com
e-Mail enviado a didacmarin@gmail.com
e-Mail enviado a tttp@irational.org
e-Mail enviado a mborrame1@dodgeit.com
e-Mail enviado a drinikodra@gmail.com
e-Mail enviado a ferjur@gmail.com
e-Mail enviado a juliobarthe@terra.es
e-Mail enviado a julio.barthe@gmail.com
e-Mail enviado a jbmondeja@gmail.com
e-Mail enviado a joseenrique.tk@gmail.com
e-Mail enviado a enric_mestre@yahoo.es
e-Mail enviado a link.default.tm@gmail.com
e-Mail enviado a curso_capis@yahoo.es
e-Mail enviado a inaki.arrieta@gmail.com
e-Mail enviado a mcacheda@gmail.com
e-Mail enviado a an_gel@telefonica.net
e-Mail enviado a djkos90@hotmail.com
e-Mail enviado a info.diego@gmail.com
e-Mail enviado a makuesencia@gmail.com
e-Mail enviado a arathornx@gmail.com
e-Mail enviado a sergio.insaurralde@gmail.com
e-Mail enviado a nootlink@hotmail.com
e-Mail enviado a festor@gmail.com
e-Mail enviado a hugomazaa@yahoo.com.ar
e-Mail enviado a senorbistek@gmail.com
e-Mail enviado a illasestelas@yahoo.es
e-Mail enviado a jorge.ramiro@gmail.com
e-Mail enviado a robotnet@gmail.com
e-Mail enviado a basura.pepe@gmail.com
e-Mail enviado a felipe.gomez3@gmail.com
e-Mail enviado a erick_526@hotmail.com
e-Mail enviado a rodrigovega@gmail.com
e-Mail enviado a kalel.design@gmail.com
e-Mail enviado a dagorret@gmail.com
e-Mail enviado a enriquejdh@gmail.com
e-Mail enviado a felipe.arriagadaa@alumnos.usm.cl
e-Mail enviado a josepa76@hotmail.com
e-Mail enviado a xlarretxea@axular.ikastola.net
e-Mail enviado a pcuestam@gmail.com
e-Mail enviado a idank76@gmail.com
e-Mail enviado a madrugada@riseup.net
e-Mail enviado a alvaro_verdoy@yahoo.es
e-Mail enviado a jlmarquezg@gmail.com
e-Mail enviado a jorgitobeta@gmail.com
e-Mail enviado a gustavo-cornejo@hotmail.com
e-Mail enviado a felipe@linuxlab.cl
e-Mail enviado a edy_morgoth@hotmail.com
e-Mail enviado a tommy833@gmail.com
e-Mail enviado a petru_arakiss@hotmail.com
e-Mail enviado a lotraigomoreno@gmail.com
e-Mail enviado a cavuoz@gmail.com
e-Mail enviado a ycrr@hotmail.com
e-Mail enviado a usorurak@gmail.com
e-Mail enviado a giganova@gmail.com
e-Mail enviado a anabayogimeno@gmail.com
e-Mail enviado a sylverhaker@hotmail.com
e-Mail enviado a montug@ai.fcad.uner.edu.ar
e-Mail enviado a jrodriguez.info@gmail.com
e-Mail enviado a comprensiondelasociedad@gmail.com
e-Mail enviado a xquintanax@hotmail.com
e-Mail enviado a abril1364@yahoo.com
e-Mail enviado a xengendro@hotmail.com
e-Mail enviado a frankmomo@gmail.com
e-Mail enviado a davidmontoyago@gmail.com
e-Mail enviado a mr.setter@gmail.com
e-Mail enviado a xman34567@hotmail.com
e-Mail enviado a debari2006@gmail.com
e-Mail enviado a angusiglesias@gmail.com
e-Mail enviado a diptongo@gmail.com
e-Mail enviado a orensbruli@gmail.com
e-Mail enviado a ramon.vilar@gmail.com
e-Mail enviado a djbuly@msn.com
e-Mail enviado a josemanuelroma@gmail.com
e-Mail enviado a djbuly@gmail.com
e-Mail enviado a jaimelagos@gmail.com
e-Mail enviado a robinor@gmail.com
e-Mail enviado a vannav.rgv@gmail.com
e-Mail enviado a fenix_stereo@hotmail.com
e-Mail enviado a danielesteban.lunalombardi@gmail.com
e-Mail enviado a mengana@gmail.com
e-Mail enviado a alvarmaciel@gmail.com
e-Mail enviado a madjavik@gmail.com
e-Mail enviado a prebt.c4@hotmail.com
e-Mail enviado a victorhgtzr@gmail.com
e-Mail enviado a rob_raea_1020@hotmail.com
e-Mail enviado a xsune@xtec.cat
e-Mail enviado a hunamanga@hotmail.com
e-Mail enviado a benlecid@gmail.com
e-Mail enviado a ceadlaspalmas@gmail.com
e-Mail enviado a colector@ono.com
e-Mail enviado a linziyi@gmail.com
e-Mail enviado a maria@agalisa.es
e-Mail enviado a h.alvarez@sglobal.e.telefonica.net
e-Mail enviado a naxerascp@hotmail.com
e-Mail enviado a mario.valentini@gmail.com
e-Mail enviado a caminoaragones@gmail.com
e-Mail enviado a pepe@pepe.es
e-Mail enviado a valeriolove@hotmail.com
e-Mail enviado a grimborg@gmail.com
e-Mail enviado a madass.rabbit@gmail.com
e-Mail enviado a carmenjb_@hotmail.com
e-Mail enviado a nachobuey@hotmail.com
e-Mail enviado a manolon@dodgeit.com
e-Mail enviado a garylatman@yahoo.com
e-Mail enviado a mitsuhxc@gmail.com
e-Mail enviado a ihippy@gmail.com
e-Mail enviado a vendedores.pc@gmail.com
e-Mail enviado a trentchandra@gmail.com
e-Mail enviado a djmonty@hotmail.com
e-Mail enviado a edgarmc@email.it
e-Mail enviado a ritmanalvaro@yahoo.es
e-Mail enviado a tecnoluisnogalte@yahoo.es
e-Mail enviado a sergio@clon21.com
e-Mail enviado a mgalanlara@andaluciajunta.es
e-Mail enviado a fancy_a_shagg@hotmail.com
e-Mail enviado a mariareginaramalho@gmail.com
e-Mail enviado a indixjoe@yahoo.es
e-Mail enviado a ogmius3000@yahoo.com
e-Mail enviado a almeidadesayago@terra.es
e-Mail enviado a strikesf@gmail.com
e-Mail enviado a fernando.a.quintero@gmail.com
e-Mail enviado a rjfilth@gmail.com
e-Mail enviado a yodispareakennedy@hotmail.com
e-Mail enviado a desmutlunas@yahoo.es
e-Mail enviado a jahblessrasta@gmail.com
e-Mail enviado a aarosenberg@gmail.com
e-Mail enviado a micmasrecrds@planetawaren.cl
e-Mail enviado a edubuntucat@yahoo.es
e-Mail enviado a karakartofeln@gmail.com
e-Mail enviado a rafael.anier@gmail.com
e-Mail enviado a mail.tien@gmail.com
e-Mail enviado a ti.azul@arsystel.com
e-Mail enviado a edanlinux@hotmail.com
e-Mail enviado a dh@daliacomex.com
e-Mail enviado a senderosilencioso@gmail.com
e-Mail enviado a aliciaiglesiasrus@yahoo.es
e-Mail enviado a gavidiacs@pdvsa.com
e-Mail enviado a gordinslele@yahoo.com
e-Mail enviado a jorgeg.luis@gmail.com
e-Mail enviado a tkm_alope@hotmail.com
e-Mail enviado a angelhidalgoperez@gmail.com
e-Mail enviado a aimless.destiny@gmail.com
e-Mail enviado a jose.cuerva@gmail.com
e-Mail enviado a tovi8306@hotmail.com
e-Mail enviado a mastersoftmdf@yahoo.com.ar
e-Mail enviado a lpcfermat@yahoo.com.ar
e-Mail enviado a gragel@gragel.net
e-Mail enviado a jjssabenojar@gmail.com
e-Mail enviado a photoshab@gmail.com
e-Mail enviado a jaizki@richdadclub.es
e-Mail enviado a jmserra@pereserra.net
e-Mail enviado a laderone@gmail.com
e-Mail enviado a aldoalcantar@gmail.com
e-Mail enviado a ramstak@gmail.com
e-Mail enviado a gustavo.ikari@gmail.com
e-Mail enviado a elleandro@gmail.com
e-Mail enviado a leandro.listas@gmail.com
e-Mail enviado a immortal.mitsuomi@gmail.com
e-Mail enviado a wallas85@menta.net
e-Mail enviado a jmanzaner@gmail.com
e-Mail enviado a fargoneta@hotmail.com
e-Mail enviado a baturricos@gmail.com
e-Mail enviado a vmorenok@gmail.com
e-Mail enviado a miguelansf@hotmail.com
e-Mail enviado a elidier@gmail.com
e-Mail enviado a juan3d@gmail.com
e-Mail enviado a lolita_happylove_009@hotmail.com
e-Mail enviado a peregrinux@gmail.com
e-Mail enviado a socrates_pina@yahoo.com
e-Mail enviado a byron09@gmail.com
e-Mail enviado a jd.the.cat@gmail.com
e-Mail enviado a guido.cc@gmail.com
e-Mail enviado a ramaga65@gmail.com
e-Mail enviado a waikigp2x@gmail.com
e-Mail enviado a unastronauta_yunabruja@hotmail.com
e-Mail enviado a dunetron@yahoo.es
e-Mail enviado a apah99@gmail.com
e-Mail enviado a codr.chesco@gmail.com
e-Mail enviado a reporterodelahistoria@gmail.com
e-Mail enviado a yhemp@hotmail.com
e-Mail enviado a jesusmorales.cruz@gmail.com
e-Mail enviado a pdk@vtr.net
e-Mail enviado a ee1986@hotmail.com
e-Mail enviado a proxxo@gmail.com
e-Mail enviado a xavi74@gmail.com
e-Mail enviado a albertoconchan@hotmail.com
e-Mail enviado a atjachis@gmail.com
e-Mail enviado a kenoby31@gmail.com
e-Mail enviado a kenoby31@yahoo.es
e-Mail enviado a achavez@indeca.gob.gt
e-Mail enviado a alma.castro@gmail.com
e-Mail enviado a salcidoj@terra.com.mx
e-Mail enviado a nachobuey@gmail.com
e-Mail enviado a portal.arica@gmail.com
e-Mail enviado a dcasco@gmail.com
e-Mail enviado a ed4444@gmail.com
e-Mail enviado a wikimagine@gmail.com
e-Mail enviado a nolsystem@gmail.com
e-Mail enviado a hguzzetti@gmail.com
e-Mail enviado a anitayartux@gmail.com
e-Mail enviado a jucaver21@yahoo.es
e-Mail enviado a btrikolor@gmail.com
e-Mail enviado a mqbayod@gmail.com
e-Mail enviado a gbottasini@tiscali.it
e-Mail enviado a yarasue@gmail.com
e-Mail enviado a silverdisc@gmail.com
e-Mail enviado a fortexx@gmail.com
e-Mail enviado a alexjugon11@hotmail.com
e-Mail enviado a voret@ono.com
e-Mail enviado a h4x0r.vx@gmail.com
e-Mail enviado a angaoch@gmail.com
e-Mail enviado a maty_nz@yahoo.com.ar
e-Mail enviado a vpamies@gmail.com
e-Mail enviado a mr0m4n@gmail.com
e-Mail enviado a lamassa@gmail.com
e-Mail enviado a kero.beros.sama@gmail.com
e-Mail enviado a ramalho.regina@gmail.com
e-Mail enviado a zmyspc@gmail.com
e-Mail enviado a haekure@gmail.com
e-Mail enviado a ardentice.hb@gmail.com
e-Mail enviado a arturphk@gmail.com
e-Mail enviado a vixtor_master@otmail.com
e-Mail enviado a hagensas@gmail.com
e-Mail enviado a lluisyast@gmail.com
e-Mail enviado a jose.vazquez.aviles@gmail.com
e-Mail enviado a sonyhqspam@gmail.com
e-Mail enviado a n.inf.fct.unl.pt@gmail.com
e-Mail enviado a lalex@aboutdigital.ru
e-Mail enviado a bigjordi54@hotmail.com
e-Mail enviado a pamplines@gmail.com
e-Mail enviado a afce@utpl.edu.ec
e-Mail enviado a glayvin@gmail.com
e-Mail enviado a alejandronm@gmail.com
e-Mail enviado a farsite281@gmail.com
e-Mail enviado a nikibugg@gmail.com
e-Mail enviado a afidalgo@dmami.upm.es
e-Mail enviado a leafargv@hotmail.com
e-Mail enviado a info@lacoloniaeventos.com.ar
e-Mail enviado a mmirandam5@hotmail.com
e-Mail enviado a elreflejo@gmail.com
e-Mail enviado a dario.hruszecki@gmail.com
e-Mail enviado a blog@barriodelosrosales.es
e-Mail enviado a locosporlatele@gmail.com
e-Mail enviado a popemiko@gmail.com
e-Mail enviado a multibuzon@gmail.com
e-Mail enviado a ivanzgz@gmail.com
e-Mail enviado a iparellada@j23.fje.edu
e-Mail enviado a sexy.trujillo@gmail.com
e-Mail enviado a mabelyeduardo@yahoo.com.ar
e-Mail enviado a sumariadostemuko@gmail.com
e-Mail enviado a nopiedra@utpl.edu.ec
e-Mail enviado a th_2d@hotmail.com
e-Mail enviado a ilcra1989@gmail.com
e-Mail enviado a eddramirez@yahoo.com.mx
e-Mail enviado a carlosues@telefonica.net
e-Mail enviado a killoloko83@yahoo.es
e-Mail enviado a kitzogen@gmail.com
e-Mail enviado a passodelnick@hotmail.com
e-Mail enviado a josemba1986@gmail.com
e-Mail enviado a highcc@gmail.com
e-Mail enviado a unix4you2@gmail.com
e-Mail enviado a k0n3@hotmail.com
e-Mail enviado a ramaga@hotmail.com
e-Mail enviado a gotz14670@gmail.com
e-Mail enviado a immaculada.v@gmail.com
e-Mail enviado a miguel.rebollo@gmail.com
e-Mail enviado a jazzpino@gmail.com
e-Mail enviado a marclopez1991@hotmail.com
e-Mail enviado a rcarrerah@hotmail.com
e-Mail enviado a vingadoncs@gmail.com
e-Mail enviado a manolon2@gmail.com
e-Mail enviado a d0gsn4k3@hotmail.com
e-Mail enviado a auringal.archivos@gmail.com
e-Mail enviado a marysabel.valoyes@uan.edu.co
e-Mail enviado a songpeng.cn@gmail.com
e-Mail enviado a ramos.enrique@gmail.com
e-Mail enviado a clstn.c@gmail.com
e-Mail enviado a virtual.bloc@gmail.com
e-Mail enviado a gdelmas@gmail.com
e-Mail enviado a liqui@mesvilaweb.cat
e-Mail enviado a jezeiza@axular.ikastola.net
e-Mail enviado a manelolesa@gmail.com
e-Mail enviado a ximopascual@ono.com
e-Mail enviado a enfoquecv@hotmail.com
e-Mail enviado a santia60@iespana.es
e-Mail enviado a josep_tomas@hotmail.com
e-Mail enviado a lopeztudanca@gmail.com
e-Mail enviado a therakso@uigv.edu.pe
e-Mail enviado a pablo.el@gmail.com
e-Mail enviado a franfigueroa@msn.com
e-Mail enviado a johnrobertm@gmail.com
e-Mail enviado a gilberto.alfonzo@gmail.com
e-Mail enviado a simonjoan2@gmail.com
e-Mail enviado a kirilllushin@gmail.com
e-Mail enviado a frangor@gmail.com
e-Mail enviado a mrebollo@dsic.upv.es
e-Mail enviado a fmvsoma@gmail.com
e-Mail enviado a ferranmtz@gmail.com
e-Mail enviado a danny.adagroup@gmail.com
e-Mail enviado a penyalabarreja@gmail.com
e-Mail enviado a metanegocios@gmail.com
e-Mail enviado a juanmi.munoz@gmail.com
e-Mail enviado a g.barrera.p@gmail.com
e-Mail enviado a basarielkartea@gmail.com
e-Mail enviado a arenos@gmail.com
e-Mail enviado a spartanos@gmail.com
e-Mail enviado a victortala@hotmail.com
e-Mail enviado a indiocabreao@gmail.com
e-Mail enviado a argandir@gmail.com
e-Mail enviado a minterior@gmail.com
e-Mail enviado a miwel@wanadoo.es
e-Mail enviado a endymion88@gmail.com
e-Mail enviado a caleidoscopi@gmail.com
e-Mail enviado a pini_24_3@hotmail.com
e-Mail enviado a jccano@javeriana.edu.co
e-Mail enviado a jaqueymate@gmail.com
e-Mail enviado a heretikchata@hotmail.com
e-Mail enviado a 1.iglesia.bautista.de.rancagua@gmail.com
e-Mail enviado a djnitromix@hotmail.com
e-Mail enviado a jagiaz@gmail.com
e-Mail enviado a kevin0312@126.com
e-Mail enviado a paolochirco@gmail.com
e-Mail enviado a eco261@terra.es
e-Mail enviado a santiago.iturriaga@gmail.com
e-Mail enviado a avicentep@ono.com
e-Mail enviado a mega.key@gmail.com
e-Mail enviado a victorkuri@gmail.com
e-Mail enviado a jesus.zacarias@gmail.com
e-Mail enviado a para.propaganda@gmail.com
e-Mail enviado a jroig127@gmail.com
e-Mail enviado a earroyome@uoc.edu
e-Mail enviado a imoutochan.net@gmail.com
e-Mail enviado a joansimon@ub.edu
e-Mail enviado a iso.uoc@gmail.com
e-Mail enviado a ed934@hotmail.com
e-Mail enviado a tenacio@gmail.com
e-Mail enviado a danieli.e@virgilio.it
e-Mail enviado a lfclemente2002@hotmail.com
e-Mail enviado a lclemar@gobiernodecanarias.org
e-Mail enviado a yolandapg75@hotmail.com
e-Mail enviado a felipezayas@gmail.com
e-Mail enviado a borja2706@msn.com
e-Mail enviado a bbhglobal@hotmail.com
e-Mail enviado a mecatxis@ya.com
e-Mail enviado a mohaltron94@gmail.com
e-Mail enviado a synetic@hotmail.com
e-Mail enviado a losbobinos@gmail.com
e-Mail enviado a 548597@gmail.com
e-Mail enviado a tote1989@gmail.com
e-Mail enviado a alvaromartinez5@yahoo.es
e-Mail enviado a amartinezbcn@gmail.com
e-Mail enviado a yummypink@gmail.com
e-Mail enviado a afibfilosofia@balearweb.net
e-Mail enviado a hipertavo@yahoo.com
e-Mail enviado a serrallonga@gmail.com
e-Mail enviado a jon_ander_ff@hotmail.com
e-Mail enviado a aremesal@txeke.net
e-Mail enviado a ruidotandil@gmail.com
e-Mail enviado a d.lopez.yo@hotmail.com
e-Mail enviado a ronede@mytrashmail.com
e-Mail enviado a thornz2005@yahoo.com
e-Mail enviado a mlinares@pucp.edu.pe
e-Mail enviado a frankmendos@gmail.com
e-Mail enviado a guadalinex@linuxmail.org
e-Mail enviado a grossman077@yahoo.com.ar
e-Mail enviado a argimiro@ceipbanus.xeill.net
e-Mail enviado a anna@ravalnet.org
e-Mail enviado a lalauraske@gmail.com
e-Mail enviado a machavez@gmail.com
e-Mail enviado a antracx@hotmail.co.uk
e-Mail enviado a elpapa60@hotmail.com
e-Mail enviado a gfreccero@gmail.com
e-Mail enviado a jorgealtaria@gmail.com
e-Mail enviado a roeluani@gmail.com
e-Mail enviado a xabre.gz@gmail.com
e-Mail enviado a eduar-t@fibertel.com.ar
e-Mail enviado a jmlaya@gmail.com
e-Mail enviado a becool33@hotmail.com
e-Mail enviado a manuelvillasenor@gmail.com
e-Mail enviado a foroinsolitus@gmail.com
e-Mail enviado a ciadmi@gmail.com
e-Mail enviado a rodrigo.maquieira@gmail.com
e-Mail enviado a arielgruttadauria@gmail.com
e-Mail enviado a tiparraco@terra.es
e-Mail enviado a aulainfovp@gmail.com
e-Mail enviado a amreload@gmail.com
e-Mail enviado a bairot@gmail.com
e-Mail enviado a lvelasco37@gmail.com
e-Mail enviado a pabloam2@gmail.com
e-Mail enviado a astiam.bizarre@gmail.com
e-Mail enviado a quintobalpedo@gmail.com
e-Mail enviado a dchimeno@gmail.com
e-Mail enviado a arielgrutta@yahoo.com.ar
e-Mail enviado a animacion4@gmail.com
e-Mail enviado a terremonto@gmail.com
e-Mail enviado a knudow@gmail.com
e-Mail enviado a juanlapeyre@gmail.com
e-Mail enviado a rmarin4@gmail.com
e-Mail enviado a oac77@yahoo.com.ar
e-Mail enviado a juanxxxy@yahoo.es
e-Mail enviado a utopia_o0o@yahoo.es
e-Mail enviado a bakalaoconchorizo@hotmail.com
e-Mail enviado a zippo@alien.net.ar
e-Mail enviado a canalmptres@gmail.com
e-Mail enviado a jaime.arroyo@gmail.com
e-Mail enviado a mario_computkt@hotmail.com
e-Mail enviado a indiocabreao@yahoo.es
e-Mail enviado a jabar004@gmail.com
e-Mail enviado a ambiciao@gmail.com
e-Mail enviado a ambiciao@hotmail.com
e-Mail enviado a w_i_n_2@yahoo.com.ar
e-Mail enviado a electronica.leandro@gmail.com
e-Mail enviado a chocuco@gmail.com
e-Mail enviado a proyecto.ocularis@gmail.com
e-Mail enviado a apenaili@gmail.com
e-Mail enviado a miguel_bayon99@hotmail.com
e-Mail enviado a juliocoltrane@telecable.es
e-Mail enviado a azol.007@gmail.com
e-Mail enviado a ochominutosdearco@gmail.com
e-Mail enviado a bersuit.vera@gmail.com
e-Mail enviado a soyreba@gmail.com
e-Mail enviado a spaocean@hotmail.com
e-Mail enviado a kargina111@gmail.com
e-Mail enviado a arriagada@gmail.com
e-Mail enviado a avalos@gobiernofederal.com
e-Mail enviado a sounix@gmail.com
e-Mail enviado a arcorosa2002@yahoo.es
e-Mail enviado a j.en.ai.marre.89@gmail.com
e-Mail enviado a b.c.barca@gmail.com
e-Mail enviado a soydesalta89@hotmail.com
e-Mail enviado a luisglez@inicia.es
e-Mail enviado a nguyen.giap@gmail.com
e-Mail enviado a scapella@xtec.cat
e-Mail enviado a ampsicad@yahoo.es
e-Mail enviado a viv_dehaes@yahoo.com.ar
e-Mail enviado a a8060265@xtec.net
e-Mail enviado a eliaspoeta@hotmail.com
e-Mail enviado a webmaster@comerciovivo.com
e-Mail enviado a pedagob@gmail.com
e-Mail enviado a aortin@hotmail.com
e-Mail enviado a carabassa@gmail.com
e-Mail enviado a carlkof@gmail.com
e-Mail enviado a vateos@hotmail.com
e-Mail enviado a literaturas@gmail.com
e-Mail enviado a risc0.martin@gmail.com
e-Mail enviado a risc0martin@gmail.com
e-Mail enviado a trencacloskes@yahoo.com
e-Mail enviado a fjaviersoto@gmail.com
e-Mail enviado a web2cero@gmail.com
e-Mail enviado a takurupuku@gmail.com
e-Mail enviado a mavillam22@hotmail.com
e-Mail enviado a zaiiko.es@gmail.com
e-Mail enviado a latidho@yahoo.com.ar
e-Mail enviado a sinister.and.sister@gmail.com
e-Mail enviado a ranita_nena@hotmail.com
e-Mail enviado a icemolten@gmail.com
e-Mail enviado a pro4444@gmail.com
e-Mail enviado a neith_anaan@yahoo.com.mx
e-Mail enviado a cristianc1989@hotmail.com
e-Mail enviado a albertgordo@hotmail.com
e-Mail enviado a albertgordo@gmail.com
e-Mail enviado a amateu@idi.catsalut.net
e-Mail enviado a tecnodamaso@yahoo.es
e-Mail enviado a jafigueroal@gmail.com
e-Mail enviado a kampru18@hotmail.com
e-Mail enviado a salonp8@gmail.com
e-Mail enviado a kx909xk@gmail.com
e-Mail enviado a xebaxtian24@hotmail.com
e-Mail enviado a al23ganduz@gmail.com
e-Mail enviado a chechuironman@gmail.com
e-Mail enviado a bla2kj@hotmail.com
e-Mail enviado a yormiscm@gmail.com
e-Mail enviado a kuaru@caliescali.com
e-Mail enviado a vitormanuel@terra.es
e-Mail enviado a smaugcps@terra.es
e-Mail enviado a djaser@gmail.com
e-Mail enviado a dashsky@gmail.com
e-Mail enviado a eezquerror@gmail.com
e-Mail enviado a mafiru@ono.com
e-Mail enviado a indianala@gmail.com
e-Mail enviado a dferrerde@gmail.com
e-Mail enviado a mikaousui@gmail.com
e-Mail enviado a veronica5700ar@gmail.com
e-Mail enviado a jjoseg1@hotmail.com
e-Mail enviado a net@webmasters.net.ar
e-Mail enviado a gjy.mew@gmail.com
e-Mail enviado a pfmichels@gmail.com
e-Mail enviado a avefenixdefuego@hotmail.com
e-Mail enviado a scorpionn@gmail.com
e-Mail enviado a fardo2002@hotmail.com
e-Mail enviado a johansel@hotmail.com
e-Mail enviado a pblnx@yahoo.com.ar
e-Mail enviado a gjy_mew@hotmail.com
e-Mail enviado a virus.org@gmail.com
e-Mail enviado a ga.andres@hotmail.com
e-Mail enviado a e6nian@gmail.com
e-Mail enviado a grullag@gmail.com
e-Mail enviado a juantxu@juantxu.net
e-Mail enviado a sysop@acktelecom.com
e-Mail enviado a ilustresve@gmail.com
e-Mail enviado a ilustreve@gmail.com
e-Mail enviado a darksound4mas1@hotmail.com
e-Mail enviado a julio@resist.ca
e-Mail enviado a poshboytl@126.com
e-Mail enviado a artemis1805@hotmail.com
e-Mail enviado a jonan88@gmail.com
e-Mail enviado a lovellsud@hotmail.com
e-Mail enviado a lovellds@hotmail.com
e-Mail enviado a fernandozapata@gmail.com
e-Mail enviado a jamie.j.su@gmail.com
e-Mail enviado a librolex@gmail.com
e-Mail enviado a marcelcheca@yahoo.com
e-Mail enviado a andres.duarte@gmail.com
e-Mail enviado a lanochegira_rag@hotmail.com
e-Mail enviado a ecapool@gmail.com
e-Mail enviado a eulalia.formenti@gmail.com
e-Mail enviado a miona1977@hotmail.com
e-Mail enviado a srodriguezunq@gmail.com
e-Mail enviado a vodoomastergore@gmail.com
e-Mail enviado a myrna.libros@gmail.com
e-Mail enviado a estcarrera@gmail.com
e-Mail enviado a mirnafreitez@gmail.com
e-Mail enviado a albertini86@gmail.com
e-Mail enviado a mentrox@ya.com
e-Mail enviado a pipolibro@gmail.com
e-Mail enviado a artemis.fowl@hotmail.co.uk
e-Mail enviado a kevanne@gmail.com
e-Mail enviado a litancn@126.com
e-Mail enviado a manuel.rodriguez.munoz@gmail.com
e-Mail enviado a gonzalo_conta@hotmail.com
e-Mail enviado a permeccapacitacion@gmail.com
e-Mail enviado a hk-503@hotmail.com
e-Mail enviado a josepmoragues@gmail.com
e-Mail enviado a vortereta@hotmail.com
e-Mail enviado a jose00@hotmail.com
e-Mail enviado a papapep@gmail.com
e-Mail enviado a lerding@gmail.com
e-Mail enviado a retroboy80@gmail.com
e-Mail enviado a bibliotecajuridicaargentina@gmail.com
e-Mail enviado a rsainzaja@hotmail.com
e-Mail enviado a afinol@gmail.com
e-Mail enviado a makrotienda@gmail.com
e-Mail enviado a angela13maria@yahoo.es
e-Mail enviado a cgutierrezj83@hotmail.com
e-Mail enviado a mcarleth@hotmail.com
e-Mail enviado a noxmedea@hotmail.com
e-Mail enviado a martinlem@msn.com
e-Mail enviado a jolthgs@gmail.com
e-Mail enviado a kalborotas@hotmail.com
e-Mail enviado a mariano@tacticaltourism.org
e-Mail enviado a gloomybird@gmail.com
e-Mail enviado a fisica3@gmail.com
e-Mail enviado a gvm911@gmail.com
e-Mail enviado a mgodies@gmail.com
e-Mail enviado a luisvraz@gmail.com
e-Mail enviado a lcacheda@googlemail.com
e-Mail enviado a thefinder@spymac.com
e-Mail enviado a noraznar@yahoo.com.ar
e-Mail enviado a ivancyber@gmail.com
e-Mail enviado a pablo@pabloam.com.ar
e-Mail enviado a esteban_mar@att.net.mx
e-Mail enviado a auriganet@bvconline.com.ar
e-Mail enviado a lushnis@gmail.com
e-Mail enviado a jmasun@aix.ver.ucc.mx
e-Mail enviado a lackfer@gmail.com
e-Mail enviado a jesparraguera@elpunt.com
e-Mail enviado a ignasigenis@gmail.com
e-Mail enviado a djsaryon@gmail.com
e-Mail enviado a hillwoodroc@gmail.com
e-Mail enviado a rusito9@gmail.com
e-Mail enviado a starfox@terra.es
e-Mail enviado a galernataldea@gmail.com
e-Mail enviado a recio10@mi.cl
e-Mail enviado a fede.luque@gmail.com
e-Mail enviado a essin86@yahoo.com
e-Mail enviado a juanki_herrero@hotmail.com
e-Mail enviado a partesysuministros@hispavista.com
e-Mail enviado a gimogr1@ozu.es
e-Mail enviado a rogerforxmen@yahoo.es
e-Mail enviado a laestirpe@gmail.com
e-Mail enviado a admin@rvsite.ath.cx
e-Mail enviado a digase_natalia@hotmail.com
e-Mail enviado a adrianponce@mail.com
e-Mail enviado a hectormayo@gmail.com
e-Mail enviado a joannb@ya.com
e-Mail enviado a jesus@colegiocorral.net
e-Mail enviado a hincubus@gmail.com
e-Mail enviado a josepmclara@hotmail.com
e-Mail enviado a leprechaun_child@hotmail.com
e-Mail enviado a viraxi@gmail.com
e-Mail enviado a digitexspain@gmail.com
e-Mail enviado a dgurt@yahoo.es
e-Mail enviado a dexcapo_94@hotmail.com
e-Mail enviado a dferrer@lasenoritacasarural.com
e-Mail enviado a blogyweb@gmail.com
e-Mail enviado a traiguen@gmail.com
e-Mail enviado a cracklitos@gmail.com
e-Mail enviado a jgmmanresa@gmail.com
e-Mail enviado a cinodo@gmail.com
e-Mail enviado a rbd_marta_rebelde@hotmail.com
e-Mail enviado a mitica.avalon@gmail.com
e-Mail enviado a rmompo@wanadoo.es
e-Mail enviado a cecilia.inojosa@gmail.com
e-Mail enviado a duranter@yahoo.com.ar
e-Mail enviado a metodoventura@gmail.com
e-Mail enviado a carmensoniam@gmail.com
e-Mail enviado a mauroh@gmail.com
e-Mail enviado a donat@mac.com
e-Mail enviado a luchoedu@msn.com
e-Mail enviado a kal_lez@msn.com
e-Mail enviado a toniesteva@telefonica.net
e-Mail enviado a lluisgil@eldimoni.com
e-Mail enviado a jmarch@comg.es
e-Mail enviado a ipa@josoc.cat
e-Mail enviado a andresxxs@yahoo.com
e-Mail enviado a titinoli@yahoo.es
e-Mail enviado a jordi.plaja@gmail.com
e-Mail enviado a joansoleriulles@yahoo.com
e-Mail enviado a antramis@telefonica.net
e-Mail enviado a solerjoan@gmail.com
e-Mail enviado a jsagrera1@yahoo.es
e-Mail enviado a cansantus@gmail.com
e-Mail enviado a gem4ma@yahoo.es
e-Mail enviado a sorb@lamalla.cat
e-Mail enviado a pentinat@hotmail.com
e-Mail enviado a sturiella@telefonica.net
e-Mail enviado a dsabadell@gmail.com
e-Mail enviado a jesusgota@telefonica.net
e-Mail enviado a rdiazb@itdeusto.com
e-Mail enviado a mcasares@telefonica.net
e-Mail enviado a narcisalbert@hotmail.com
e-Mail enviado a salvadorbosch@mailpersonal.com
e-Mail enviado a josepmbg@telefonica.net
e-Mail enviado a dimonigirona@gmail.com
e-Mail enviado a lenin.ayr@gmail.com
e-Mail enviado a ramoncastroperez@gmail.com
e-Mail enviado a xampral@hotmail.com
e-Mail enviado a fbrunes@telefonica.net
e-Mail enviado a jmontera@xtec.cat
e-Mail enviado a espasapalau@gmail.com
e-Mail enviado a borrasorri@gmail.com
e-Mail enviado a raig002@telefonica.net
e-Mail enviado a nserrate@hotmail.com
e-Mail enviado a isidreb@jet.es
e-Mail enviado a haoshi@haoshi.fr
e-Mail enviado a contact@jaumefabregat.com
e-Mail enviado a elclot@monistrolcalders.lamalla.net
e-Mail enviado a powerade1@gmail.com
e-Mail enviado a tvp43@yahoo.es
e-Mail enviado a jluengoe@gmail.com
e-Mail enviado a maria_ireneta53@hotmail.com
e-Mail enviado a shadowrealm222@gmail.com
e-Mail enviado a rodriguezfernandezricardo@gmail.com
e-Mail enviado a oriolpijoan@gmail.com
e-Mail enviado a pavt2007@gmail.com
e-Mail enviado a vivoenmicasa@yahoo.es
e-Mail enviado a npredator@gmail.com
e-Mail enviado a amsalvatl@correucal.cat
e-Mail enviado a nehuenmingote@gmail.com
e-Mail enviado a msilvaex@hotmail.com
e-Mail enviado a simonjoan@yahoo.es
e-Mail enviado a shoking@otakuniverse.com
e-Mail enviado a srmussol@yahoo.es
e-Mail enviado a josocenjosep@hotmail.com
e-Mail enviado a manaid@pookmail.com
e-Mail enviado a tony100905@hotmail.com
e-Mail enviado a wsufan@gmail.com
e-Mail enviado a tony100905@gmail.com
e-Mail enviado a cristianconti@gmail.com
e-Mail enviado a acoan_sasev@hotmail.com
e-Mail enviado a kakernew@hotmail.com
e-Mail enviado a juanjofb@gmail.com
e-Mail enviado a mir3_bcn@hotmail.com
e-Mail enviado a snesblog@gmail.com
e-Mail enviado a litbea@gmail.com
e-Mail enviado a jaimenarino@gmail.com
e-Mail enviado a 4ngelo@gmail.com
e-Mail enviado a jmfrancino.gov@andorra.ad
e-Mail enviado a josepchain@gmail.com
e-Mail enviado a cucarell2003@yahoo.es
e-Mail enviado a lmolinamallen@gmail.com
e-Mail enviado a mariogp@gmail.com
e-Mail enviado a proshlecker3@gmail.com
e-Mail enviado a tamara.kolb@gmail.com
e-Mail enviado a jcandoin@gmail.com
e-Mail enviado a davrosmen@gmail.com
e-Mail enviado a lapleton@hotmail.com
e-Mail enviado a linux.tlaxcala@gmail.com
e-Mail enviado a juan.info@gmail.com
e-Mail enviado a litografico.com@gmail.com
e-Mail enviado a avances123@gmail.com
e-Mail enviado a lupen_enfermo@yahoo.es
e-Mail enviado a figazza@gmail.com
e-Mail enviado a pere.bogart@gmail.com
e-Mail enviado a gensar@gmail.com
e-Mail enviado a dariodim@email.it
e-Mail enviado a murgioni@tiscali.it
e-Mail enviado a vagptt@wanadoo.es
e-Mail enviado a noeliablog@gmail.com
e-Mail enviado a segrex@tin.it
e-Mail enviado a daniel.cvergara@gmail.com
e-Mail enviado a appiano@gmail.com
e-Mail enviado a joanma30@gmail.com
e-Mail enviado a r.ksto15@gmail.com
e-Mail enviado a woland783@gmail.com
e-Mail enviado a ldm85@tiscali.it
e-Mail enviado a papitzulo1@yahoo.es
e-Mail enviado a hagaren86@gmail.com
e-Mail enviado a adolfomendiola@hotmail.com
e-Mail enviado a p.puricelli@tin.it
e-Mail enviado a scorpion.sg1@gmail.com
e-Mail enviado a megapalo@hotmail.com
e-Mail enviado a scorpion.sg.1@gmail.com
e-Mail enviado a ricardo.queralt@gmail.com
e-Mail enviado a misael@jaijazz.org
e-Mail enviado a galileos@gmail.com
e-Mail enviado a jaume.carrera@gmail.com
e-Mail enviado a mozart@temporaryinbox.com
e-Mail enviado a jlg.lcl@gmail.com
e-Mail enviado a ciaolucaaa@libero.it
e-Mail enviado a jafl.bi@gmail.com
e-Mail enviado a trencalos@gmail.com
e-Mail enviado a pablorey1@speedy.com.ar
e-Mail enviado a fox-hunt@katamail.com
e-Mail enviado a galandeburgos@gmail.com
e-Mail enviado a basuraxyz@gmail.com
e-Mail enviado a joveniracundo@gmail.com
e-Mail enviado a desdibujado@gmail.com
e-Mail enviado a contradesinformacion@gmail.com
e-Mail enviado a xavierci@telefonica.net
e-Mail enviado a jaumesole@cdgir.com
e-Mail enviado a japerez@gmail.com
e-Mail enviado a innamora@cc.univaq.it
e-Mail enviado a allobetl@yahoo.co.uk
e-Mail enviado a davidepx@gmail.com
e-Mail enviado a miss_mosta@hotmail.it
e-Mail enviado a filiquark@yahoo.com
e-Mail enviado a luvassu@gmail.com
e-Mail enviado a gabu@libero.it
e-Mail enviado a peritomoreno@hotmail.it
e-Mail enviado a mauro.caprioli@gmail.com
e-Mail enviado a jonatha.all@gmail.com
e-Mail enviado a juanmst@gmail.com
e-Mail enviado a djraven_pointers@hotmail.com
e-Mail enviado a martinivodkalimon@hotmail.com
e-Mail enviado a davideippolito@gmail.com
e-Mail enviado a damiano4@interfree.it
e-Mail enviado a azael1974@gmail.com
e-Mail enviado a fadfdsj@email.it
e-Mail enviado a interpeix@gmail.com
e-Mail enviado a rubenazo1988@gmail.com
e-Mail enviado a oriol@estamosdeacuerdo.net
e-Mail enviado a lagambuesadigital@gmail.com
e-Mail enviado a albmoreno@gmail.com
e-Mail enviado a almorenolopez@yahoo.es
e-Mail enviado a lynzecorreo-giasif@yahoo.com
e-Mail enviado a iesarxiduc@gmail.com
e-Mail enviado a storiedicalcio@katamail.com
e-Mail enviado a lorenzo.lugli@libero.it
e-Mail enviado a amespinosa@inicia.es
e-Mail enviado a tommyvr@gmail.com
e-Mail enviado a il900@email.it
e-Mail enviado a giuliano.colabucci@gmail.com
e-Mail enviado a gonzalopirobutirro@libero.it
e-Mail enviado a lluis@sitjas.cat
e-Mail enviado a ipelegri6@gmail.com
e-Mail enviado a c4tacomb@gmail.com
e-Mail enviado a malozano@dccia.ua.es
e-Mail enviado a disenero@gmail.com
e-Mail enviado a jmgg@yahoo.com
e-Mail enviado a stela@dlsi.ua.es
e-Mail enviado a jceacero@gmail.com
e-Mail enviado a crash13@gmail.com
e-Mail enviado a jvazquez@foremga.ccoo.es
e-Mail enviado a paco.raya@gmail.com
e-Mail enviado a gnaffetto@email.it
e-Mail enviado a fcalefato@gmail.com
e-Mail enviado a marco@execs.com
e-Mail enviado a bobinbobin@gmail.com
e-Mail enviado a aldo.rosales@gmail.com
e-Mail enviado a kripton67@hotmail.com
e-Mail enviado a mariaelena777@gmail.com
e-Mail enviado a fideleor@yahoo.es
e-Mail enviado a lasecta@googlegroups.com
e-Mail enviado a otorrents@gmail.com
e-Mail enviado a adroro@terra.es
e-Mail enviado a ignaciosta@gmail.com
e-Mail enviado a susanaoza@hotmail.com
e-Mail enviado a rgt90@hotmail.com
e-Mail enviado a adri77@gmail.com
e-Mail enviado a nuria.galceran@gmail.com
e-Mail enviado a giusimauro@yahoo.it
e-Mail enviado a webon10@yahoo.com.ar
e-Mail enviado a ntto89@virgilio.it
e-Mail enviado a mahc83@gmail.com
e-Mail enviado a spartacux@gmail.com
e-Mail enviado a jgonz084@codelco.cl
e-Mail enviado a elhombredel5@gmail.com
e-Mail enviado a plenonet@hotmail.com
e-Mail enviado a nubdo.web@gmail.com
e-Mail enviado a gperetti@sopragroup.it
e-Mail enviado a gbenvenuto@gmail.com
e-Mail enviado a stentara55@gmail.com
e-Mail enviado a martadelcastillo2@hotmail.com
e-Mail enviado a rocha_daniel_matias@hotmail.com
e-Mail enviado a sistog@tempinbox.com
e-Mail enviado a socuetano@gmail.com
e-Mail enviado a supermarco88@gmail.com
e-Mail enviado a gonalru@hotmail.com
e-Mail enviado a fsanche1@xtec.net
e-Mail enviado a stival.edu@gmail.com
e-Mail enviado a acruz@xtec.cat
e-Mail enviado a jbiayna@xtec.cat
e-Mail enviado a jgurrera@xtec.cat
e-Mail enviado a fernando@dodgeit.com
e-Mail enviado a vigliag@gmail.com
e-Mail enviado a anna.penya@gmail.com
e-Mail enviado a davidreciomartin@yahoo.com
e-Mail enviado a hcrespof@hotmail.com
e-Mail enviado a llantia1@hotmail.com
e-Mail enviado a mcamps12@xtec.cat
e-Mail enviado a juliocesarlimsa@hotmail.com
e-Mail enviado a daewen_hithuial@hotmail.it
e-Mail enviado a fenixzin@hotmail.com
e-Mail enviado a jordilm@gmail.com
e-Mail enviado a casa.roberto@hotmail.it
e-Mail enviado a mediterranimar@gmail.com
e-Mail enviado a juancarlos5544@hotmail.com
e-Mail enviado a incatrail77@hotmail.com
e-Mail enviado a cdiaz9@gmail.com
e-Mail enviado a hammerz@hotmail.it
e-Mail enviado a biochess@hotmail.com
e-Mail enviado a smdsergio@gmail.com
e-Mail enviado a yassirsalek@hotmail.com
e-Mail enviado a fabox88@hotmail.com
e-Mail enviado a njiralo@gmail.com
e-Mail enviado a blackstonesx@gmail.com
e-Mail enviado a alucard8501@gmail.com
e-Mail enviado a epsaenz_ft@hotmail.com
e-Mail enviado a szchmausser@gmail.com
e-Mail enviado a hektor.cortes@gmail.com
e-Mail enviado a tartaruga.tecnologica@gmail.com
e-Mail enviado a saleiva@gmail.com
e-Mail enviado a jco@menta.net
e-Mail enviado a jovenescomunidadcristiana@gmail.com
e-Mail enviado a alex@inblogtecno.com
e-Mail enviado a asorian1@xtec.cat
e-Mail enviado a edwinara@hotmail.com
e-Mail enviado a milenio22@hotmail.com
e-Mail enviado a esmeraldaviaggi@gmail.com
e-Mail enviado a dariocas83@yahoo.it
e-Mail enviado a eagleoneplus@vodafone.it
e-Mail enviado a shea@ancientkeep.com
e-Mail enviado a rortiz5@hotmail.com
e-Mail enviado a josejorge.com@gmail.com
e-Mail enviado a yes@plaestany.net
e-Mail enviado a vredondof@gmail.com
e-Mail enviado a nekoibu@gmail.com
e-Mail enviado a brunozanabria@hotmail.com
e-Mail enviado a neoveintidos@gmail.com
e-Mail enviado a ciaz78@gmail.com
e-Mail enviado a gloriaalvarezcadavid@gmail.com
e-Mail enviado a guatememe@netscape.net
e-Mail enviado a ivan@manubens.cat
e-Mail enviado a claudio.santibanez@gmail.com
e-Mail enviado a drahcir.loco@gmail.com
e-Mail enviado a robertojavierpinto@hotmail.com
e-Mail enviado a omarc320@hotmail.com
e-Mail enviado a cristian_europe@hotmail.com
e-Mail enviado a dambess@yahoo.es
e-Mail enviado a leotornito@gmail.com
e-Mail enviado a camilolal@gmail.com
e-Mail enviado a lorddeidious@msn.com
e-Mail enviado a cubillasdearbas@yahoo.es
e-Mail enviado a perepaucomp@gmail.com
e-Mail enviado a bimbas55@yahoo.es
e-Mail enviado a blade_x9@hotmail.com
e-Mail enviado a ilich.ramirez@gmail.com
e-Mail enviado a jabundio@hotmail.com
e-Mail enviado a mirellazaccaria@libero.it
e-Mail enviado a radowitzky@gmail.com
e-Mail enviado a kivu04@hotmail.com
e-Mail enviado a centrosdepadres@hotmail.com
e-Mail enviado a fondistas@gmail.com
e-Mail enviado a aorriols@uoc.edu
e-Mail enviado a jomasepi@hotmail.com
e-Mail enviado a deriodo1402@yahoo.it
e-Mail enviado a sitomega@gmail.com
e-Mail enviado a pachis@hotmail.com
e-Mail enviado a jorge.512@gmail.com
e-Mail enviado a torvaianica@hotmail.com
e-Mail enviado a luis_javier23@hotmail.com
e-Mail enviado a aspaxman@gmail.com
e-Mail enviado a kevin09mx@hotmail.com
e-Mail enviado a kingler@gmail.com
e-Mail enviado a lacharweb@gmail.com
e-Mail enviado a rogeliogcamacho@gmail.com
