e-Mail enviado: sonyhq@gmail.com a las (03-04-2007 12:58:08)
e-Mail enviado: peawn.project@gmail.com a las (03-04-2007 12:58:10)
e-Mail enviado: whats@wekk.net a las (03-04-2007 12:58:12)
e-Mail enviado: albertarmengol@gmail.com a las (03-04-2007 12:58:14)
e-Mail enviado: vigosan@gmail.com a las (03-04-2007 12:58:16)
e-Mail enviado: lynksee.com@elcesar.net a las (03-04-2007 12:58:18)
e-Mail enviado: mundiforeros@gmail.com a las (03-04-2007 12:58:20)
e-Mail enviado: solidus.s@gmail.com a las (03-04-2007 12:58:22)
e-Mail enviado: david.rubia@live.com a las (03-04-2007 12:58:24)
e-Mail enviado: xezpeleta@gmail.com a las (03-04-2007 12:58:26)
e-Mail enviado: joanrcp@gmail.com a las (03-04-2007 12:58:28)
e-Mail enviado: xabierbayon@gmail.com a las (03-04-2007 12:58:30)
e-Mail enviado: txustin@gmail.com a las (03-04-2007 12:58:32)
e-Mail enviado: tiburtzio@gmail.com a las (03-04-2007 12:58:34)
e-Mail enviado: gersput@gmail.com a las (03-04-2007 12:58:37)
e-Mail enviado: nukiduz@gmail.com a las (03-04-2007 12:58:39)
e-Mail enviado: serch87@gmail.com a las (03-04-2007 12:58:41)
e-Mail enviado: jlcatalanpablo@gmail.com a las (03-04-2007 12:58:43)
e-Mail enviado: blinklin@gmail.com a las (03-04-2007 12:58:45)
e-Mail enviado: auringal@gmail.com a las (03-04-2007 12:58:47)
e-Mail enviado: natachamenjibar@gmail.com a las (03-04-2007 12:58:49)
e-Mail enviado: bassoybasso@gmail.com a las (03-04-2007 12:58:51)
e-Mail enviado: reload_spain@hotmail.com a las (03-04-2007 12:58:53)
e-Mail enviado: alojoweb@gmail.com a las (03-04-2007 12:58:55)
e-Mail enviado: kowagunga@gmail.com a las (03-04-2007 12:58:57)
e-Mail enviado: cristiang777@gmail.com a las (03-04-2007 12:58:59)
e-Mail enviado: nkieto@yahoo.es a las (03-04-2007 12:59:01)
e-Mail enviado: orliy1@gmail.com a las (03-04-2007 12:59:03)
e-Mail enviado: byebyepirata@gmail.com a las (03-04-2007 12:59:05)
e-Mail enviado: roivesa@gmail.com a las (03-04-2007 12:59:07)
e-Mail enviado: jcloisp@hotmail.com a las (03-04-2007 12:59:09)
e-Mail enviado: franba2010@gmail.com a las (03-04-2007 12:59:11)
e-Mail enviado: cuentadeoscar@gmail.com a las (03-04-2007 12:59:13)
e-Mail enviado: psarmiento86@aol.com a las (03-04-2007 12:59:16)
e-Mail enviado: guibuu@gmail.com a las (03-04-2007 12:59:18)
e-Mail enviado: farconeti@gmail.com a las (03-04-2007 12:59:20)
e-Mail enviado: peazoloalto@gmail.com a las (03-04-2007 12:59:22)
e-Mail enviado: carloscabanillas@gmail.com a las (03-04-2007 12:59:24)
e-Mail enviado: konors@gmail.com a las (03-04-2007 12:59:26)
e-Mail enviado: jansola@gmail.com a las (03-04-2007 12:59:28)
e-Mail enviado: juan_in_sweden@yahoo.es a las (03-04-2007 12:59:30)
e-Mail enviado: looxpo@gmail.com a las (03-04-2007 12:59:32)
e-Mail enviado: cokie100@yahoo.es a las (03-04-2007 12:59:34)
e-Mail enviado: cadbadesign@gmail.com a las (03-04-2007 12:59:36)
e-Mail enviado: joshualaister@gmail.com a las (03-04-2007 12:59:38)
e-Mail enviado: periscat@gmail.com a las (03-04-2007 12:59:40)
e-Mail enviado: zyxcan@gmail.com a las (03-04-2007 12:59:42)
e-Mail enviado: dgiral@gmail.com a las (03-04-2007 12:59:44)
e-Mail enviado: spetec@gmail.com a las (03-04-2007 12:59:46)
e-Mail enviado: nargun@gmail.com a las (03-04-2007 12:59:48)
e-Mail enviado: erathor@iespana.es a las (03-04-2007 12:59:50)
e-Mail enviado: marcebest@gmail.com a las (03-04-2007 12:59:52)
e-Mail enviado: elbulldog@gmail.com a las (03-04-2007 12:59:54)
e-Mail enviado: phaciedy@hotmail.com a las (03-04-2007 12:59:56)
e-Mail enviado: ricardoventura@gmail.com a las (03-04-2007 12:59:58)
e-Mail enviado: ivela@xal.cat a las (03-04-2007 13:00:00)
e-Mail enviado: rolandojordan@gmail.com a las (03-04-2007 13:00:02)
e-Mail enviado: bloodybastards@gmail.com a las (03-04-2007 13:00:05)
e-Mail enviado: varo03varo@hotmail.com a las (03-04-2007 13:00:07)
e-Mail enviado: piccini.alberto@gmail.com a las (03-04-2007 13:00:09)
e-Mail enviado: eagoth@gmail.com a las (03-04-2007 13:00:11)
e-Mail enviado: curro@estragos.org a las (03-04-2007 13:00:13)
e-Mail enviado: absenthor@yahoo.es a las (03-04-2007 13:00:15)
e-Mail enviado: gorrias@gmail.com a las (03-04-2007 13:00:17)
e-Mail enviado: aladaris@gmail.com a las (03-04-2007 13:00:19)
e-Mail enviado: bontxi@karrajua.org a las (03-04-2007 13:00:21)
e-Mail enviado: invasores@gmail.com a las (03-04-2007 13:00:24)
e-Mail enviado: mordonez.sanchez@gmail.com a las (03-04-2007 13:00:26)
e-Mail enviado: aleix@capsule2.net a las (03-04-2007 13:00:28)
e-Mail enviado: kiklox@mail.ru a las (03-04-2007 13:00:30)
e-Mail enviado: sherikrot@gmail.com a las (03-04-2007 13:00:32)
e-Mail enviado: redes.00@gmail.com a las (03-04-2007 13:00:34)
e-Mail enviado: pk.joa2@gmail.com a las (03-04-2007 13:00:36)
e-Mail enviado: manwy@manwy.tk a las (03-04-2007 13:00:38)
e-Mail enviado: lluvio@hotmail.com a las (03-04-2007 13:00:40)
e-Mail enviado: rafixmo@gmail.com a las (03-04-2007 13:00:42)
e-Mail enviado: jas_esp@hotmail.com a las (03-04-2007 13:00:44)
e-Mail enviado: sergio.uribe@gmail.com a las (03-04-2007 13:00:46)
e-Mail enviado: quim.services@gmail.com a las (03-04-2007 13:00:48)
e-Mail enviado: sakarserier@gmail.com a las (03-04-2007 13:00:50)
e-Mail enviado: smirk.25@gmail.com a las (03-04-2007 13:00:53)
e-Mail enviado: ceclavin@gmail.com a las (03-04-2007 13:00:55)
e-Mail enviado: easofm@gmail.com a las (03-04-2007 13:00:57)
e-Mail enviado: vial.aguero@gmail.com a las (03-04-2007 13:00:59)
e-Mail enviado: morezno@gmail.com a las (03-04-2007 13:01:01)
e-Mail enviado: monty.ya35@gmail.com a las (03-04-2007 13:01:03)
e-Mail enviado: surikato@gmail.com a las (03-04-2007 13:01:05)
e-Mail enviado: victorjmendez@gmail.com a las (03-04-2007 13:01:07)
e-Mail enviado: luiss.puerto@gmail.com a las (03-04-2007 13:01:09)
e-Mail enviado: zoftweb@gmail.com a las (03-04-2007 13:01:11)
e-Mail enviado: mnu69@hotmail.com a las (03-04-2007 13:01:13)
e-Mail enviado: luiss.puerto.publica@gmail.com a las (03-04-2007 13:01:15)
e-Mail enviado: ojoxxx@gmail.com a las (03-04-2007 13:01:17)
e-Mail enviado: anibonsai@gmail.com a las (03-04-2007 13:01:19)
e-Mail enviado: ricardo@msl37.org a las (03-04-2007 13:01:21)
e-Mail enviado: damejiar@gmail.com a las (03-04-2007 13:01:23)
e-Mail enviado: omarjaimes@gmail.com a las (03-04-2007 13:01:25)
e-Mail enviado: comp.woman@gmail.com a las (03-04-2007 13:01:27)
e-Mail enviado: nicolasmensajes@yahoo.com.ar a las (03-04-2007 13:01:29)
e-Mail enviado: sebastiankalel@hotmail.com a las (03-04-2007 13:01:31)
e-Mail enviado: webnikolas@gmail.com a las (03-04-2007 13:01:33)
e-Mail enviado: eduboo5@yahoo.es a las (03-04-2007 13:01:35)
e-Mail enviado: luisjaime84@yahoo.com.ar a las (03-04-2007 13:01:37)
e-Mail enviado: juanguis2003@yahoo.com.ar a las (03-04-2007 13:01:39)
e-Mail enviado: diogoubes@gmail.com a las (03-04-2007 13:01:41)
e-Mail enviado: c_velarde@teleline.es a las (03-04-2007 13:01:43)
e-Mail enviado: forotecnologica@gmail.com a las (03-04-2007 13:01:45)
e-Mail enviado: alegrcontact@yahoo.es a las (03-04-2007 13:01:47)
e-Mail enviado: alnavarro@gmail.com a las (03-04-2007 13:01:49)
e-Mail enviado: ruben.elias@gmail.com a las (03-04-2007 13:01:51)
e-Mail enviado: billyfq@hotmail.com a las (03-04-2007 13:01:53)
e-Mail enviado: lacaval@arnet.com.ar a las (03-04-2007 13:01:55)
e-Mail enviado: donfaro@yahoo.es a las (03-04-2007 13:01:57)
e-Mail enviado: enriqueiv2004@gmail.com a las (03-04-2007 13:01:59)
e-Mail enviado: fede125@gmail.com a las (03-04-2007 13:02:02)
e-Mail enviado: victorgarces@hotmail.com a las (03-04-2007 13:02:04)
e-Mail enviado: yuumei2004@yahoo.com.mx a las (03-04-2007 13:02:06)
e-Mail enviado: pepeobregon_99@yahoo.com.mx a las (03-04-2007 13:02:08)
e-Mail enviado: touzon@telefonica.net a las (03-04-2007 13:02:10)
e-Mail enviado: las.mascotas@gmail.com a las (03-04-2007 13:02:12)
e-Mail enviado: jg.chapa@gmail.com a las (03-04-2007 13:02:14)
e-Mail enviado: emanuelcarreon@hotmail.com a las (03-04-2007 13:02:16)
e-Mail enviado: cga1601@gmail.com a las (03-04-2007 13:02:18)
e-Mail enviado: juan@pallerano.cl a las (03-04-2007 13:02:20)
e-Mail enviado: charlys@live.com a las (03-04-2007 13:02:22)
e-Mail enviado: barzana@um.es a las (03-04-2007 13:02:24)
e-Mail enviado: power3@gmail.com a las (03-04-2007 13:02:26)
e-Mail enviado: migrante@igijon.com a las (03-04-2007 13:02:28)
e-Mail enviado: tokyoupdate@gmail.com a las (03-04-2007 13:02:32)
e-Mail enviado: delapipol@terra.es a las (03-04-2007 13:02:34)
e-Mail enviado: bcarreras@gmail.com a las (03-04-2007 13:02:36)
e-Mail enviado: ll_loles@yahoo.com a las (03-04-2007 13:02:38)
e-Mail enviado: ga.andres@gmail.com a las (03-04-2007 13:02:40)
e-Mail enviado: petitjoy@gmail.com a las (03-04-2007 13:02:42)
e-Mail enviado: javiexpres@gmail.com a las (03-04-2007 13:02:44)
e-Mail enviado: fherher@canariastelecom.com a las (03-04-2007 13:02:46)
e-Mail enviado: aramac@gmail.com a las (03-04-2007 13:02:48)
e-Mail enviado: lu.riku@gmail.com a las (03-04-2007 13:02:50)
e-Mail enviado: dcarrero@ferca.com a las (03-04-2007 13:02:52)
e-Mail enviado: jaime@jaimeayala.com a las (03-04-2007 13:02:54)
e-Mail enviado: kenobimanu@terra.es a las (03-04-2007 13:02:56)
e-Mail enviado: tamvilvil@gmail.com a las (03-04-2007 13:02:58)
e-Mail enviado: aurelio.valdivieso@gmail.com a las (03-04-2007 13:03:00)
e-Mail enviado: gogimer@tut.by a las (03-04-2007 13:03:02)
e-Mail enviado: cronopiesca@gmail.com a las (03-04-2007 13:03:04)
e-Mail enviado: minilobo@gmail.com a las (03-04-2007 13:03:07)
e-Mail enviado: imeil@iespana.es a las (03-04-2007 13:03:09)
e-Mail enviado: josemague@gmail.com a las (03-04-2007 13:03:11)
e-Mail enviado: ancabalaj@gmail.com a las (03-04-2007 13:03:13)
e-Mail enviado: willybistuer@yahoo.es a las (03-04-2007 13:03:15)
e-Mail enviado: konechorro@gmail.com a las (03-04-2007 13:03:17)
e-Mail enviado: footballspeech@yahoo.es a las (03-04-2007 13:03:19)
e-Mail enviado: infobadoc@gmail.com a las (03-04-2007 13:03:21)
e-Mail enviado: akilespan@gmail.com a las (03-04-2007 13:03:23)
e-Mail enviado: ironfdez@hotmail.com a las (03-04-2007 13:03:25)
e-Mail enviado: hulius@gmail.com a las (03-04-2007 13:03:27)
e-Mail enviado: ahram65@gmail.com a las (03-04-2007 13:03:29)
e-Mail enviado: jmbarcena@gmail.com a las (03-04-2007 13:03:31)
e-Mail enviado: jaimesanchez@gmail.com a las (03-04-2007 13:03:33)
e-Mail enviado: admin@macropolis.org a las (03-04-2007 13:03:35)
e-Mail enviado: rondador0cuentas@gmail.com a las (03-04-2007 13:03:37)
e-Mail enviado: trancos123@gmail.com a las (03-04-2007 13:03:39)
e-Mail enviado: diroco@gmail.com a las (03-04-2007 13:03:41)
e-Mail enviado: jose.l.pastor@gmail.com a las (03-04-2007 13:03:43)
e-Mail enviado: jm_alonsos@yahoo.com a las (03-04-2007 13:03:45)
e-Mail enviado: pablo.blt@gmail.com a las (03-04-2007 13:03:47)
e-Mail enviado: borre65@hotmail.com a las (03-04-2007 13:03:50)
e-Mail enviado: borja.esteban@gmail.com a las (03-04-2007 13:03:52)
e-Mail enviado: jmarol@gmail.com a las (03-04-2007 13:03:54)
e-Mail enviado: urban2010@yahoo.com.mx a las (03-04-2007 13:03:56)
e-Mail enviado: chiki_cadiz@hotmail.com a las (03-04-2007 13:03:58)
e-Mail enviado: jochase@gmail.com a las (03-04-2007 13:04:00)
e-Mail enviado: alberto.reynolds@gmail.com a las (03-04-2007 13:04:02)
e-Mail enviado: liteas@gmail.com a las (03-04-2007 13:04:04)
e-Mail enviado: ruymtb@gmail.com a las (03-04-2007 13:04:06)
e-Mail enviado: akane.mfm@gmail.com a las (03-04-2007 13:04:08)
e-Mail enviado: shotgunbluesadmin@gmail.com a las (03-04-2007 13:04:10)
e-Mail enviado: betic0@gmail.com a las (03-04-2007 13:04:12)
e-Mail enviado: aranda.jj@gmail.com a las (03-04-2007 13:04:14)
e-Mail enviado: paio_yo@teleline.es a las (03-04-2007 13:04:16)
e-Mail enviado: revosoft@gmail.com a las (03-04-2007 13:04:18)
e-Mail enviado: etelos@cazorla.net a las (03-04-2007 13:04:20)
e-Mail enviado: casnmo@gmail.com a las (03-04-2007 13:04:22)
e-Mail enviado: gdguerrero@gmail.com a las (03-04-2007 13:04:24)
e-Mail enviado: akane_mfm@hotmail.com a las (03-04-2007 13:04:26)
e-Mail enviado: abrazosgratiscantabria@hotmail.com a las (03-04-2007 13:04:28)
e-Mail enviado: fernandosruiz@gmail.com a las (03-04-2007 13:04:30)
e-Mail enviado: raul.grijalva@hotmail.com a las (03-04-2007 13:04:32)
e-Mail enviado: luis@yafray.org a las (03-04-2007 13:04:35)
e-Mail enviado: lotraigomoreno@gmail.com a las (03-04-2007 13:04:37)
e-Mail enviado: xavi.xavi@gmail.com a las (03-04-2007 13:04:39)
e-Mail enviado: mente.olives@gmail.com a las (03-04-2007 13:04:41)
e-Mail enviado: nani.fernandez@gmail.com a las (03-04-2007 13:04:43)
e-Mail enviado: crash_overrayd@hotmail.com a las (03-04-2007 13:04:45)
e-Mail enviado: jaleon@gmail.com a las (03-04-2007 13:04:47)
e-Mail enviado: serni@serni.net a las (03-04-2007 13:04:49)
e-Mail enviado: holy.slayer@gmail.com a las (03-04-2007 13:04:51)
e-Mail enviado: karbagge@gmail.com a las (03-04-2007 13:04:53)
e-Mail enviado: alnaivens@gmail.com a las (03-04-2007 13:04:55)
e-Mail enviado: marcialgalvan@gmail.com a las (03-04-2007 13:04:57)
e-Mail enviado: renegm@gmail.com a las (03-04-2007 13:04:59)
e-Mail enviado: daniel.olmos@gmail.com a las (03-04-2007 13:05:01)
e-Mail enviado: nimind@gmail.com a las (03-04-2007 13:05:03)
e-Mail enviado: mfjp.mail@gmail.com a las (03-04-2007 13:05:05)
e-Mail enviado: unjoan.qualsevol@gmail.com a las (03-04-2007 13:05:07)
e-Mail enviado: zhurdi@hotmail.com a las (03-04-2007 13:05:09)
e-Mail enviado: tacometrico@gmail.com a las (03-04-2007 13:05:11)
e-Mail enviado: javier.quiros@gmail.com a las (03-04-2007 13:05:13)
e-Mail enviado: joaquin.rey@gmail.com a las (03-04-2007 13:05:15)
e-Mail enviado: xelloss1012@gmail.com a las (03-04-2007 13:05:17)
e-Mail enviado: m_safont@yahoo.es a las (03-04-2007 13:05:19)
e-Mail enviado: txebas@hotmail.com a las (03-04-2007 13:05:21)
e-Mail enviado: el.luna@gmail.com a las (03-04-2007 13:05:23)
e-Mail enviado: afrosatan@gmail.com a las (03-04-2007 13:05:25)
e-Mail enviado: igor.hernandez@gmail.com a las (03-04-2007 13:05:27)
e-Mail enviado: listas@vvadelpardillo.com a las (03-04-2007 13:05:29)
e-Mail enviado: adri.snappy@gmail.com a las (03-04-2007 13:05:31)
e-Mail enviado: elochan@gmail.com a las (03-04-2007 13:05:34)
e-Mail enviado: tregulez@hotmail.com a las (03-04-2007 13:05:36)
e-Mail enviado: fer.baguena@gmail.com a las (03-04-2007 13:05:38)
e-Mail enviado: sospechosos@gmail.com a las (03-04-2007 13:05:40)
e-Mail enviado: galonso@hormiconsa.es a las (03-04-2007 13:05:42)
e-Mail enviado: bokubu_003@hotmail.com a las (03-04-2007 13:05:44)
e-Mail enviado: canrodri@wanadoo.es a las (03-04-2007 13:05:46)
e-Mail enviado: jdbenitez@gmail.com a las (03-04-2007 13:05:48)
e-Mail enviado: mrsiir@gmail.com a las (03-04-2007 13:05:50)
e-Mail enviado: vdaigu@gmail.com a las (03-04-2007 13:05:52)
e-Mail enviado: makapillo@gmail.com a las (03-04-2007 13:05:54)
e-Mail enviado: lluisperezlozano@gmail.com a las (03-04-2007 13:05:56)
e-Mail enviado: esbroma@gmail.com a las (03-04-2007 13:05:58)
e-Mail enviado: massadepa@gmail.com a las (03-04-2007 13:06:00)
e-Mail enviado: chachon@gmail.com a las (03-04-2007 13:06:02)
e-Mail enviado: annaingles@gmail.com a las (03-04-2007 13:06:04)
e-Mail enviado: sballesteros1@gmail.com a las (03-04-2007 13:06:06)
e-Mail enviado: mavi@lasalvacion.net a las (03-04-2007 13:06:08)
e-Mail enviado: cepefernan@hotmail.com a las (03-04-2007 13:06:10)
e-Mail enviado: morens13@yahoo.es a las (03-04-2007 13:06:12)
e-Mail enviado: sidkortu@gmail.com a las (03-04-2007 13:06:14)
e-Mail enviado: lorenzopv@gmail.com a las (03-04-2007 13:06:17)
e-Mail enviado: kadmon@hotmail.com a las (03-04-2007 13:06:19)
e-Mail enviado: mer_jah@yahoo.es a las (03-04-2007 13:06:21)
e-Mail enviado: alexgp@ono.com a las (03-04-2007 13:06:23)
e-Mail enviado: basura@gallegostronica.com a las (03-04-2007 13:06:25)
e-Mail enviado: joseenrique.tk@gmail.com a las (03-04-2007 13:06:27)
e-Mail enviado: a.jara.a@gmail.com a las (03-04-2007 13:06:29)
e-Mail enviado: vinilo44@hotmail.com a las (03-04-2007 13:06:31)
e-Mail enviado: sporteamcv@gmail.com a las (03-04-2007 13:06:33)
e-Mail enviado: sam@ressaca.org a las (03-04-2007 13:06:35)
e-Mail enviado: mail1510382@bupkiss.net a las (03-04-2007 13:06:37)
e-Mail enviado: felmoltor@gmail.com a las (03-04-2007 13:06:39)
e-Mail enviado: kitinhos@gmail.com a las (03-04-2007 13:06:41)
e-Mail enviado: aguarate@gmail.com a las (03-04-2007 13:06:43)
e-Mail enviado: jzb8hdyqy7@mictur8.com a las (03-04-2007 13:06:45)
e-Mail enviado: uguibugui@gmail.com a las (03-04-2007 13:06:47)
e-Mail enviado: jose.moralo@gmail.com a las (03-04-2007 13:06:49)
e-Mail enviado: 7evenforce@gmail.com a las (03-04-2007 13:06:51)
e-Mail enviado: doom888@hotmail.com a las (03-04-2007 13:06:53)
e-Mail enviado: joanfusan@gmail.com a las (03-04-2007 13:06:55)
e-Mail enviado: volaya@ya.com a las (03-04-2007 13:06:57)
e-Mail enviado: oscar@montalbo.org a las (03-04-2007 13:06:59)
e-Mail enviado: javiermanzano@gmail.com a las (03-04-2007 13:07:01)
e-Mail enviado: pollo_klonico@hotmail.com a las (03-04-2007 13:07:03)
e-Mail enviado: mani14f@hotmail.com a las (03-04-2007 13:07:05)
e-Mail enviado: aingerugomez@gmail.com a las (03-04-2007 13:07:07)
e-Mail enviado: cocoloco82@gmail.com a las (03-04-2007 13:07:09)
e-Mail enviado: marioraja@gmail.com a las (03-04-2007 13:07:11)
e-Mail enviado: abenojarvirtual@gmail.com a las (03-04-2007 13:07:13)
e-Mail enviado: la.reina.colmena@gmail.com a las (03-04-2007 13:07:15)
e-Mail enviado: mikelodium@gmail.com a las (03-04-2007 13:07:17)
e-Mail enviado: sergiobl88@gmail.com a las (03-04-2007 13:07:19)
e-Mail enviado: marc.pinyol@gmail.com a las (03-04-2007 13:07:21)
e-Mail enviado: dsvcch@trashmail.net a las (03-04-2007 13:07:23)
e-Mail enviado: policrates@telefonica.net a las (03-04-2007 13:07:26)
e-Mail enviado: perromalo.es@gmail.com a las (03-04-2007 13:07:28)
e-Mail enviado: carlita_vlc@hotmail.com a las (03-04-2007 13:07:30)
e-Mail enviado: scalofrio@ono.com a las (03-04-2007 13:07:32)
e-Mail enviado: jakarrion@gmail.com a las (03-04-2007 13:07:34)
e-Mail enviado: doctorlivingston@gmail.com a las (03-04-2007 13:07:36)
e-Mail enviado: fearzip@gmail.com a las (03-04-2007 13:07:38)
e-Mail enviado: gogoigo@gmail.com a las (03-04-2007 13:07:40)
e-Mail enviado: unostipos@gmail.com a las (03-04-2007 13:07:42)
e-Mail enviado: jamal.marc@gmail.com a las (03-04-2007 13:07:44)
e-Mail enviado: aguilera3@gmail.com a las (03-04-2007 13:07:46)
e-Mail enviado: gusancar@hotmail.com a las (03-04-2007 13:07:48)
e-Mail enviado: stonfree@gmail.com a las (03-04-2007 13:07:50)
e-Mail enviado: diegoluisjaramillo@gmail.com a las (03-04-2007 13:07:52)
e-Mail enviado: dsv555@gmail.com a las (03-04-2007 13:07:54)
e-Mail enviado: pebs74@gmail.com a las (03-04-2007 13:07:56)
e-Mail enviado: miguelangel.fd@gmail.com a las (03-04-2007 13:07:58)
e-Mail enviado: ob188c@gmail.com a las (03-04-2007 13:08:01)
e-Mail enviado: enric89@gmail.com a las (03-04-2007 13:08:03)
e-Mail enviado: hugomarquez@gmail.com a las (03-04-2007 13:08:05)
e-Mail enviado: asdf@wekk.net a las (03-04-2007 13:08:07)
e-Mail enviado: jduran@ono.com a las (03-04-2007 13:08:09)
e-Mail enviado: comparte.panedu@gmail.com a las (03-04-2007 13:08:11)
e-Mail enviado: spapini@gmail.com a las (03-04-2007 13:08:13)
e-Mail enviado: hurior@gmail.com a las (03-04-2007 13:08:15)
e-Mail enviado: votojoven@votojoven.es a las (03-04-2007 13:08:17)
e-Mail enviado: guerrafco@gmail.com a las (03-04-2007 13:08:19)
e-Mail enviado: imonclus@gmail.com a las (03-04-2007 13:08:21)
e-Mail enviado: divxitalboy@gmail.com a las (03-04-2007 13:08:23)
e-Mail enviado: jpd@grefa.org a las (03-04-2007 13:08:25)
e-Mail enviado: totumrevolutum.blog@gmail.com a las (03-04-2007 13:08:27)
e-Mail enviado: nemsos@gmail.com a las (03-04-2007 13:08:29)
e-Mail enviado: axubix@gmail.com a las (03-04-2007 13:08:31)
e-Mail enviado: theeleb@gmail.com a las (03-04-2007 13:08:33)
e-Mail enviado: juanmoras@yahoo.es a las (03-04-2007 13:08:35)
e-Mail enviado: benjadant@yahoo.es a las (03-04-2007 13:08:37)
e-Mail enviado: almosqui@hotmail.com a las (03-04-2007 13:08:39)
e-Mail enviado: distronews@gmail.com a las (03-04-2007 13:08:41)
e-Mail enviado: marquezlaura06@googlemail.com a las (03-04-2007 13:08:44)
e-Mail enviado: javi.mapa@gmail.com a las (03-04-2007 13:08:46)
e-Mail enviado: info@telelibrilla.com a las (03-04-2007 13:08:48)
e-Mail enviado: amadorgs@hotmail.com a las (03-04-2007 13:08:50)
e-Mail enviado: putopaella@gmail.com a las (03-04-2007 13:08:52)
e-Mail enviado: hybrydo@gmail.com a las (03-04-2007 13:08:54)
e-Mail enviado: jlcubero@gmail.com a las (03-04-2007 13:08:56)
e-Mail enviado: oscarbenissa@gmail.com a las (03-04-2007 13:08:58)
e-Mail enviado: serge.tarkovski@gmail.com a las (03-04-2007 13:09:00)
e-Mail enviado: fodwid@gmail.com a las (03-04-2007 13:09:02)
e-Mail enviado: smurfdad@gmail.com a las (03-04-2007 13:09:04)
e-Mail enviado: 634443@gmail.com a las (03-04-2007 13:09:06)
e-Mail enviado: plvaldes@gmail.com a las (03-04-2007 13:09:08)
e-Mail enviado: iosu2ok@hotmail.com a las (03-04-2007 13:09:10)
e-Mail enviado: joseantonio.guirado@gmail.com a las (03-04-2007 13:09:12)
e-Mail enviado: rubensa@msn.com a las (03-04-2007 13:09:14)
e-Mail enviado: juancarcabuey@gmail.com a las (03-04-2007 13:09:17)
e-Mail enviado: pq2son2@yahoo.es a las (03-04-2007 13:09:19)
e-Mail enviado: cesarprietoballester@gmail.com a las (03-04-2007 13:09:21)
e-Mail enviado: antoniomartin@gmail.com a las (03-04-2007 13:09:23)
e-Mail enviado: fuentearmegil@gmail.com a las (03-04-2007 13:09:25)
e-Mail enviado: ianpaicefoz@gmail.com a las (03-04-2007 13:09:27)
e-Mail enviado: juanpa615@hotmail.com a las (03-04-2007 13:09:29)
e-Mail enviado: benaventej@gmail.com a las (03-04-2007 13:09:31)
e-Mail enviado: enric.madrigal@gmail.com a las (03-04-2007 13:09:33)
e-Mail enviado: itbsoft@gmail.com a las (03-04-2007 13:09:35)
e-Mail enviado: fplanzer@gmail.com a las (03-04-2007 13:09:37)
e-Mail enviado: wel@rockendirecto.com a las (03-04-2007 13:09:39)
e-Mail enviado: suevium@gmail.com a las (03-04-2007 13:09:41)
e-Mail enviado: tomeuleu@hotmail.com a las (03-04-2007 13:09:43)
e-Mail enviado: cabezadenabo@gmail.com a las (03-04-2007 13:09:46)
e-Mail enviado: ribe@ribesoftware.com a las (03-04-2007 13:09:48)
e-Mail enviado: dodert@gmail.com a las (03-04-2007 13:09:50)
e-Mail enviado: fdiazescribano@gmail.com a las (03-04-2007 13:09:52)
e-Mail enviado: soulhunter2@gmail.com a las (03-04-2007 13:09:54)
e-Mail enviado: alpeuj@gmail.com a las (03-04-2007 13:09:56)
e-Mail enviado: lenitron@gmail.com a las (03-04-2007 13:09:58)
e-Mail enviado: yago@villaverdelourido.net a las (03-04-2007 13:10:00)
e-Mail enviado: n3m3sis01@gmail.com a las (03-04-2007 13:10:02)
e-Mail enviado: klifffor@gmail.com a las (03-04-2007 13:10:04)
e-Mail enviado: iban.vazquez@gmail.com a las (03-04-2007 13:10:06)
e-Mail enviado: nianmual@gmail.com a las (03-04-2007 13:10:08)
e-Mail enviado: japavon@peeweez.net a las (03-04-2007 13:10:10)
e-Mail enviado: ccarccacha@msn.com a las (03-04-2007 13:10:12)
e-Mail enviado: sindrome.diogenes@gmail.com a las (03-04-2007 13:10:14)
e-Mail enviado: hippysalamanca@gmail.com a las (03-04-2007 13:10:16)
e-Mail enviado: rben1551@yahoo.es a las (03-04-2007 13:10:18)
e-Mail enviado: bass@josealberto.org a las (03-04-2007 13:10:20)
e-Mail enviado: orgackz@hotmail.com a las (03-04-2007 13:10:22)
e-Mail enviado: eduwilliam@hotmail.com a las (03-04-2007 13:10:24)
e-Mail enviado: p72pacav@gmail.com a las (03-04-2007 13:10:26)
e-Mail enviado: snakusnakusniak@yahoo.es a las (03-04-2007 13:10:28)
e-Mail enviado: elements79@hotmail.com a las (03-04-2007 13:10:31)
e-Mail enviado: freedomfactor@gmail.com a las (03-04-2007 13:10:33)
e-Mail enviado: elements79@gmail.com a las (03-04-2007 13:10:35)
e-Mail enviado: dirlivo@gmail.com a las (03-04-2007 13:10:37)
e-Mail enviado: pablopm@gmail.com a las (03-04-2007 13:10:39)
e-Mail enviado: roberto.santos@hispalinux.es a las (03-04-2007 13:10:41)
e-Mail enviado: herrero.m@gmail.com a las (03-04-2007 13:10:43)
e-Mail enviado: torcuato@gmail.com a las (03-04-2007 13:10:45)
e-Mail enviado: neojordan@gmail.com a las (03-04-2007 13:10:47)
e-Mail enviado: fer@canarias.org a las (03-04-2007 13:10:49)
e-Mail enviado: juancarlos.romero@gmail.com a las (03-04-2007 13:10:51)
e-Mail enviado: feelfreetospamme@gmail.com a las (03-04-2007 13:10:53)
e-Mail enviado: littledebian@yahoo.es a las (03-04-2007 13:10:55)
e-Mail enviado: althorlaela@gmail.com a las (03-04-2007 13:10:57)
e-Mail enviado: rfretuerto@gmail.com a las (03-04-2007 13:10:59)
e-Mail enviado: gpc@cosude.org a las (03-04-2007 13:11:01)
e-Mail enviado: krlos_gp@yahoo.es a las (03-04-2007 13:11:03)
e-Mail enviado: ermejor1055@gmail.com a las (03-04-2007 13:11:05)
e-Mail enviado: virtualxmm@gmail.com a las (03-04-2007 13:11:07)
e-Mail enviado: ozioko@gmail.com a las (03-04-2007 13:11:09)
e-Mail enviado: pluimar@gmail.com a las (03-04-2007 13:11:11)
e-Mail enviado: lkurtl@gmail.com a las (03-04-2007 13:11:13)
e-Mail enviado: jehuty46@gmail.com a las (03-04-2007 13:11:15)
e-Mail enviado: liksee@jamj.org a las (03-04-2007 13:11:17)
e-Mail enviado: enfermodevicio@gmail.com a las (03-04-2007 13:11:19)
e-Mail enviado: arashi.sensei@gmail.com a las (03-04-2007 13:11:21)
e-Mail enviado: spain_ar@hotmail.com a las (03-04-2007 13:11:24)
e-Mail enviado: jackepc@gmail.com a las (03-04-2007 13:11:26)
e-Mail enviado: regdis@yahoo.es a las (03-04-2007 13:11:28)
e-Mail enviado: antonioluis@gmail.com a las (03-04-2007 13:11:30)
e-Mail enviado: xacobo@gmail.com a las (03-04-2007 13:11:32)
e-Mail enviado: pablofnaranjo@gmail.com a las (03-04-2007 13:11:34)
e-Mail enviado: xsr2@hotmail.com a las (03-04-2007 13:11:36)
e-Mail enviado: arleydaza@gmail.com a las (03-04-2007 13:11:38)
e-Mail enviado: criperworld@yahoo.es a las (03-04-2007 13:11:40)
e-Mail enviado: persepole@gmail.com a las (03-04-2007 13:11:42)
e-Mail enviado: canellone@gmail.com a las (03-04-2007 13:11:44)
e-Mail enviado: azu@wekk.net a las (03-04-2007 13:11:46)
e-Mail enviado: erusa_kun@hotmail.com a las (03-04-2007 13:11:48)
e-Mail enviado: carlosjulioperez@gmail.com a las (03-04-2007 13:11:50)
e-Mail enviado: masotelof@gmail.com a las (03-04-2007 13:11:52)
e-Mail enviado: gonzalo@onzostudio.com a las (03-04-2007 13:11:54)
e-Mail enviado: diogocarvalho@gmail.com a las (03-04-2007 13:11:56)
e-Mail enviado: fgth@wda.com a las (03-04-2007 13:11:58)
e-Mail enviado: rikardogarzon@gmail.com a las (03-04-2007 13:12:00)
e-Mail enviado: sergi77@gmail.com a las (03-04-2007 13:12:02)
e-Mail enviado: tradublog@gmail.com a las (03-04-2007 13:12:04)
e-Mail enviado: the_master_jr@hotmail.com a las (03-04-2007 13:12:06)
e-Mail enviado: humberto.salazarpacios@gmail.com a las (03-04-2007 13:12:09)
e-Mail enviado: arr.info@gmail.com a las (03-04-2007 13:12:11)
e-Mail enviado: redalmona@gmail.com a las (03-04-2007 13:12:13)
e-Mail enviado: alatarcete@gmail.com a las (03-04-2007 13:12:15)
e-Mail enviado: rafagames92@hotmail.com a las (03-04-2007 13:12:17)
e-Mail enviado: carinos.carlos@gmail.com a las (03-04-2007 13:12:19)
e-Mail enviado: nmcruz@netcabo.pt a las (03-04-2007 13:12:21)
e-Mail enviado: obadiola@gmail.com a las (03-04-2007 13:12:23)
e-Mail enviado: sirgonza@hotmail.com a las (03-04-2007 13:12:26)
e-Mail enviado: guillem@cantallops.net a las (03-04-2007 13:12:28)
e-Mail enviado: capileiratic@gmail.com a las (03-04-2007 13:12:30)
e-Mail enviado: histeriaindark@gmail.com a las (03-04-2007 13:12:32)
e-Mail enviado: jarg82@gmail.com a las (03-04-2007 13:12:34)
e-Mail enviado: info@otakuniverse.com a las (03-04-2007 13:12:36)
e-Mail enviado: jesusmadrid4@yahoo.es a las (03-04-2007 13:12:38)
e-Mail enviado: cvelascof@gmail.com a las (03-04-2007 13:12:40)
e-Mail enviado: w00t.xy@gmail.com a las (03-04-2007 13:12:42)
e-Mail enviado: louis17acustico@hotmail.com a las (03-04-2007 13:12:44)
e-Mail enviado: corrius@gmail.com a las (03-04-2007 13:12:46)
e-Mail enviado: daniehgn@gmail.com a las (03-04-2007 13:12:48)
e-Mail enviado: caminatas3@hotmail.com a las (03-04-2007 13:12:50)
e-Mail enviado: e.minguez@gmail.com a las (03-04-2007 13:12:52)
e-Mail enviado: kilaine3000@hotmail.com a las (03-04-2007 13:12:54)
e-Mail enviado: talorda@gmail.com a las (03-04-2007 13:12:57)
e-Mail enviado: egudon@gmail.com a las (03-04-2007 13:12:59)
e-Mail enviado: xmedos@gmail.com a las (03-04-2007 13:13:01)
e-Mail enviado: prettygirl_20_spain@yahoo.es a las (03-04-2007 13:13:03)
e-Mail enviado: paxtillero@hotmail.com a las (03-04-2007 13:13:05)
e-Mail enviado: neregauzak@gmail.com a las (03-04-2007 13:13:07)
e-Mail enviado: ngt34@hotmail.com a las (03-04-2007 13:13:09)
e-Mail enviado: encarnegin@gmail.com a las (03-04-2007 13:13:11)
e-Mail enviado: mena_pablito@hotmail.com a las (03-04-2007 13:13:13)
e-Mail enviado: blogabundo@gmail.com a las (03-04-2007 13:13:15)
e-Mail enviado: cente84h@yahoo.com.ar a las (03-04-2007 13:13:17)
e-Mail enviado: idrospam@gmail.com a las (03-04-2007 13:13:19)
e-Mail enviado: sergiocores@hotmail.com a las (03-04-2007 13:13:21)
e-Mail enviado: jm_gonzaga@hotmail.com a las (03-04-2007 13:13:23)
e-Mail enviado: pieterpaul@yahoo.com a las (03-04-2007 13:13:25)
e-Mail enviado: egoitza@gmail.com a las (03-04-2007 13:13:27)
e-Mail enviado: te_rahaka@yahoo.es a las (03-04-2007 13:13:29)
e-Mail enviado: lgonzale@platea.pntic.mec.es a las (03-04-2007 13:13:32)
e-Mail enviado: jisbco@gmail.com a las (03-04-2007 13:13:34)
e-Mail enviado: luisgonzalez.luis@gmail.com a las (03-04-2007 13:13:36)
e-Mail enviado: aparicioea@hotmail.com a las (03-04-2007 13:13:38)
e-Mail enviado: bulfaiter@gmail.com a las (03-04-2007 13:13:40)
e-Mail enviado: zaforas@gmail.com a las (03-04-2007 13:13:42)
e-Mail enviado: elcobradorx@yahoo.es a las (03-04-2007 13:13:44)
e-Mail enviado: m040601@yahoo.com a las (03-04-2007 13:13:46)
e-Mail enviado: xtrogiba@gmail.com a las (03-04-2007 13:13:48)
e-Mail enviado: sergimd@gmail.com a las (03-04-2007 13:13:50)
e-Mail enviado: cartetai@gmail.com a las (03-04-2007 13:13:52)
e-Mail enviado: julianlm@gmail.com a las (03-04-2007 13:13:54)
e-Mail enviado: juancarloscmf@gmail.com a las (03-04-2007 13:13:56)
e-Mail enviado: pbl.snchz@gmail.com a las (03-04-2007 13:13:58)
e-Mail enviado: davidwuzhang@yahoo.es a las (03-04-2007 13:14:00)
e-Mail enviado: dubidu98@hotmail.com a las (03-04-2007 13:14:02)
e-Mail enviado: msvalverde@gmail.com a las (03-04-2007 13:14:04)
e-Mail enviado: danifergo_@hotmail.com a las (03-04-2007 13:14:06)
e-Mail enviado: german.laser@gmail.com a las (03-04-2007 13:14:08)
e-Mail enviado: pepequique123@yahoo.es a las (03-04-2007 13:14:10)
e-Mail enviado: oscarva@gmail.com a las (03-04-2007 13:14:12)
e-Mail enviado: sereuca@gmail.com a las (03-04-2007 13:14:14)
e-Mail enviado: ajer22@yahoo.es a las (03-04-2007 13:14:16)
e-Mail enviado: clon89@gmail.com a las (03-04-2007 13:14:18)
e-Mail enviado: antonio.becerra@gmail.com a las (03-04-2007 13:14:20)
e-Mail enviado: krahsin@gmail.com a las (03-04-2007 13:14:23)
e-Mail enviado: linkercl@gmail.com a las (03-04-2007 13:14:25)
e-Mail enviado: raul@adlead.com a las (03-04-2007 13:14:27)
e-Mail enviado: mruiz.blanco@gmail.com a las (03-04-2007 13:14:29)
e-Mail enviado: baltolkien@gmail.com a las (03-04-2007 13:14:31)
e-Mail enviado: lermit@yahoo.com a las (03-04-2007 13:14:33)
e-Mail enviado: sergimd@hotmail.com a las (03-04-2007 13:14:35)
e-Mail enviado: lynksee@galponartes.com.ar a las (03-04-2007 13:14:37)
e-Mail enviado: juandiego1983@gmail.com a las (03-04-2007 13:14:39)
e-Mail enviado: elfantito@gmail.com a las (03-04-2007 13:14:41)
e-Mail enviado: kepassatio@tiscali.es a las (03-04-2007 13:14:43)
e-Mail enviado: vitocru@gmail.com a las (03-04-2007 13:14:45)
e-Mail enviado: zunbado@altctrlsupr.net a las (03-04-2007 13:14:47)
e-Mail enviado: mynameis_tylerdurden@hotmail.com a las (03-04-2007 13:14:49)
e-Mail enviado: esfumado@gmail.com a las (03-04-2007 13:14:51)
e-Mail enviado: juanarmentia@gmail.com a las (03-04-2007 13:14:53)
e-Mail enviado: gade.tenfe@gmail.com a las (03-04-2007 13:14:56)
e-Mail enviado: juanmari@castrocid.com a las (03-04-2007 13:14:58)
e-Mail enviado: rotialweb@yahoo.es a las (03-04-2007 13:15:00)
e-Mail enviado: kin_flash@yahoo.es a las (03-04-2007 13:15:02)
e-Mail enviado: rulmalder@gmail.com a las (03-04-2007 13:15:04)
e-Mail enviado: pabloale@hotmail.com a las (03-04-2007 13:15:06)
e-Mail enviado: teox777@gmail.com a las (03-04-2007 13:15:08)
e-Mail enviado: eduardohrz@gmail.com a las (03-04-2007 13:15:10)
e-Mail enviado: sebastian.vallejoc@gmail.com a las (03-04-2007 13:15:12)
e-Mail enviado: hac.in.hora@gmail.com a las (03-04-2007 13:15:14)
e-Mail enviado: edder.rojas@gmail.com a las (03-04-2007 13:15:16)
e-Mail enviado: info@muadiv.com.ar a las (03-04-2007 13:15:18)
e-Mail enviado: arturo.alee@gmail.com a las (03-04-2007 13:15:20)
e-Mail enviado: vgserrano@gmail.com a las (03-04-2007 13:15:22)
e-Mail enviado: javierdurom@gmail.com a las (03-04-2007 13:15:24)
e-Mail enviado: ruidoweb@hotmail.com a las (03-04-2007 13:15:27)
e-Mail enviado: thinway.regs@gmail.com a las (03-04-2007 13:15:29)
e-Mail enviado: felipe22@gmail.com a las (03-04-2007 13:15:31)
e-Mail enviado: mati86_dl@yahoo.com.ar a las (03-04-2007 13:15:33)
e-Mail enviado: manuelfragacastro@gmail.com a las (03-04-2007 13:15:35)
e-Mail enviado: muzzol@gmail.com a las (03-04-2007 13:15:37)
e-Mail enviado: nosoyantix@msn.com a las (03-04-2007 13:15:39)
e-Mail enviado: neox32000@yahoo.com.mx a las (03-04-2007 13:15:41)
e-Mail enviado: manuel.ortiz.rodriguez@gmail.com a las (03-04-2007 13:15:43)
e-Mail enviado: torino0000@gmail.com a las (03-04-2007 13:15:45)
e-Mail enviado: antoniosalgado@gmail.com a las (03-04-2007 13:15:47)
e-Mail enviado: selbrain@gmail.com a las (03-04-2007 13:15:49)
e-Mail enviado: merovintgio@hotmail.com a las (03-04-2007 13:15:51)
e-Mail enviado: xancadaval@gmail.com a las (03-04-2007 13:15:53)
e-Mail enviado: jofelrup@gmail.com a las (03-04-2007 13:15:55)
e-Mail enviado: alfredo.valles@gmail.com a las (03-04-2007 13:15:57)
e-Mail enviado: carlosd.marino@gmail.com a las (03-04-2007 13:15:59)
e-Mail enviado: poperbu@gmail.com a las (03-04-2007 13:16:01)
e-Mail enviado: correuxyz@gmail.com a las (03-04-2007 13:16:03)
e-Mail enviado: cfranulic@og.cl a las (03-04-2007 13:16:05)
e-Mail enviado: afelipe.listas@gmail.com a las (03-04-2007 13:16:07)
e-Mail enviado: linuxuario@gmail.com a las (03-04-2007 13:16:09)
e-Mail enviado: metalsoft@starmedia.com a las (03-04-2007 13:16:12)
e-Mail enviado: etweb@yahoo.com a las (03-04-2007 13:16:14)
e-Mail enviado: m220@spaml.com a las (03-04-2007 13:16:16)
e-Mail enviado: kaluna@gmail.com a las (03-04-2007 13:16:18)
e-Mail enviado: mentalware@gmail.com a las (03-04-2007 13:16:20)
e-Mail enviado: mikechapel@gmail.com a las (03-04-2007 13:16:22)
e-Mail enviado: carlpedo@hotmail.com a las (03-04-2007 13:16:24)
e-Mail enviado: coco@coco.com a las (03-04-2007 13:16:26)
e-Mail enviado: pepebotellas@gmail.com a las (03-04-2007 13:16:28)
e-Mail enviado: karliky@gmail.com a las (03-04-2007 13:16:30)
e-Mail enviado: duckman.666@gmail.com a las (03-04-2007 13:16:32)
e-Mail enviado: melon.diesel@gmail.com a las (03-04-2007 13:16:34)
e-Mail enviado: michinho@gmail.com a las (03-04-2007 13:16:36)
e-Mail enviado: josuethe@yahoo.com a las (03-04-2007 13:16:38)
e-Mail enviado: kemura@gmail.com a las (03-04-2007 13:16:40)
e-Mail enviado: dejitaru@gmail.com a las (03-04-2007 13:16:42)
e-Mail enviado: sergiozzzu@gmail.com a las (03-04-2007 13:16:44)
e-Mail enviado: coldmeat@gmail.com a las (03-04-2007 13:16:46)
e-Mail enviado: prosquitecto@gmail.com a las (03-04-2007 13:16:48)
e-Mail enviado: amatute@intermundial.es a las (03-04-2007 13:16:50)
e-Mail enviado: lynksee.kezmanu@spamgourmet.com a las (03-04-2007 13:16:52)
e-Mail enviado: hoskar@bigfoot.com a las (03-04-2007 13:16:54)
e-Mail enviado: viko@pobladores.com a las (03-04-2007 13:16:56)
e-Mail enviado: cruelenemigo@gmail.com a las (03-04-2007 13:16:58)
e-Mail enviado: nicolasel77@gmail.com a las (03-04-2007 13:17:00)
e-Mail enviado: raiden32@gmail.com a las (03-04-2007 13:17:03)
e-Mail enviado: emiliopm@gmail.com a las (03-04-2007 13:17:05)
e-Mail enviado: jfn131@hotmail.com a las (03-04-2007 13:17:07)
e-Mail enviado: tomoa1@gmail.com a las (03-04-2007 13:17:09)
e-Mail enviado: rafaca33@yahoo.es a las (03-04-2007 13:17:11)
e-Mail enviado: axold07@gmail.com a las (03-04-2007 13:17:13)
e-Mail enviado: leopoldo.deleon@delphosoft.com a las (03-04-2007 13:17:15)
e-Mail enviado: perik1979@gmail.com a las (03-04-2007 13:17:17)
e-Mail enviado: mosneacs00@gmail.com a las (03-04-2007 13:17:19)
e-Mail enviado: kepa10@hotmail.com a las (03-04-2007 13:17:21)
e-Mail enviado: imagoteca@gmail.com a las (03-04-2007 13:17:23)
e-Mail enviado: cmartinell@telefonica.net a las (03-04-2007 13:17:25)
e-Mail enviado: leopoldo.deleon@gmail.com a las (03-04-2007 13:17:27)
e-Mail enviado: vik_tor_res@yahoo.com a las (03-04-2007 13:17:29)
e-Mail enviado: bgamaro80@gmail.com a las (03-04-2007 13:17:31)
e-Mail enviado: r_jander@yahoo.com a las (03-04-2007 13:17:33)
e-Mail enviado: riveck@gmail.com a las (03-04-2007 13:17:35)
e-Mail enviado: enriquem@adinet.com.uy a las (03-04-2007 13:17:37)
e-Mail enviado: pcastrog@gmail.com a las (03-04-2007 13:17:39)
e-Mail enviado: paufont@gmail.com a las (03-04-2007 13:17:41)
e-Mail enviado: piratednetwork@gmail.com a las (03-04-2007 13:17:43)
e-Mail enviado: ryujin.folken@gmail.com a las (03-04-2007 13:17:45)
e-Mail enviado: comotxola@gmail.com a las (03-04-2007 13:17:47)
e-Mail enviado: edgarpascacio@gmail.com a las (03-04-2007 13:17:50)
e-Mail enviado: fili.cd@gmail.com a las (03-04-2007 13:17:52)
e-Mail enviado: kampyacr@hotmail.com a las (03-04-2007 13:17:54)
e-Mail enviado: dalvarez@starlinux.net a las (03-04-2007 13:17:56)
e-Mail enviado: hnromo@gmail.com a las (03-04-2007 13:17:58)
e-Mail enviado: michel2012@gmail.com a las (03-04-2007 13:18:00)
e-Mail enviado: zoet13@espora.org a las (03-04-2007 13:18:02)
e-Mail enviado: sousa.daniela@gmail.com a las (03-04-2007 13:18:04)
e-Mail enviado: maniacpc@gmail.com a las (03-04-2007 13:18:06)
e-Mail enviado: xoubanet@gmail.com a las (03-04-2007 13:18:08)
e-Mail enviado: sanchopanzablog@gmail.com a las (03-04-2007 13:18:10)
e-Mail enviado: dadotres@terra.es a las (03-04-2007 13:18:12)
e-Mail enviado: oscarmire@gmail.com a las (03-04-2007 13:18:14)
e-Mail enviado: jaasan.lea@gmail.com a las (03-04-2007 13:18:16)
e-Mail enviado: arecojavier@yahoo.com a las (03-04-2007 13:18:18)
e-Mail enviado: arian@jad.es a las (03-04-2007 13:18:20)
e-Mail enviado: rafa_el_kings@hotmail.com a las (03-04-2007 13:18:22)
e-Mail enviado: anuirpowell@gmail.com a las (03-04-2007 13:18:24)
e-Mail enviado: jdzine@gmail.com a las (03-04-2007 13:18:27)
e-Mail enviado: knonux@gmail.com a las (03-04-2007 13:18:29)
e-Mail enviado: saridonia@yahoo.es a las (03-04-2007 13:18:31)
e-Mail enviado: raulgarena@gmail.com a las (03-04-2007 13:18:33)
e-Mail enviado: belentt@gmail.com a las (03-04-2007 13:18:35)
e-Mail enviado: elcorreodefelix@gmail.com a las (03-04-2007 13:18:37)
e-Mail enviado: carakan@gmail.com a las (03-04-2007 13:18:39)
e-Mail enviado: fergui@gmail.com a las (03-04-2007 13:18:41)
e-Mail enviado: shawe.ewahs@gmail.com a las (03-04-2007 13:18:43)
e-Mail enviado: zeusolimpo@fastmail.fm a las (03-04-2007 13:18:45)
e-Mail enviado: danielmartinezsepulveda@yahoo.es a las (03-04-2007 13:18:47)
e-Mail enviado: almacenamientodv@gmail.com a las (03-04-2007 13:18:49)
e-Mail enviado: jomer@alumni.uv.es a las (03-04-2007 13:18:51)
e-Mail enviado: zeeek60@gmail.com a las (03-04-2007 13:18:53)
e-Mail enviado: jacintosan@gmail.com a las (03-04-2007 13:18:55)
e-Mail enviado: arielcamino@gmail.com a las (03-04-2007 13:18:57)
e-Mail enviado: ikel8@hotmail.com a las (03-04-2007 13:18:59)
e-Mail enviado: n.aesux@gmail.com a las (03-04-2007 13:19:01)
e-Mail enviado: odeb2608@gmail.com a las (03-04-2007 13:19:03)
e-Mail enviado: pinaton@gmail.com a las (03-04-2007 13:19:05)
e-Mail enviado: fantasticmit@hotmail.com a las (03-04-2007 13:19:07)
e-Mail enviado: ricalue@ciudad.com.ar a las (03-04-2007 13:19:09)
e-Mail enviado: yomero_yomero@hotmail.com a las (03-04-2007 13:19:11)
e-Mail enviado: efit@3xl.net a las (03-04-2007 13:19:13)
e-Mail enviado: valmont.80@gmail.com a las (03-04-2007 13:19:15)
e-Mail enviado: mntata@gmail.com a las (03-04-2007 13:19:18)
e-Mail enviado: plantanabos@gmail.com a las (03-04-2007 13:19:20)
e-Mail enviado: markuzodin@gmail.com a las (03-04-2007 13:19:22)
e-Mail enviado: vitrinho@telepolis.com a las (03-04-2007 13:19:24)
e-Mail enviado: lopezmartinasesores@yahoo.es a las (03-04-2007 13:19:26)
e-Mail enviado: dlshome_yo@hotmail.com a las (03-04-2007 13:19:28)
e-Mail enviado: juanchasp@gmail.com a las (03-04-2007 13:19:30)
e-Mail enviado: maninoeldelbafle@yahoo.es a las (03-04-2007 13:19:32)
e-Mail enviado: alberto.verdoy@gmail.com a las (03-04-2007 13:19:34)
e-Mail enviado: chema@mail.com a las (03-04-2007 13:19:36)
e-Mail enviado: oscargoya_1991@hotmail.com a las (03-04-2007 13:19:38)
e-Mail enviado: guillemades@gmail.com a las (03-04-2007 13:19:40)
e-Mail enviado: carlos.marin@gmail.com a las (03-04-2007 13:19:42)
e-Mail enviado: silenthades@gmail.com a las (03-04-2007 13:19:44)
e-Mail enviado: eresjavi@hotmail.com a las (03-04-2007 13:19:46)
e-Mail enviado: doctorkripton@gmail.com a las (03-04-2007 13:19:48)
e-Mail enviado: angelopezc@gmail.com a las (03-04-2007 13:19:50)
e-Mail enviado: jelkogar@gmail.com a las (03-04-2007 13:19:52)
e-Mail enviado: m.charriere@gmail.com a las (03-04-2007 13:19:54)
e-Mail enviado: massimosapia@gmail.com a las (03-04-2007 13:19:57)
e-Mail enviado: admin@teatrosdemardel.com.ar a las (03-04-2007 13:19:59)
e-Mail enviado: triskeltux@gmail.com a las (03-04-2007 13:20:01)
e-Mail enviado: lemon@canuda.net a las (03-04-2007 13:20:03)
e-Mail enviado: murcianica77@hotmail.com a las (03-04-2007 13:20:05)
e-Mail enviado: javiermarol14@hotmail.com a las (03-04-2007 13:20:07)
e-Mail enviado: eskorpio@gmail.com a las (03-04-2007 13:20:09)
e-Mail enviado: ematamala@msoluciones.cl a las (03-04-2007 13:20:11)
e-Mail enviado: cwv6kshg2j410dp@temporaryinbox.com a las (03-04-2007 13:20:13)
e-Mail enviado: jlcebollada@gmail.com a las (03-04-2007 13:20:16)
e-Mail enviado: gmoya81@gmail.com a las (03-04-2007 13:20:18)
e-Mail enviado: axel@paskola.com a las (03-04-2007 13:20:20)
e-Mail enviado: cubiviman@gmail.com a las (03-04-2007 13:20:22)
e-Mail enviado: caineju@gmail.com a las (03-04-2007 13:20:24)
e-Mail enviado: sherpa_74@yahoo.com a las (03-04-2007 13:20:26)
e-Mail enviado: belaljimez@gmail.com a las (03-04-2007 13:20:28)
e-Mail enviado: nekolan@gmail.com a las (03-04-2007 13:20:30)
e-Mail enviado: kapirex@gmail.com a las (03-04-2007 13:20:32)
e-Mail enviado: danielvak@gmail.com a las (03-04-2007 13:20:34)
e-Mail enviado: eckelon@gmail.com a las (03-04-2007 13:20:36)
e-Mail enviado: juanluber35@hotmail.com a las (03-04-2007 13:20:38)
e-Mail enviado: ivanvx@hotmail.com a las (03-04-2007 13:20:40)
e-Mail enviado: serpini@gmail.com a las (03-04-2007 13:20:42)
e-Mail enviado: silviaalejandra@gmail.com a las (03-04-2007 13:20:44)
e-Mail enviado: elpayasopogo@hotmail.com a las (03-04-2007 13:20:46)
e-Mail enviado: eballah@gmail.com a las (03-04-2007 13:20:48)
e-Mail enviado: marcos.cifuentes@gmail.com a las (03-04-2007 13:20:50)
e-Mail enviado: lalcaraz@gmail.com a las (03-04-2007 13:20:52)
e-Mail enviado: pdazagarcia@gmail.com a las (03-04-2007 13:20:54)
e-Mail enviado: no_me_a_cuerdo@yahoo.es a las (03-04-2007 13:20:56)
e-Mail enviado: rafaelf@telefonica.net a las (03-04-2007 13:20:58)
e-Mail enviado: nashmerville@gmail.com a las (03-04-2007 13:21:01)
e-Mail enviado: ciberskuark@gmail.com a las (03-04-2007 13:21:03)
e-Mail enviado: verderi@gmail.com a las (03-04-2007 13:21:05)
e-Mail enviado: infomiguel@yahoo.com a las (03-04-2007 13:21:07)
e-Mail enviado: juanpare@gmail.com a las (03-04-2007 13:21:09)
e-Mail enviado: jalaja@hispavista.com a las (03-04-2007 13:21:11)
e-Mail enviado: gcgcggcc@gmail.com a las (03-04-2007 13:21:13)
e-Mail enviado: mrpetah@gmail.com a las (03-04-2007 13:21:15)
e-Mail enviado: jrodmar@terra.es a las (03-04-2007 13:21:17)
e-Mail enviado: robertet1@robertet1.com a las (03-04-2007 13:21:19)
e-Mail enviado: manada.sscc@gmail.com a las (03-04-2007 13:21:21)
e-Mail enviado: josece@gmail.com a las (03-04-2007 13:21:24)
e-Mail enviado: cookuwei@hotmail.com a las (03-04-2007 13:21:26)
e-Mail enviado: logan306@gmail.com a las (03-04-2007 13:21:28)
e-Mail enviado: thomas@eduquipa.com a las (03-04-2007 13:21:30)
e-Mail enviado: neoyagami@gmail.com a las (03-04-2007 13:21:32)
e-Mail enviado: jiajouster@gmail.com a las (03-04-2007 13:21:34)
e-Mail enviado: instructorpasco@gmail.com a las (03-04-2007 13:21:36)
e-Mail enviado: tutocarrasco@gmail.com a las (03-04-2007 13:21:38)
e-Mail enviado: daniel.yogui@gmail.com a las (03-04-2007 13:21:40)
e-Mail enviado: leugim.lara@gmail.com a las (03-04-2007 13:21:42)
e-Mail enviado: rrescobar@yahoo.com a las (03-04-2007 13:21:44)
e-Mail enviado: pecesama@hotmail.com a las (03-04-2007 13:21:47)
e-Mail enviado: vbracco@gmail.com a las (03-04-2007 13:21:49)
e-Mail enviado: pengbone@gmail.com a las (03-04-2007 13:21:51)
e-Mail enviado: zhangshuren@gmail.com a las (03-04-2007 13:21:53)
e-Mail enviado: highdog@gmail.com a las (03-04-2007 13:21:55)
e-Mail enviado: rustov@gmail.com a las (03-04-2007 13:21:57)
e-Mail enviado: zhesto@gmail.com a las (03-04-2007 13:21:59)
e-Mail enviado: royhomar@hotmail.com a las (03-04-2007 13:22:01)
e-Mail enviado: ideando@gmail.com a las (03-04-2007 13:22:03)
e-Mail enviado: ruizone@gmail.com a las (03-04-2007 13:22:05)
e-Mail enviado: zombie007@gmail.com a las (03-04-2007 13:22:07)
e-Mail enviado: edwardcastellon@yahoo.com a las (03-04-2007 13:22:09)
e-Mail enviado: 3289hedfwh@163.com a las (03-04-2007 13:22:11)
e-Mail enviado: adrian.bonas@gmail.com a las (03-04-2007 13:22:13)
e-Mail enviado: naz.hack@gmail.com a las (03-04-2007 13:22:15)
e-Mail enviado: luckypoem@gmail.com a las (03-04-2007 13:22:17)
e-Mail enviado: acuariuz@gmail.com a las (03-04-2007 13:22:19)
e-Mail enviado: watersound@gmail.com a las (03-04-2007 13:22:21)
e-Mail enviado: centrosdepadres@hotmail.com a las (03-04-2007 13:22:24)
e-Mail enviado: rainofchaos@gmail.com a las (03-04-2007 13:22:26)
e-Mail enviado: yangxiao9901@126.com a las (03-04-2007 13:22:28)
e-Mail enviado: sun007002@gmail.com a las (03-04-2007 13:22:30)
e-Mail enviado: mybach@21cn.com a las (03-04-2007 13:22:32)
e-Mail enviado: jmsv789@gmail.com a las (03-04-2007 13:22:34)
e-Mail enviado: hepin1989@gmail.com a las (03-04-2007 13:22:36)
e-Mail enviado: oafernandez@gmail.com a las (03-04-2007 13:22:38)
e-Mail enviado: reg@bloghut.net a las (03-04-2007 13:22:40)
e-Mail enviado: im@eval.cn a las (03-04-2007 13:22:42)
e-Mail enviado: rm0822@gmail.com a las (03-04-2007 13:22:44)
e-Mail enviado: spongewen@laszlomail.com a las (03-04-2007 13:22:46)
e-Mail enviado: 56958304@qq.com a las (03-04-2007 13:22:48)
e-Mail enviado: carffuca@gmail.com a las (03-04-2007 13:22:50)
e-Mail enviado: kiss.cheney@gmail.com a las (03-04-2007 13:22:52)
e-Mail enviado: wangyiguo@gmail.com a las (03-04-2007 13:22:54)
e-Mail enviado: liusongjiang@gmail.com a las (03-04-2007 13:22:56)
e-Mail enviado: kadesner@hotmail.com a las (03-04-2007 13:22:59)
e-Mail enviado: jbenito@peru.com a las (03-04-2007 13:23:01)
e-Mail enviado: adriaprades@gmail.com a las (03-04-2007 13:23:03)
e-Mail enviado: citoma@gmail.com a las (03-04-2007 13:23:05)
e-Mail enviado: elbotxo@gmail.com a las (03-04-2007 13:23:07)
e-Mail enviado: cuentasregs@yahoo.es a las (03-04-2007 13:23:09)
e-Mail enviado: lipemunoz@gmail.com a las (03-04-2007 13:23:11)
e-Mail enviado: xoxemon@terra.es a las (03-04-2007 13:23:13)
e-Mail enviado: lumbanico@gmail.com a las (03-04-2007 13:23:15)
e-Mail enviado: manboo.info@gmail.com a las (03-04-2007 13:23:17)
e-Mail enviado: risandres@gmail.com a las (03-04-2007 13:23:19)
e-Mail enviado: giga_nova@hotmail.com a las (03-04-2007 13:23:22)
e-Mail enviado: dodoing@gmail.com a las (03-04-2007 13:23:24)
e-Mail enviado: rufetalmogaver@gmail.com a las (03-04-2007 13:23:26)
e-Mail enviado: fmartinez@tarragona.cat a las (03-04-2007 13:23:28)
e-Mail enviado: chemahoyos@gmail.com a las (03-04-2007 13:23:30)
e-Mail enviado: kevingzo@live.com a las (03-04-2007 13:23:32)
e-Mail enviado: try2oo7@126.com a las (03-04-2007 13:23:34)
e-Mail enviado: chiny_7777@yahoo.es a las (03-04-2007 13:23:36)
e-Mail enviado: jmascaro@imcar.com a las (03-04-2007 13:23:38)
e-Mail enviado: alejandroweb@gmail.com a las (03-04-2007 13:23:40)
e-Mail enviado: arnews@gmail.com a las (03-04-2007 13:23:42)
e-Mail enviado: jolteonbasura@gmail.com a las (03-04-2007 13:23:44)
e-Mail enviado: franeirin@terra.es a las (03-04-2007 13:23:47)
e-Mail enviado: marc_pp@hotmail.com a las (03-04-2007 13:23:49)
e-Mail enviado: koloraro@gmail.com a las (03-04-2007 13:23:51)
e-Mail enviado: pepipema@gmail.com a las (03-04-2007 13:23:53)
e-Mail enviado: dadaoli@188.com a las (03-04-2007 13:23:55)
e-Mail enviado: barru1@wanadoo.es a las (03-04-2007 13:23:57)
e-Mail enviado: geaplanet@yahoo.es a las (03-04-2007 13:23:59)
e-Mail enviado: zhangli.yn@gmail.com a las (03-04-2007 13:24:01)
e-Mail enviado: anjiazailiuhe2001@yahoo.com.cn a las (03-04-2007 13:24:03)
e-Mail enviado: iamcoii@gmail.com a las (03-04-2007 13:24:05)
e-Mail enviado: sebosin@gmail.com a las (03-04-2007 13:24:07)
e-Mail enviado: jose@drakonworld.com a las (03-04-2007 13:24:09)
e-Mail enviado: mag.bcn@gmail.com a las (03-04-2007 13:24:11)
e-Mail enviado: mfox10@gmail.com a las (03-04-2007 13:24:13)
e-Mail enviado: miguelbuenocobos@gmail.com a las (03-04-2007 13:24:15)
e-Mail enviado: gtrias@gmail.com a las (03-04-2007 13:24:17)
e-Mail enviado: hmarroyo@gmail.com a las (03-04-2007 13:24:19)
e-Mail enviado: dolpintor@gmail.com a las (03-04-2007 13:24:22)
e-Mail enviado: fharo@sage.es a las (03-04-2007 13:24:24)
e-Mail enviado: jokyjolly@hotmail.com a las (03-04-2007 13:24:26)
e-Mail enviado: robinham@gmail.com a las (03-04-2007 13:24:28)
e-Mail enviado: hongxiaowan@gmail.com a las (03-04-2007 13:24:30)
e-Mail enviado: lypdarling@gmail.com a las (03-04-2007 13:24:32)
e-Mail enviado: zifer66@gmail.com a las (03-04-2007 13:24:34)
e-Mail enviado: jaume.balaguer.montes@gmail.com a las (03-04-2007 13:24:36)
e-Mail enviado: manzagato@gmail.com a las (03-04-2007 13:24:38)
e-Mail enviado: kracia@lamalla.net a las (03-04-2007 13:24:40)
e-Mail enviado: rlilloy@telefonica.net a las (03-04-2007 13:24:42)
e-Mail enviado: fanchw@gmail.com a las (03-04-2007 13:24:44)
e-Mail enviado: wang.three@gmail.com a las (03-04-2007 13:24:46)
e-Mail enviado: enraged@gmail.com a las (03-04-2007 13:24:48)
e-Mail enviado: hufengyang@gmail.com a las (03-04-2007 13:24:50)
e-Mail enviado: vincentme@gmail.com a las (03-04-2007 13:24:53)
e-Mail enviado: carlesmu@internautas.org a las (03-04-2007 13:24:55)
e-Mail enviado: erne_md@yahoo.fr a las (03-04-2007 13:24:57)
e-Mail enviado: zhuzongqian@gmail.com a las (03-04-2007 13:24:59)
e-Mail enviado: jdurany@gmail.com a las (03-04-2007 13:25:01)
