e-Mail enviado a blinklin@gmail.com
e-Mail enviado a natachamenjibar@gmail.com
e-Mail enviado a bassoybasso@gmail.com
e-Mail enviado a reload_spain@hotmail.com
e-Mail enviado a auringal@gmail.com
e-Mail enviado a alojoweb@gmail.com
e-Mail enviado a kowagunga@gmail.com
e-Mail enviado a cristiang777@gmail.com
e-Mail enviado a nkieto@yahoo.es
e-Mail enviado a orliy1@gmail.com
e-Mail enviado a byebyepirata@gmail.com
e-Mail enviado a roivesa@gmail.com
e-Mail enviado a jlcatalanpablo@gmail.com
e-Mail enviado a jcloisp@hotmail.com
e-Mail enviado a franba2010@gmail.com
e-Mail enviado a cuentadeoscar@gmail.com
e-Mail enviado a psarmiento86@aol.com
e-Mail enviado a guibuu@gmail.com
e-Mail enviado a farconeti@gmail.com
e-Mail enviado a peazoloalto@gmail.com
e-Mail enviado a carloscabanillas@gmail.com
e-Mail enviado a konors@gmail.com
e-Mail enviado a juan_in_sweden@yahoo.es
e-Mail enviado a looxpo@gmail.com
e-Mail enviado a jansola@gmail.com
e-Mail enviado a cokie100@yahoo.es
e-Mail enviado a cadbadesign@gmail.com
e-Mail enviado a joshualaister@gmail.com
e-Mail enviado a periscat@gmail.com
e-Mail enviado a zyxcan@gmail.com
e-Mail enviado a spetec@gmail.com
e-Mail enviado a dgiral@gmail.com
e-Mail enviado a nargun@gmail.com
e-Mail enviado a erathor@iespana.es
e-Mail enviado a marcebest@gmail.com
e-Mail enviado a phaciedy@hotmail.com
e-Mail enviado a ricardoventura@gmail.com
e-Mail enviado a rolandojordan@gmail.com
e-Mail enviado a bloodybastards@gmail.com
e-Mail enviado a ivela@xal.cat
e-Mail enviado a varo03varo@hotmail.com
e-Mail enviado a piccini.alberto@gmail.com
e-Mail enviado a eagoth@gmail.com
e-Mail enviado a curro@estragos.org
e-Mail enviado a absenthor@yahoo.es
e-Mail enviado a gorrias@gmail.com
e-Mail enviado a aladaris@gmail.com
e-Mail enviado a bontxi@karrajua.org
e-Mail enviado a invasores@gmail.com
e-Mail enviado a mordonez.sanchez@gmail.com
e-Mail enviado a elbulldog@gmail.com
e-Mail enviado a aleix@capsule2.net
e-Mail enviado a kiklox@mail.ru
e-Mail enviado a sherikrot@gmail.com
e-Mail enviado a redes.00@gmail.com
e-Mail enviado a pk.joa2@gmail.com
e-Mail enviado a manwy@manwy.tk
e-Mail enviado a lluvio@hotmail.com
e-Mail enviado a rafixmo@gmail.com
e-Mail enviado a jas_esp@hotmail.com
e-Mail enviado a sergio.uribe@gmail.com
e-Mail enviado a quim.services@gmail.com
e-Mail enviado a sakarserier@gmail.com
e-Mail enviado a smirk.25@gmail.com
e-Mail enviado a ceclavin@gmail.com
e-Mail enviado a easofm@gmail.com
e-Mail enviado a morezno@gmail.com
e-Mail enviado a monty.ya35@gmail.com
e-Mail enviado a surikato@gmail.com
e-Mail enviado a vial.aguero@gmail.com
e-Mail enviado a victorjmendez@gmail.com
e-Mail enviado a luiss.puerto@gmail.com
e-Mail enviado a zoftweb@gmail.com
e-Mail enviado a mnu69@hotmail.com
e-Mail enviado a luiss.puerto.publica@gmail.com
e-Mail enviado a ojoxxx@gmail.com
e-Mail enviado a anibonsai@gmail.com
e-Mail enviado a ricardo@msl37.org
e-Mail enviado a omarjaimes@gmail.com
e-Mail enviado a nicolasmensajes@yahoo.com.ar
e-Mail enviado a damejiar@gmail.com
e-Mail enviado a comp.woman@gmail.com
e-Mail enviado a webnikolas@gmail.com
e-Mail enviado a eduboo5@yahoo.es
e-Mail enviado a sebastiankalel@hotmail.com
e-Mail enviado a luisjaime84@yahoo.com.ar
e-Mail enviado a juanguis2003@yahoo.com.ar
e-Mail enviado a diogoubes@gmail.com
e-Mail enviado a c_velarde@teleline.es
e-Mail enviado a forotecnologica@gmail.com
e-Mail enviado a alegrcontact@yahoo.es
e-Mail enviado a alnavarro@gmail.com
e-Mail enviado a ruben.elias@gmail.com
e-Mail enviado a billyfq@hotmail.com
e-Mail enviado a lacaval@arnet.com.ar
e-Mail enviado a enriqueiv2004@gmail.com
e-Mail enviado a fede125@gmail.com
e-Mail enviado a victorgarces@hotmail.com
e-Mail enviado a yuumei2004@yahoo.com.mx
e-Mail enviado a pepeobregon_99@yahoo.com.mx
e-Mail enviado a touzon@telefonica.net
e-Mail enviado a las.mascotas@gmail.com
e-Mail enviado a jg.chapa@gmail.com
e-Mail enviado a emanuelcarreon@hotmail.com
e-Mail enviado a cga1601@gmail.com
e-Mail enviado a juan@pallerano.cl
e-Mail enviado a charlys@live.com
e-Mail enviado a barzana@um.es
e-Mail enviado a power3@gmail.com
e-Mail enviado a migrante@igijon.com
e-Mail enviado a tokyoupdate@gmail.com
e-Mail enviado a delapipol@terra.es
e-Mail enviado a bcarreras@gmail.com
e-Mail enviado a ll_loles@yahoo.com
e-Mail enviado a ga.andres@gmail.com
e-Mail enviado a petitjoy@gmail.com
e-Mail enviado a javiexpres@gmail.com
e-Mail enviado a fherher@canariastelecom.com
e-Mail enviado a aramac@gmail.com
e-Mail enviado a lu.riku@gmail.com
e-Mail enviado a dcarrero@ferca.com
e-Mail enviado a jaime@jaimeayala.com
e-Mail enviado a tamvilvil@gmail.com
e-Mail enviado a aurelio.valdivieso@gmail.com
e-Mail enviado a gogimer@tut.by
e-Mail enviado a cronopiesca@gmail.com
e-Mail enviado a minilobo@gmail.com
e-Mail enviado a imeil@iespana.es
e-Mail enviado a josemague@gmail.com
e-Mail enviado a ancabalaj@gmail.com
e-Mail enviado a willybistuer@yahoo.es
e-Mail enviado a konechorro@gmail.com
e-Mail enviado a footballspeech@yahoo.es
e-Mail enviado a akilespan@gmail.com
e-Mail enviado a ironfdez@hotmail.com
e-Mail enviado a hulius@gmail.com
e-Mail enviado a jmbarcena@gmail.com
e-Mail enviado a ahram65@gmail.com
e-Mail enviado a jaimesanchez@gmail.com
e-Mail enviado a admin@macropolis.org
e-Mail enviado a rondador0cuentas@gmail.com
e-Mail enviado a trancos123@gmail.com
e-Mail enviado a diroco@gmail.com
e-Mail enviado a infobadoc@gmail.com
e-Mail enviado a jose.l.pastor@gmail.com
e-Mail enviado a jm_alonsos@yahoo.com
e-Mail enviado a pablo.blt@gmail.com
e-Mail enviado a borre65@hotmail.com
e-Mail enviado a borja.esteban@gmail.com
e-Mail enviado a jmarol@gmail.com
e-Mail enviado a urban2010@yahoo.com.mx
e-Mail enviado a jochase@gmail.com
e-Mail enviado a alberto.reynolds@gmail.com
e-Mail enviado a ruymtb@gmail.com
e-Mail enviado a shotgunbluesadmin@gmail.com
e-Mail enviado a betic0@gmail.com
e-Mail enviado a aranda.jj@gmail.com
e-Mail enviado a paio_yo@teleline.es
e-Mail enviado a revosoft@gmail.com
e-Mail enviado a etelos@cazorla.net
e-Mail enviado a akane.mfm@gmail.com
e-Mail enviado a casnmo@gmail.com
e-Mail enviado a gdguerrero@gmail.com
e-Mail enviado a akane_mfm@hotmail.com
e-Mail enviado a fernandosruiz@gmail.com
e-Mail enviado a raul.grijalva@hotmail.com
e-Mail enviado a luis@yafray.org
e-Mail enviado a xavi.xavi@gmail.com
e-Mail enviado a mente.olives@gmail.com
e-Mail enviado a nani.fernandez@gmail.com
e-Mail enviado a crash_overrayd@hotmail.com
e-Mail enviado a jaleon@gmail.com
e-Mail enviado a serni@serni.net
e-Mail enviado a holy.slayer@gmail.com
e-Mail enviado a karbagge@gmail.com
e-Mail enviado a alnaivens@gmail.com
e-Mail enviado a marcialgalvan@gmail.com
e-Mail enviado a renegm@gmail.com
e-Mail enviado a daniel.olmos@gmail.com
e-Mail enviado a nimind@gmail.com
e-Mail enviado a mfjp.mail@gmail.com
e-Mail enviado a unjoan.qualsevol@gmail.com
e-Mail enviado a zhurdi@hotmail.com
e-Mail enviado a tacometrico@gmail.com
e-Mail enviado a javier.quiros@gmail.com
e-Mail enviado a joaquin.rey@gmail.com
e-Mail enviado a xelloss1012@gmail.com
e-Mail enviado a m_safont@yahoo.es
e-Mail enviado a txebas@hotmail.com
e-Mail enviado a el.luna@gmail.com
e-Mail enviado a afrosatan@gmail.com
e-Mail enviado a igor.hernandez@gmail.com
e-Mail enviado a listas@vvadelpardillo.com
e-Mail enviado a adri.snappy@gmail.com
e-Mail enviado a elochan@gmail.com
e-Mail enviado a tregulez@hotmail.com
e-Mail enviado a sospechosos@gmail.com
e-Mail enviado a galonso@hormiconsa.es
e-Mail enviado a bokubu_003@hotmail.com
e-Mail enviado a fer.baguena@gmail.com
e-Mail enviado a canrodri@wanadoo.es
e-Mail enviado a jdbenitez@gmail.com
e-Mail enviado a mrsiir@gmail.com
e-Mail enviado a vdaigu@gmail.com
e-Mail enviado a makapillo@gmail.com
e-Mail enviado a esbroma@gmail.com
e-Mail enviado a massadepa@gmail.com
e-Mail enviado a chachon@gmail.com
e-Mail enviado a annaingles@gmail.com
e-Mail enviado a mavi@lasalvacion.net
e-Mail enviado a morens13@yahoo.es
e-Mail enviado a sidkortu@gmail.com
e-Mail enviado a sballesteros1@gmail.com
e-Mail enviado a lorenzopv@gmail.com
e-Mail enviado a lluisperezlozano@gmail.com
e-Mail enviado a kadmon@hotmail.com
e-Mail enviado a liteas@gmail.com
e-Mail enviado a mer_jah@yahoo.es
e-Mail enviado a alexgp@ono.com
e-Mail enviado a basura@gallegostronica.com
e-Mail enviado a a.jara.a@gmail.com
e-Mail enviado a sporteamcv@gmail.com
e-Mail enviado a sam@ressaca.org
e-Mail enviado a vinilo44@hotmail.com
e-Mail enviado a mail1510382@bupkiss.net
e-Mail enviado a felmoltor@gmail.com
e-Mail enviado a aguarate@gmail.com
e-Mail enviado a jzb8hdyqy7@mictur8.com
e-Mail enviado a uguibugui@gmail.com
e-Mail enviado a jose.moralo@gmail.com
e-Mail enviado a 7evenforce@gmail.com
e-Mail enviado a doom888@hotmail.com
e-Mail enviado a volaya@ya.com
e-Mail enviado a oscar@montalbo.org
e-Mail enviado a javiermanzano@gmail.com
e-Mail enviado a pollo_klonico@hotmail.com
e-Mail enviado a mani14f@hotmail.com
e-Mail enviado a aingerugomez@gmail.com
e-Mail enviado a cocoloco82@gmail.com
e-Mail enviado a marioraja@gmail.com
e-Mail enviado a la.reina.colmena@gmail.com
e-Mail enviado a mikelodium@gmail.com
e-Mail enviado a sergiobl88@gmail.com
e-Mail enviado a marc.pinyol@gmail.com
e-Mail enviado a dsvcch@trashmail.net
e-Mail enviado a policrates@telefonica.net
e-Mail enviado a joanfusan@gmail.com
e-Mail enviado a carlita_vlc@hotmail.com
e-Mail enviado a scalofrio@ono.com
e-Mail enviado a doctorlivingston@gmail.com
e-Mail enviado a fearzip@gmail.com
e-Mail enviado a jakarrion@gmail.com
e-Mail enviado a gogoigo@gmail.com
e-Mail enviado a unostipos@gmail.com
e-Mail enviado a jamal.marc@gmail.com
e-Mail enviado a aguilera3@gmail.com
e-Mail enviado a gusancar@hotmail.com
e-Mail enviado a stonfree@gmail.com
e-Mail enviado a diegoluisjaramillo@gmail.com
e-Mail enviado a dsv555@gmail.com
e-Mail enviado a pebs74@gmail.com
e-Mail enviado a mianfel@hotmail.com
e-Mail enviado a ob188c@gmail.com
e-Mail enviado a enric89@gmail.com
e-Mail enviado a hugomarquez@gmail.com
e-Mail enviado a asdf@wekk.net
e-Mail enviado a perromalo.es@gmail.com
e-Mail enviado a comparte.panedu@gmail.com
e-Mail enviado a spapini@gmail.com
e-Mail enviado a hurior@gmail.com
e-Mail enviado a votojoven@votojoven.es
e-Mail enviado a guerrafco@gmail.com
e-Mail enviado a imonclus@gmail.com
e-Mail enviado a jduran@ono.com
e-Mail enviado a divxitalboy@gmail.com
e-Mail enviado a jpd@grefa.org
e-Mail enviado a totumrevolutum.blog@gmail.com
e-Mail enviado a nemsos@gmail.com
e-Mail enviado a axubix@gmail.com
e-Mail enviado a theeleb@gmail.com
e-Mail enviado a juanmoras@yahoo.es
e-Mail enviado a benjadant@yahoo.es
e-Mail enviado a almosqui@hotmail.com
e-Mail enviado a distronews@gmail.com
e-Mail enviado a marquezlaura06@googlemail.com
e-Mail enviado a javi.mapa@gmail.com
e-Mail enviado a info@telelibrilla.com
e-Mail enviado a amadorgs@hotmail.com
e-Mail enviado a putopaella@gmail.com
e-Mail enviado a hybrydo@gmail.com
e-Mail enviado a jlcubero@gmail.com
e-Mail enviado a oscarbenissa@gmail.com
e-Mail enviado a serge.tarkovski@gmail.com
e-Mail enviado a fodwid@gmail.com
e-Mail enviado a 634443@gmail.com
e-Mail enviado a iosu2ok@hotmail.com
e-Mail enviado a joseantonio.guirado@gmail.com
e-Mail enviado a smurfdad@gmail.com
e-Mail enviado a plvaldes@gmail.com
e-Mail enviado a rubensa@msn.com
e-Mail enviado a pq2son2@yahoo.es
e-Mail enviado a cesarprietoballester@gmail.com
e-Mail enviado a juancarcabuey@gmail.com
e-Mail enviado a fuentearmegil@gmail.com
e-Mail enviado a ianpaicefoz@gmail.com
e-Mail enviado a juanpa615@hotmail.com
e-Mail enviado a enric.madrigal@gmail.com
e-Mail enviado a antoniomartin@gmail.com
e-Mail enviado a itbsoft@gmail.com
e-Mail enviado a benaventej@gmail.com
e-Mail enviado a fplanzer@gmail.com
e-Mail enviado a wel@rockendirecto.com
e-Mail enviado a suevium@gmail.com
e-Mail enviado a tomeuleu@hotmail.com
e-Mail enviado a cabezadenabo@gmail.com
e-Mail enviado a ribe@ribesoftware.com
e-Mail enviado a dodert@gmail.com
e-Mail enviado a soulhunter2@gmail.com
e-Mail enviado a alpeuj@gmail.com
e-Mail enviado a fdiazescribano@gmail.com
e-Mail enviado a yago@villaverdelourido.net
e-Mail enviado a n3m3sis01@gmail.com
e-Mail enviado a iban.vazquez@gmail.com
e-Mail enviado a lenitron@gmail.com
e-Mail enviado a nianmual@gmail.com
e-Mail enviado a ccarccacha@msn.com
e-Mail enviado a japavon@peeweez.net
e-Mail enviado a sindrome.diogenes@gmail.com
e-Mail enviado a hippysalamanca@gmail.com
e-Mail enviado a bass@josealberto.org
e-Mail enviado a orgackz@hotmail.com
e-Mail enviado a rben1551@yahoo.es
e-Mail enviado a klifffor@gmail.com
e-Mail enviado a p72pacav@gmail.com
e-Mail enviado a snakusnakusniak@yahoo.es
e-Mail enviado a elements79@hotmail.com
e-Mail enviado a freedomfactor@gmail.com
e-Mail enviado a elements79@gmail.com
e-Mail enviado a dirlivo@gmail.com
e-Mail enviado a pablopm@gmail.com
e-Mail enviado a herrero.m@gmail.com
e-Mail enviado a roberto.santos@hispalinux.es
e-Mail enviado a torcuato@gmail.com
e-Mail enviado a neojordan@gmail.com
e-Mail enviado a fer@canarias.org
e-Mail enviado a juancarlos.romero@gmail.com
e-Mail enviado a feelfreetospamme@gmail.com
e-Mail enviado a littledebian@yahoo.es
e-Mail enviado a althorlaela@gmail.com
e-Mail enviado a rfretuerto@gmail.com
e-Mail enviado a gpc@cosude.org
e-Mail enviado a krlos_gp@yahoo.es
e-Mail enviado a ermejor1055@gmail.com
e-Mail enviado a virtualxmm@gmail.com
e-Mail enviado a ozioko@gmail.com
e-Mail enviado a pluimar@gmail.com
e-Mail enviado a lkurtl@gmail.com
e-Mail enviado a jehuty46@gmail.com
e-Mail enviado a liksee@jamj.org
e-Mail enviado a enfermodevicio@gmail.com
e-Mail enviado a arashi.sensei@gmail.com
e-Mail enviado a spain_ar@hotmail.com
e-Mail enviado a jackepc@gmail.com
e-Mail enviado a antonioluis@gmail.com
e-Mail enviado a xacobo@gmail.com
e-Mail enviado a xsr2@hotmail.com
e-Mail enviado a arleydaza@gmail.com
e-Mail enviado a regdis@yahoo.es
e-Mail enviado a criperworld@yahoo.es
e-Mail enviado a persepole@gmail.com
e-Mail enviado a canellone@gmail.com
e-Mail enviado a pablofnaranjo@gmail.com
e-Mail enviado a azu@wekk.net
e-Mail enviado a erusa_kun@hotmail.com
e-Mail enviado a carlosjulioperez@gmail.com
e-Mail enviado a gonzalo@onzostudio.com
e-Mail enviado a diogocarvalho@gmail.com
e-Mail enviado a fgth@wda.com
e-Mail enviado a rikardogarzon@gmail.com
e-Mail enviado a sergi77@gmail.com
e-Mail enviado a tradublog@gmail.com
e-Mail enviado a the_master_jr@hotmail.com
e-Mail enviado a humberto.salazarpacios@gmail.com
e-Mail enviado a arr.info@gmail.com
e-Mail enviado a alatarcete@gmail.com
e-Mail enviado a carinos.carlos@gmail.com
e-Mail enviado a redalmona@gmail.com
e-Mail enviado a rafagames92@hotmail.com
e-Mail enviado a nmcruz@netcabo.pt
e-Mail enviado a obadiola@gmail.com
e-Mail enviado a sirgonza@hotmail.com
e-Mail enviado a guillem@cantallops.net
e-Mail enviado a masotelof@gmail.com
e-Mail enviado a capileiratic@gmail.com
e-Mail enviado a histeriaindark@gmail.com
e-Mail enviado a centrate@gmail.com
e-Mail enviado a info@otakuniverse.com
e-Mail enviado a jesusmadrid4@yahoo.es
e-Mail enviado a w00t.xy@gmail.com
e-Mail enviado a louis17acustico@hotmail.com
e-Mail enviado a corrius@gmail.com
e-Mail enviado a cvelascof@gmail.com
e-Mail enviado a daniehgn@gmail.com
e-Mail enviado a caminatas3@hotmail.com
e-Mail enviado a e.minguez@gmail.com
e-Mail enviado a kilaine3000@hotmail.com
e-Mail enviado a talorda@gmail.com
e-Mail enviado a egudon@gmail.com
e-Mail enviado a xmedos@gmail.com
e-Mail enviado a prettygirl_20_spain@yahoo.es
e-Mail enviado a paxtillero@hotmail.com
e-Mail enviado a neregauzak@gmail.com
e-Mail enviado a encarnegin@gmail.com
e-Mail enviado a mena_pablito@hotmail.com
e-Mail enviado a blogabundo@gmail.com
e-Mail enviado a sergiocores@hotmail.com
e-Mail enviado a jm_gonzaga@hotmail.com
e-Mail enviado a cente84h@yahoo.com.ar
e-Mail enviado a egoitza@gmail.com
e-Mail enviado a lgonzale@platea.pntic.mec.es
e-Mail enviado a te_rahaka@yahoo.es
e-Mail enviado a jisbco@gmail.com
e-Mail enviado a luisgonzalez.luis@gmail.com
e-Mail enviado a aparicioea@hotmail.com
e-Mail enviado a bulfaiter@gmail.com
e-Mail enviado a zaforas@gmail.com
e-Mail enviado a elcobradorx@yahoo.es
e-Mail enviado a m040601@yahoo.com
e-Mail enviado a xtrogiba@gmail.com
e-Mail enviado a sergimd@gmail.com
e-Mail enviado a cartetai@gmail.com
e-Mail enviado a julianlm@gmail.com
e-Mail enviado a juancarloscmf@gmail.com
e-Mail enviado a pbl.snchz@gmail.com
e-Mail enviado a davidwuzhang@yahoo.es
e-Mail enviado a dubidu98@hotmail.com
e-Mail enviado a msvalverde@gmail.com
e-Mail enviado a danifergo_@hotmail.com
e-Mail enviado a german.laser@gmail.com
e-Mail enviado a oscarva@gmail.com
e-Mail enviado a pepequique123@yahoo.es
e-Mail enviado a sereuca@gmail.com
e-Mail enviado a antonio.becerra@gmail.com
e-Mail enviado a krahsin@gmail.com
e-Mail enviado a linkercl@gmail.com
e-Mail enviado a ajer22@yahoo.es
e-Mail enviado a raul@adlead.com
e-Mail enviado a mruiz.blanco@gmail.com
e-Mail enviado a baltolkien@gmail.com
e-Mail enviado a sergimd@hotmail.com
e-Mail enviado a juandiego1983@gmail.com
e-Mail enviado a elfantito@gmail.com
e-Mail enviado a kepassatio@tiscali.es
e-Mail enviado a vitocru@gmail.com
e-Mail enviado a zunbado@altctrlsupr.net
e-Mail enviado a mynameis_tylerdurden@hotmail.com
e-Mail enviado a lermit@yahoo.com
e-Mail enviado a esfumado@gmail.com
e-Mail enviado a juanarmentia@gmail.com
e-Mail enviado a gade.tenfe@gmail.com
e-Mail enviado a rotialweb@yahoo.es
e-Mail enviado a juanmari@castrocid.com
e-Mail enviado a kin_flash@yahoo.es
e-Mail enviado a rulmalder@gmail.com
e-Mail enviado a pabloale@hotmail.com
e-Mail enviado a teox777@gmail.com
e-Mail enviado a eduardohrz@gmail.com
e-Mail enviado a sebastian.vallejoc@gmail.com
e-Mail enviado a hac.in.hora@gmail.com
e-Mail enviado a edder.rojas@gmail.com
e-Mail enviado a vgserrano@gmail.com
e-Mail enviado a javierdurom@gmail.com
e-Mail enviado a arturo.alee@gmail.com
e-Mail enviado a info@muadiv.com.ar
e-Mail enviado a ruidoweb@hotmail.com
e-Mail enviado a thinway.regs@gmail.com
e-Mail enviado a clon89@gmail.com
e-Mail enviado a felipe22@gmail.com
e-Mail enviado a mati86_dl@yahoo.com.ar
e-Mail enviado a manuelfragacastro@gmail.com
e-Mail enviado a pieterpaul@yahoo.com
e-Mail enviado a muzzol@gmail.com
e-Mail enviado a nosoyantix@msn.com
e-Mail enviado a neox32000@yahoo.com.mx
e-Mail enviado a manuel.ortiz.rodriguez@gmail.com
e-Mail enviado a torino0000@gmail.com
e-Mail enviado a selbrain@gmail.com
e-Mail enviado a merovintgio@hotmail.com
e-Mail enviado a jofelrup@gmail.com
e-Mail enviado a carlosd.marino@gmail.com
e-Mail enviado a poperbu@gmail.com
e-Mail enviado a cfranulic@og.cl
e-Mail enviado a afelipe.listas@gmail.com
e-Mail enviado a antoniosalgado@gmail.com
e-Mail enviado a metalsoft@starmedia.com
e-Mail enviado a etweb@yahoo.com
e-Mail enviado a kaluna@gmail.com
e-Mail enviado a xancadaval@gmail.com
e-Mail enviado a correuxyz@gmail.com
e-Mail enviado a mentalware@gmail.com
e-Mail enviado a m220@spaml.com
e-Mail enviado a mikechapel@gmail.com
e-Mail enviado a alfredo.valles@gmail.com
e-Mail enviado a carlpedo@hotmail.com
e-Mail enviado a coco@coco.com
e-Mail enviado a pepebotellas@gmail.com
e-Mail enviado a karliky@gmail.com
e-Mail enviado a duckman.666@gmail.com
e-Mail enviado a melon.diesel@gmail.com
e-Mail enviado a michinho@gmail.com
e-Mail enviado a josuethe@yahoo.com
e-Mail enviado a kemura@gmail.com
e-Mail enviado a dejitaru@gmail.com
e-Mail enviado a sergiozzzu@hotmail.com
e-Mail enviado a coldmeat@gmail.com
e-Mail enviado a linuxuario@gmail.com
e-Mail enviado a prosquitecto@gmail.com
e-Mail enviado a amatute@intermundial.es
e-Mail enviado a lynksee.kezmanu@spamgourmet.com
e-Mail enviado a hoskar@bigfoot.com
e-Mail enviado a viko@pobladores.com
e-Mail enviado a cruelenemigo@gmail.com
e-Mail enviado a raiden32@gmail.com
e-Mail enviado a emiliopm@gmail.com
e-Mail enviado a nicolasel77@gmail.com
e-Mail enviado a jfn131@hotmail.com
e-Mail enviado a tomoa1@gmail.com
e-Mail enviado a rafaca33@yahoo.es
e-Mail enviado a axold07@gmail.com
e-Mail enviado a perik1979@gmail.com
e-Mail enviado a mosneacs00@gmail.com
e-Mail enviado a kepa10@hotmail.com
e-Mail enviado a imagoteca@gmail.com
e-Mail enviado a cmartinell@telefonica.net
e-Mail enviado a leopoldo.deleon@gmail.com
e-Mail enviado a leopoldo.deleon@delphosoft.com
e-Mail enviado a vik_tor_res@yahoo.com
e-Mail enviado a bgamaro80@gmail.com
e-Mail enviado a r_jander@yahoo.com
e-Mail enviado a riveck@gmail.com
e-Mail enviado a pcastrog@gmail.com
e-Mail enviado a paufont@gmail.com
e-Mail enviado a piratednetwork@gmail.com
e-Mail enviado a enriquem@adinet.com.uy
e-Mail enviado a ryujin.folken@gmail.com
e-Mail enviado a comotxola@gmail.com
e-Mail enviado a edgarpascacio@gmail.com
e-Mail enviado a fili.cd@gmail.com
e-Mail enviado a lynksee@galponartes.com.ar
e-Mail enviado a dalvarez@starlinux.net
e-Mail enviado a kampyacr@hotmail.com
e-Mail enviado a eduwilliam@hotmail.com
e-Mail enviado a kenobimanu@terra.es
e-Mail enviado a ngt34@hotmail.com
e-Mail enviado a hnromo@gmail.com
e-Mail enviado a michel2012@gmail.com
e-Mail enviado a sousa.daniela@gmail.com
e-Mail enviado a maniacpc@gmail.com
e-Mail enviado a xoubanet@gmail.com
e-Mail enviado a sanchopanzablog@gmail.com
e-Mail enviado a dadotres@terra.es
e-Mail enviado a oscarmire@gmail.com
e-Mail enviado a jaasan.lea@gmail.com
e-Mail enviado a arecojavier@yahoo.com
e-Mail enviado a arian@jad.es
e-Mail enviado a rafa_el_kings@hotmail.com
e-Mail enviado a anuirpowell@gmail.com
e-Mail enviado a jdzine@gmail.com
e-Mail enviado a knonux@gmail.com
e-Mail enviado a saridonia@yahoo.es
e-Mail enviado a raulgarena@gmail.com
e-Mail enviado a elcorreodefelix@gmail.com
e-Mail enviado a carakan@gmail.com
e-Mail enviado a fergui@gmail.com
e-Mail enviado a shawe.ewahs@gmail.com
e-Mail enviado a danielmartinezsepulveda@yahoo.es
e-Mail enviado a zeusolimpo@fastmail.fm
e-Mail enviado a almacenamientodv@gmail.com
e-Mail enviado a jomer@alumni.uv.es
e-Mail enviado a zeeek60@gmail.com
e-Mail enviado a jacintosan@gmail.com
e-Mail enviado a arielcamino@gmail.com
e-Mail enviado a belentt@gmail.com
e-Mail enviado a ikel8@hotmail.com
e-Mail enviado a n.aesux@gmail.com
e-Mail enviado a odeb2608@gmail.com
e-Mail enviado a pinaton@gmail.com
e-Mail enviado a fantasticmit@hotmail.com
e-Mail enviado a ricalue@ciudad.com.ar
e-Mail enviado a yomero_yomero@hotmail.com
e-Mail enviado a efit@3xl.net
e-Mail enviado a valmont.80@gmail.com
e-Mail enviado a mntata@gmail.com
e-Mail enviado a plantanabos@gmail.com
e-Mail enviado a markuzodin@gmail.com
e-Mail enviado a vitrinho@telepolis.com
e-Mail enviado a lopezmartinasesores@yahoo.es
e-Mail enviado a dlshome_yo@hotmail.com
e-Mail enviado a juanchasp@gmail.com
e-Mail enviado a maninoeldelbafle@yahoo.es
e-Mail enviado a chema@mail.com
e-Mail enviado a oscargoya_1991@hotmail.com
e-Mail enviado a guillemades@gmail.com
e-Mail enviado a carlos.marin@gmail.com
e-Mail enviado a silenthades@gmail.com
e-Mail enviado a eresjavi@hotmail.com
e-Mail enviado a doctorkripton@gmail.com
e-Mail enviado a angelopezc@gmail.com
e-Mail enviado a jelkogar@gmail.com
e-Mail enviado a m.charriere@gmail.com
e-Mail enviado a massimosapia@gmail.com
e-Mail enviado a admin@teatrosdemardel.com.ar
e-Mail enviado a triskeltux@gmail.com
e-Mail enviado a lemon@canuda.net
e-Mail enviado a murcianica77@hotmail.com
e-Mail enviado a javiermarol14@hotmail.com
e-Mail enviado a eskorpio@gmail.com
e-Mail enviado a ematamala@msoluciones.cl
e-Mail enviado a el_fiera_ogame@hotmail.com
e-Mail enviado a jlcebollada@gmail.com
e-Mail enviado a gmoya81@gmail.com
e-Mail enviado a axel@paskola.com
e-Mail enviado a cubiviman@gmail.com
e-Mail enviado a caineju@gmail.com
e-Mail enviado a sherpa_74@yahoo.com
e-Mail enviado a belaljimez@gmail.com
e-Mail enviado a nekolan@gmail.com
e-Mail enviado a kapirex@gmail.com
e-Mail enviado a danielvak@gmail.com
e-Mail enviado a eckelon@gmail.com
e-Mail enviado a juanluber35@hotmail.com
e-Mail enviado a ivanvx@hotmail.com
e-Mail enviado a serpini@gmail.com
e-Mail enviado a silviaalejandra@gmail.com
e-Mail enviado a elpayasopogo@hotmail.com
e-Mail enviado a eballah@gmail.com
e-Mail enviado a marcos.cifuentes@gmail.com
e-Mail enviado a lalcaraz@gmail.com
e-Mail enviado a pdazagarcia@gmail.com
e-Mail enviado a no_me_a_cuerdo@yahoo.es
e-Mail enviado a rafaelf@telefonica.net
e-Mail enviado a nashmerville@gmail.com
e-Mail enviado a ciberskuark@gmail.com
e-Mail enviado a verderi@gmail.com
e-Mail enviado a infomiguel@yahoo.com
e-Mail enviado a jalaja@hispavista.com
e-Mail enviado a gcgcggcc@gmail.com
e-Mail enviado a juanpare@gmail.com
e-Mail enviado a mrpetah@gmail.com
e-Mail enviado a jrodmar@terra.es
e-Mail enviado a robertet1@robertet1.com
e-Mail enviado a manada.sscc@gmail.com
e-Mail enviado a josece@gmail.com
e-Mail enviado a logan306@gmail.com
e-Mail enviado a thomas@eduquipa.com
e-Mail enviado a cookuwei@hotmail.com
e-Mail enviado a neoyagami@gmail.com
e-Mail enviado a jiajouster@gmail.com
e-Mail enviado a tutocarrasco@gmail.com
e-Mail enviado a daniel.yogui@gmail.com
e-Mail enviado a leugim.lara@gmail.com
e-Mail enviado a rrescobar@yahoo.com
e-Mail enviado a pecesama@hotmail.com
e-Mail enviado a vbracco@gmail.com
e-Mail enviado a pengbone@gmail.com
e-Mail enviado a zhangshuren@gmail.com
e-Mail enviado a highdog@gmail.com
e-Mail enviado a rustov@gmail.com
e-Mail enviado a zhesto@gmail.com
e-Mail enviado a royhomar@hotmail.com
e-Mail enviado a ideando@gmail.com
e-Mail enviado a ruizone@gmail.com
e-Mail enviado a zombie007@gmail.com
e-Mail enviado a edwardcastellon@yahoo.com
e-Mail enviado a 3289hedfwh@163.com
e-Mail enviado a adrian.bonas@gmail.com
e-Mail enviado a naz.hack@gmail.com
e-Mail enviado a luckypoem@gmail.com
e-Mail enviado a acuariuz@gmail.com
e-Mail enviado a watersound@gmail.com
e-Mail enviado a centrosdepadres@hotmail.com
e-Mail enviado a rainofchaos@gmail.com
e-Mail enviado a sun007002@gmail.com
e-Mail enviado a mybach@21cn.com
e-Mail enviado a yangxiao9901@126.com
e-Mail enviado a jmsv789@gmail.com
e-Mail enviado a hepin1989@gmail.com
e-Mail enviado a oafernandez@gmail.com
e-Mail enviado a reg@bloghut.net
e-Mail enviado a im@eval.cn
e-Mail enviado a rm0822@gmail.com
e-Mail enviado a spongewen@laszlomail.com
e-Mail enviado a 56958304@qq.com
e-Mail enviado a carffuca@gmail.com
e-Mail enviado a kiss.cheney@gmail.com
e-Mail enviado a wangyiguo@gmail.com
e-Mail enviado a liusongjiang@gmail.com
e-Mail enviado a kadesner@hotmail.com
e-Mail enviado a jbenito@peru.com
e-Mail enviado a adriaprades@gmail.com
e-Mail enviado a citoma@gmail.com
e-Mail enviado a elbotxo@gmail.com
e-Mail enviado a lipemunoz@gmail.com
e-Mail enviado a xoxemon@terra.es
e-Mail enviado a lumbanico@gmail.com
e-Mail enviado a cuentasregs@yahoo.es
e-Mail enviado a manboo.info@gmail.com
e-Mail enviado a risandres@gmail.com
e-Mail enviado a giga_nova@hotmail.com
e-Mail enviado a dodoing@gmail.com
e-Mail enviado a rufetalmogaver@gmail.com
e-Mail enviado a fmartinez@tarragona.cat
e-Mail enviado a chemahoyos@gmail.com
e-Mail enviado a kevingzo@live.com
e-Mail enviado a try2oo7@126.com
e-Mail enviado a jmascaro@imcar.com
e-Mail enviado a alejandroweb@gmail.com
e-Mail enviado a arnews@gmail.com
e-Mail enviado a jolteonbasura@gmail.com
e-Mail enviado a chiny_7777@yahoo.es
e-Mail enviado a marc_pp@hotmail.com
e-Mail enviado a franeirin@terra.es
e-Mail enviado a koloraro@gmail.com
e-Mail enviado a pepipema@gmail.com
e-Mail enviado a barru1@wanadoo.es
e-Mail enviado a dadaoli@188.com
e-Mail enviado a geaplanet@yahoo.es
e-Mail enviado a zhangli.yn@gmail.com
e-Mail enviado a anjiazailiuhe2001@yahoo.com.cn
e-Mail enviado a iamcoii@gmail.com
e-Mail enviado a sebosin@gmail.com
e-Mail enviado a jose@drakonworld.com
e-Mail enviado a mag.bcn@gmail.com
e-Mail enviado a mfox10@gmail.com
e-Mail enviado a miguelbuenocobos@gmail.com
e-Mail enviado a gtrias@gmail.com
e-Mail enviado a hmarroyo@gmail.com
e-Mail enviado a dolpintor@gmail.com
e-Mail enviado a fharo@sage.es
e-Mail enviado a jokyjolly@hotmail.com
e-Mail enviado a robinham@gmail.com
e-Mail enviado a hongxiaowan@gmail.com
e-Mail enviado a lypdarling@gmail.com
e-Mail enviado a zifer66@gmail.com
e-Mail enviado a jaume.balaguer.montes@gmail.com
e-Mail enviado a manzagato@gmail.com
e-Mail enviado a kracia@lamalla.net
e-Mail enviado a rlilloy@telefonica.net
e-Mail enviado a fanchw@gmail.com
e-Mail enviado a wang.three@gmail.com
e-Mail enviado a enraged@gmail.com
e-Mail enviado a hufengyang@gmail.com
e-Mail enviado a vincentme@gmail.com
e-Mail enviado a carlesmu@internautas.org
e-Mail enviado a erne_md@yahoo.fr
e-Mail enviado a zhuzongqian@gmail.com
e-Mail enviado a jdurany@gmail.com
e-Mail enviado a emo@arrakis.es
e-Mail enviado a bytecode@gmail.com
e-Mail enviado a domov@126.com
e-Mail enviado a pwneame@gmail.com
e-Mail enviado a nomegustaelspam@gmail.com
e-Mail enviado a ini_autumn@163.com
e-Mail enviado a afmmaker@gmail.com
e-Mail enviado a jmariscal@gmail.com
e-Mail enviado a nacho.exr@gmail.com
e-Mail enviado a heavenlaughter@gmail.com
e-Mail enviado a moonspring@gmail.com
e-Mail enviado a adriansurtyelectric@gmail.com
e-Mail enviado a halonso@mediamatecomunicacion.com
e-Mail enviado a basoilarra@hotmail.com
e-Mail enviado a mail1521186@bupkiss.net
e-Mail enviado a heracles.621@gmail.com
e-Mail enviado a lcastano2005@gmail.com
e-Mail enviado a pelegri42@yahoo.com
e-Mail enviado a larefinitiva@gmail.com
e-Mail enviado a nachocarril@gmail.com
e-Mail enviado a boww.ts@gmail.com
e-Mail enviado a vnanock@gmail.com
e-Mail enviado a dimlau@gmail.com
e-Mail enviado a showmanchoyin@gmail.com
e-Mail enviado a zibergela@gmail.com
e-Mail enviado a azelath@gmail.com
e-Mail enviado a manoloohara@myway.com
e-Mail enviado a luisjaime84@gmail.com
e-Mail enviado a dojocordoba@gmail.com
e-Mail enviado a onofre.rulez@gmail.com
e-Mail enviado a myhuipk@gmail.com
e-Mail enviado a zetero@gmail.com
e-Mail enviado a immikko@gmail.com
e-Mail enviado a jtorrecilla@gmail.com
e-Mail enviado a tenderodigital@gmail.com
e-Mail enviado a cqxben@gmail.com
e-Mail enviado a peaso@mencey.net
e-Mail enviado a smilingpoplar@gmail.com
e-Mail enviado a artees@artees.com.ar
e-Mail enviado a liubinjob@gmail.com
e-Mail enviado a jipcgr@gmail.com
e-Mail enviado a miguel_romero86@hotmail.com
e-Mail enviado a demofilo.vizuete@gmail.com
e-Mail enviado a woody_tang@hotmail.com
e-Mail enviado a mijakito@yahoo.es
e-Mail enviado a hanoy69@gmail.com
e-Mail enviado a ciber_ciber07@yahoo.es
e-Mail enviado a fjdeveloper@gmail.com
e-Mail enviado a david.chenfuwei@gmail.com
e-Mail enviado a jossalcas@gmail.com
e-Mail enviado a jose87montilla@gmail.com
e-Mail enviado a joseenriq@gmail.com
e-Mail enviado a carolis.dg@gmail.com
e-Mail enviado a tolito@gmail.com
e-Mail enviado a permalac@gmail.com
e-Mail enviado a manelgp@gmail.com
e-Mail enviado a pakyko@gmail.com
e-Mail enviado a advancedsound@gmail.com
e-Mail enviado a meli_548@hotmail.com
e-Mail enviado a keroro@126.com
e-Mail enviado a melijaime@gmail.com
e-Mail enviado a torkhia@hotmail.com
e-Mail enviado a ingrid.chan26@gmail.com
e-Mail enviado a jim@darao.com
e-Mail enviado a joc@live.com
e-Mail enviado a mod.felino@gmail.com
e-Mail enviado a quientehapreguntado@hotmail.com
e-Mail enviado a felix.anadon@gmail.com
e-Mail enviado a iosutron@gmail.com
e-Mail enviado a acosdetelebaris@yahoo.es
e-Mail enviado a walter-345@hotmail.com
e-Mail enviado a glass605@gmail.com
e-Mail enviado a carlitoshernandez@gmail.com
e-Mail enviado a chabii@hotmail.com
e-Mail enviado a tapagaja@gmail.com
e-Mail enviado a zpg7asi@gmail.com
e-Mail enviado a pituhdo@hotmail.com
e-Mail enviado a robertosanchez@telefonica.net
e-Mail enviado a pappezzato@gmail.com
e-Mail enviado a carmoicast@gmail.com
e-Mail enviado a diego_lambda@hotmail.com
e-Mail enviado a journeyboy@gmail.com
e-Mail enviado a dologij@yahoo.es
e-Mail enviado a riderr@hotmail.it
e-Mail enviado a davidbgz@gmail.com
e-Mail enviado a inigo.listas@gmail.com
e-Mail enviado a cinthmar6@gmail.com
e-Mail enviado a arnoldobr@gmail.com
e-Mail enviado a natalia.visalli@gmail.com
e-Mail enviado a medcl@qq.com
e-Mail enviado a marc.morata.fite@gmail.com
e-Mail enviado a drella82@gmail.com
e-Mail enviado a lcmiguel@gmail.com
e-Mail enviado a walter.osoria@gmail.com
e-Mail enviado a lynksee@olameu.com
e-Mail enviado a fbeepe.r@gmail.com
e-Mail enviado a anna_vega_carrillo@hotmail.com
e-Mail enviado a fotosveta@gmail.com
e-Mail enviado a ofernandezberrios@yahoo.es
e-Mail enviado a seres.idiotas.de.argentina@gmail.com
e-Mail enviado a trai25@gmail.com
e-Mail enviado a csanchez8@gmail.com
e-Mail enviado a idris.cp@gmail.com
e-Mail enviado a anuncios@infocampus.es
e-Mail enviado a progresista@gmail.com
e-Mail enviado a theghostcrow@hotmail.com
e-Mail enviado a fcojgomezsa@telefonica.net
e-Mail enviado a salvi.diaz@gmail.com
e-Mail enviado a lulamo@gmail.com
e-Mail enviado a dptoinformatico@cebanc.com
e-Mail enviado a miguelangel.fd@gmail.com
e-Mail enviado a dsayago@gmail.com
e-Mail enviado a proteinic@gmail.com
e-Mail enviado a dagovaster@gmail.com
e-Mail enviado a risk.zero@gmail.com
e-Mail enviado a fernando.garca@gmail.com
e-Mail enviado a salomonemarcos@hotmail.com
e-Mail enviado a acer5502@gmail.com
e-Mail enviado a pastor25@mixmail.com
e-Mail enviado a adrian_iz@hotmail.com
e-Mail enviado a 00.sxr.00@gmail.com
e-Mail enviado a isaias@informaticalogos.com.ar
e-Mail enviado a dpm022@gmail.com
e-Mail enviado a tkd.inbox@gmail.com
e-Mail enviado a angel_grimaldoma@hotmail.com
e-Mail enviado a andy.hickl@gmail.com
e-Mail enviado a joaquin.bravo@gmail.com
e-Mail enviado a assessor@mail.com
e-Mail enviado a nadiafank@gmail.com
e-Mail enviado a caralbornozc@gmail.com
e-Mail enviado a phevia@gmail.com
e-Mail enviado a ivchiga@gmail.com
e-Mail enviado a equintan@teleline.es
e-Mail enviado a jofralogo@gmail.com
e-Mail enviado a moxol8@hotmail.com
e-Mail enviado a carlos.wyvern@gmail.com
e-Mail enviado a mail@ccoio.com
e-Mail enviado a willin32@gmail.com
e-Mail enviado a rafael.garrido@secuoyas.com
e-Mail enviado a el20decadames@hotmail.com
e-Mail enviado a angelitodiablito@hotmail.com
e-Mail enviado a pabusa@gmail.com
e-Mail enviado a meisel@live.com
e-Mail enviado a kerosen.cl@gmail.com
e-Mail enviado a moraxnet@hotmail.com
e-Mail enviado a gusanoiv@hotmail.com
e-Mail enviado a fraktal_23@yahoo.es
e-Mail enviado a elmaguitodelmal777@hotmail.com
e-Mail enviado a bolivarzuiga@gmail.com
e-Mail enviado a oscar.illescas@gmail.com
e-Mail enviado a mail1527153@bupkiss.net
e-Mail enviado a percygir@hotmail.com
e-Mail enviado a asasha94@hotmail.com
e-Mail enviado a hagaclick@gmail.com
e-Mail enviado a efedepe67@gmail.com
e-Mail enviado a ryouma@gmail.com
e-Mail enviado a sambodhi@gmail.com
e-Mail enviado a 69585219@qq.com
e-Mail enviado a ruoning@gmail.com
e-Mail enviado a mailmarbu@gmail.com
e-Mail enviado a juan.omario@gmail.com
e-Mail enviado a coven.name@gmail.com
e-Mail enviado a lsepulve30@hotmail.com
e-Mail enviado a bletlejuice_oz@hotmail.com
e-Mail enviado a sc0328@gmail.com
e-Mail enviado a droig@educ.ar
e-Mail enviado a masonjie@sina.com
e-Mail enviado a humanlot@gmail.com
e-Mail enviado a ashchan@gmail.com
e-Mail enviado a www.avrilesnehyder@hotmail.com
e-Mail enviado a wangyooo@gmail.com
e-Mail enviado a ceguiche@hotmail.com
e-Mail enviado a qsc_mm@163.com
e-Mail enviado a sonyxp_sxr@hotmail.com
e-Mail enviado a rodmera@gmail.com
e-Mail enviado a blu2rr@yahoo.com.cn
e-Mail enviado a freedom85210@yahoo.com.cn
e-Mail enviado a jumaca@gmail.com
e-Mail enviado a charlinux@gmail.com
e-Mail enviado a tianying.cai@gmail.com
e-Mail enviado a kotecinho@gmail.com
e-Mail enviado a dmtmi@126.com
e-Mail enviado a posteandomagic5@gmail.com
e-Mail enviado a leevil_baby@hotmail.com
e-Mail enviado a pulso606@hotmail.com
e-Mail enviado a miguel.g.cuevas@gmail.com
e-Mail enviado a hipsilon@gmail.com
e-Mail enviado a xiaosheng8@21cn.com
e-Mail enviado a rafa@inrecom.com
e-Mail enviado a migrante@temporaryinbox.com
e-Mail enviado a asd@asd.com
e-Mail enviado a pachico@gmail.com
e-Mail enviado a fernandoxbd@gmail.com
e-Mail enviado a fall4her@gmail.com
e-Mail enviado a riaga.lamul@gmail.com
e-Mail enviado a marcospozo@vidal.es
e-Mail enviado a dd_engi@yahoo.com.cn
e-Mail enviado a soylarisa@msn.com
e-Mail enviado a fjroca@gmail.com
e-Mail enviado a g33k666@gmail.com
e-Mail enviado a masregistros@yahoo.es
e-Mail enviado a monge.sergio@gmail.com
e-Mail enviado a djpons@gmail.com
e-Mail enviado a tom5526363@tom.com
e-Mail enviado a joivir@yahoo.es
e-Mail enviado a fox6300@163.com
e-Mail enviado a sebastianpardofraga@gmail.com
e-Mail enviado a roninjojoz@gmail.com
e-Mail enviado a jiang.li.ying.china@gmail.com
e-Mail enviado a ignasinacho@gmail.com
e-Mail enviado a michel.lopez.g@gmail.com
e-Mail enviado a mg@probidad.com.ar
e-Mail enviado a garcia.reinaldo@gmail.com
e-Mail enviado a tesela@gmail.com
e-Mail enviado a toni.mateos@gmail.com
e-Mail enviado a dmelop@gmail.com
e-Mail enviado a xvila@tuci.net
e-Mail enviado a lnofal@copetel.com.ar
e-Mail enviado a juanma@laskorainikastola.net
e-Mail enviado a fmedina@gmail.com
e-Mail enviado a j_agustin_b@hotmail.com
e-Mail enviado a swasman@gmail.com
e-Mail enviado a virzen@msn.com
e-Mail enviado a seadrik@gmail.com
e-Mail enviado a hhnnww@gmail.com
e-Mail enviado a alextoc2000@yahoo.com.ar
e-Mail enviado a petu00@gmail.com
e-Mail enviado a stuartdr@gmail.com
e-Mail enviado a djarinsession@gmail.com
e-Mail enviado a gecancino@hotmail.com
e-Mail enviado a sidwhi@gmail.com
e-Mail enviado a benja456@gmail.com
e-Mail enviado a axoquen@mexico.com
e-Mail enviado a rowan.windwhistler@gmail.com
e-Mail enviado a sergiozzzu@gmail.com
e-Mail enviado a a_maneiro@hotmail.com
e-Mail enviado a ando@pro.com
e-Mail enviado a komaetil2001@hotmail.com
e-Mail enviado a zerbitzu@gmail.com
e-Mail enviado a raul@glug.es
e-Mail enviado a jesusinfierno@yahoo.es
e-Mail enviado a vtomasr5@gmail.com
e-Mail enviado a sistemasolar101@gmail.com
e-Mail enviado a diskopix@gmail.com
e-Mail enviado a mauricioformacion@gmail.com
e-Mail enviado a helisocorman@yahoo.es
e-Mail enviado a borjacoqui@msn.com
e-Mail enviado a nelson.borge@gmail.com
e-Mail enviado a neocalderon@gmail.com
e-Mail enviado a fananime_nipon@hotmail.com
e-Mail enviado a siavichay@gmail.com
e-Mail enviado a nosafeforwork@gmail.com
e-Mail enviado a hectorarturoazuz@gmail.com
e-Mail enviado a sfmcor@gmail.com
e-Mail enviado a spike@debian.cl
e-Mail enviado a leonluo@gmail.com
e-Mail enviado a demondhunter@hotmail.com
e-Mail enviado a nocaine@gmail.com
e-Mail enviado a cuentas@duttopr.com
e-Mail enviado a fgpaez@gmail.com
e-Mail enviado a jesusmorales.cruz_@gmail.com
e-Mail enviado a alberto@verdoy.es
e-Mail enviado a dimsum928-lynksee@yahoo.com
e-Mail enviado a xaranda@gmail.com
e-Mail enviado a sasage@gmail.com
e-Mail enviado a andsarmiento@gmail.com
e-Mail enviado a lesterfibla@gmail.com
e-Mail enviado a rsotovic@gmail.com
e-Mail enviado a mukyman@hotmail.com
e-Mail enviado a bwstudios@gmail.com
e-Mail enviado a edgar_mora_reyes@yahoo.com.mx
e-Mail enviado a foldlr@yahoo.co.jp
e-Mail enviado a m.cigolotti@gmail.com
e-Mail enviado a boronat_miq@gva.es
e-Mail enviado a genomewalker@gmail.com
e-Mail enviado a david_uro@hotmail.com
e-Mail enviado a raulfg@gmail.com
e-Mail enviado a adoptanimal@gmail.com
e-Mail enviado a alepngl@gmail.com
e-Mail enviado a admin@lordmax.org
e-Mail enviado a prueba@mailinator.com
e-Mail enviado a cinehistoria@gmail.com
e-Mail enviado a yhl.cheng@gmail.com
e-Mail enviado a morpheus17.pro@gmail.com
e-Mail enviado a brian.santiago@gmail.com
e-Mail enviado a jasbeem@gmail.com
e-Mail enviado a darcalis@gmail.com
e-Mail enviado a moyaherrero@hotmail.com
e-Mail enviado a algaba1@msn.com
e-Mail enviado a r.andres@euskalnet.net
e-Mail enviado a manuelfernandezpanzuela@gmail.com
e-Mail enviado a pansunyou@gmail.com
e-Mail enviado a manuel.gambin@gmail.com
e-Mail enviado a navarro.adrian@gmail.com
e-Mail enviado a nextsen@gmail.com
e-Mail enviado a isabelhernica@gmail.com
e-Mail enviado a ufoxaki@gmail.com
e-Mail enviado a europhdlabwebmaster@uniroma1.it
e-Mail enviado a franhp@gmail.com
e-Mail enviado a yam@adinet.com.uy
e-Mail enviado a hex@castronet.org
e-Mail enviado a joseenrique.tk+aenb@gmail.com
e-Mail enviado a backupmauri@gmail.com
e-Mail enviado a camilocastano@gmail.com
e-Mail enviado a rta6ster@gmail.com
e-Mail enviado a rodvanegas@gmail.com
e-Mail enviado a iadchoice@163.com
e-Mail enviado a kikuelo@gmail.com
e-Mail enviado a agerak@gmail.com
e-Mail enviado a isaak.arq@gmail.com
e-Mail enviado a gbiosca@xtec.cat
e-Mail enviado a xxxvilleroxxx@yahoo.com
e-Mail enviado a ing.miguelgc@gmail.com
e-Mail enviado a samuele.creuso@tele2.it
e-Mail enviado a wllop@esat.es
e-Mail enviado a pequeno.dormilon@gmail.com
e-Mail enviado a neo_zend@hotmail.com
e-Mail enviado a trosdase@gmail.com
e-Mail enviado a nico.elojo.siempre@gmail.com
e-Mail enviado a algobar@gmail.com
e-Mail enviado a wllop@webnet.es
e-Mail enviado a dinares@gmail.com
e-Mail enviado a isidromontescortes@yahoo.es
e-Mail enviado a pablo@eufemis.com.ar
e-Mail enviado a fikiro@yhoo.com
e-Mail enviado a adam9dz9@gmail.com
e-Mail enviado a castillalibre@gmail.com
e-Mail enviado a yogeehemp@gmail.com
e-Mail enviado a ogshelly@gmail.com
e-Mail enviado a m@rtin.com.ru
e-Mail enviado a floresjav2001@yahoo.com.ar
e-Mail enviado a marcoantonioalvarez@gmail.com
e-Mail enviado a fome_w@yahoo.com.mx
e-Mail enviado a deepyox@gmail.com
e-Mail enviado a el_superbo@yahoo.es
e-Mail enviado a managram@hotmail.com
e-Mail enviado a mariagarcia_d3@hotmail.com
e-Mail enviado a roansatho@gmail.com
e-Mail enviado a danthux@gmail.com
e-Mail enviado a temporal@gmail.com
e-Mail enviado a crower.cod@gmail.com
e-Mail enviado a garethfc@gmail.com
e-Mail enviado a luisfbn@yahoo.com.mx
e-Mail enviado a kamui002@gmail.com
e-Mail enviado a rockerfeler@gmail.com
e-Mail enviado a elchico_filmmaker@hotmail.com
e-Mail enviado a andre_2688@hotmail.com
e-Mail enviado a robertet1@gmail.com
e-Mail enviado a rekoj_rc@yahoo.com
e-Mail enviado a skh.hotpoint@gmail.com
e-Mail enviado a w2kxsnn4q7@spaml.com
e-Mail enviado a neverend@qq.com
e-Mail enviado a dyngo.01@gmail.com
e-Mail enviado a fanting@live.com
e-Mail enviado a kommodin@gmail.com
e-Mail enviado a clariesmusic@yahoo.com
e-Mail enviado a matj850905hcsrrs05@hotmail.com
e-Mail enviado a kashral@hotmail.com
e-Mail enviado a willyvga@gmail.com
e-Mail enviado a tueresyoyel@yahoo.es
e-Mail enviado a juliandavid326@hotmail.com
e-Mail enviado a enriquecs@gmail.com
e-Mail enviado a fisheker@gmail.com
e-Mail enviado a aitor.escauriaza@gmail.com
e-Mail enviado a jordi.llull@gmail.com
e-Mail enviado a tkc@ozu.es
e-Mail enviado a educasoft@yahoo.es
e-Mail enviado a ubecleb@gmail.com
e-Mail enviado a prometeo@pedreno.net
e-Mail enviado a verybadboy_246@hotmail.com
e-Mail enviado a havana_79@hotmail.it
e-Mail enviado a delineas@gmail.com
e-Mail enviado a juanvoltaire@eresmas.com
e-Mail enviado a cicloideo@yahoo.es
e-Mail enviado a daniel@saltilandia.es
e-Mail enviado a ferbocco23@hotmail.com
e-Mail enviado a izquierda@telefonica.net
e-Mail enviado a japer@euskalnet.net
e-Mail enviado a eeshkurty@gmail.com
e-Mail enviado a ataulfo@gmail.com
e-Mail enviado a adolfo_leal@hotmail.com
e-Mail enviado a bueno_m_e@hotmail.com
e-Mail enviado a legionario.del.afecto@gmail.com
e-Mail enviado a jchancafer@gmail.com
e-Mail enviado a ernesto@desse.com.ar
e-Mail enviado a elmusle@gmail.com
e-Mail enviado a ggggg@wekk.net
e-Mail enviado a err@wekk.net
e-Mail enviado a contratosyequipos@prodigy.net.mx
e-Mail enviado a tilamilc@hotmail.com
e-Mail enviado a marcro@lliure.eu
e-Mail enviado a cambiemo@cambiemoslausal.com
e-Mail enviado a 2tintas@gmail.com
e-Mail enviado a weballergy@msn.com
e-Mail enviado a bervajan@yahoo.es
e-Mail enviado a queesposidesqu@gmail.com
e-Mail enviado a sergi@ambapara.net
e-Mail enviado a buzonazo@gmail.com
e-Mail enviado a starkmario@gmail.com
e-Mail enviado a alfresitu@gmail.com
e-Mail enviado a lordwellington_caminante@yahoo.es
e-Mail enviado a adolfo_93pk@hotmail.com
e-Mail enviado a econ201@gmail.com
e-Mail enviado a angelcaido666x@gmail.com
e-Mail enviado a lic.guzman@gmail.com
e-Mail enviado a vozjamal@hotmail.com
e-Mail enviado a dmocteo@gmail.com
e-Mail enviado a pedro.f.pareja@gmail.com
e-Mail enviado a sntiago_2008@hotmail.com
e-Mail enviado a pedro.gimenezmontes@gmail.com
e-Mail enviado a zoet13@espora.org
e-Mail enviado a irmorales@yahoo.com
e-Mail enviado a despertandolarepublica@yahoo.com.ar
e-Mail enviado a ongaku_83@yahoo.com
e-Mail enviado a evola32@gmail.com
e-Mail enviado a elsilencioescomplicado@gmail.com
e-Mail enviado a arubio3@yahoo.es
e-Mail enviado a siempreoffline@gmail.com
e-Mail enviado a baiheinet@gmail.com
e-Mail enviado a skdaodao@qq.com
e-Mail enviado a rei2613@gmail.com
e-Mail enviado a jesse@tennis.la
e-Mail enviado a kop@bb.la
e-Mail enviado a bartlevy@gmail.com
e-Mail enviado a bolooo@gmail.com
e-Mail enviado a centromando@hotmail.com
e-Mail enviado a dinocefalo@gmail.com
e-Mail enviado a forohumanista@gmail.com
e-Mail enviado a parkour_tj@hotmail.com
e-Mail enviado a jvictormoreno@corvera.net
e-Mail enviado a jabasi@gmail.com
e-Mail enviado a felola@gmail.com
e-Mail enviado a elchuache@ono.com
e-Mail enviado a onasisblog@gmail.com
e-Mail enviado a moral3jo@gmail.com
e-Mail enviado a mmontero@jccm.es
e-Mail enviado a kantico2005@yahoo.com.ar
e-Mail enviado a jolth@esdebian.org
e-Mail enviado a monique-moran@hotmail.com
e-Mail enviado a isabel.pereyra@gmail.com
e-Mail enviado a bipecora@gmail.com
e-Mail enviado a carglobal@gmail.com
e-Mail enviado a padillano@gmail.com
e-Mail enviado a elmaligno@gmail.com
e-Mail enviado a sergini9384@gmail.com
e-Mail enviado a cvsr1980@gmail.com
e-Mail enviado a javichu_jfa@hotmail.com
e-Mail enviado a felacosa@elcajondelosmisterios.com
e-Mail enviado a compania.sscc@gmail.com
e-Mail enviado a lauramalagarriga@hotmail.com
e-Mail enviado a gdsl.general@gmail.com
e-Mail enviado a gnurpi.general@gmail.com
e-Mail enviado a nelson18flores@gmail.com
e-Mail enviado a sanvega@gmail.com
e-Mail enviado a ecanosoft@yahoo.com.mx
e-Mail enviado a mun2.dalnet@hotmail.com
e-Mail enviado a yobani.hernandez.rivera@gmail.com
e-Mail enviado a ralyma@eresmas.com
e-Mail enviado a pasosalcostado_arg@hotmail.com
e-Mail enviado a xarathur@gmail.com
e-Mail enviado a gjwkenny@gmail.com
e-Mail enviado a atolonbikini@gmail.com
e-Mail enviado a estevez.ignacio@gmail.com
e-Mail enviado a ivan.duher@gmail.com
e-Mail enviado a okaycn@gmail.com
e-Mail enviado a gcasado@correu.escoladeltreball.org
e-Mail enviado a oookook@gmail.com
e-Mail enviado a sonyhq@gmail.com
e-Mail enviado a unaiaia@gmail.com
e-Mail enviado a euskaljakintza@gmail.com
e-Mail enviado a pesandrilla@hotmail.com
e-Mail enviado a doloresff@gmail.com
e-Mail enviado a chilledrecords@hotmail.com
e-Mail enviado a contactame@josegarrido.net
e-Mail enviado a oscarx@gmail.com
e-Mail enviado a wsfooo@gmail.com
e-Mail enviado a framali_lizarraga@hotmail.com
e-Mail enviado a consejofiss@gmail.com
e-Mail enviado a currungeek@yahoo.com
e-Mail enviado a antonio.carrascoso@gmail.com
e-Mail enviado a isaleal2000@yahoo.com
e-Mail enviado a epuedmag@megapc.com.ec
e-Mail enviado a serafinrubio@gmail.com
e-Mail enviado a contraxena@yahoo.es
e-Mail enviado a gboxlan@gmail.com
e-Mail enviado a carlosalonsoras@gmail.com
e-Mail enviado a mianllop@gmail.com
e-Mail enviado a luisgonzalez_luis@yahoo.es
e-Mail enviado a luisglez@worldonline.es
e-Mail enviado a photo.nando@gmail.com
e-Mail enviado a alunarvaez@gmail.com
e-Mail enviado a colapsonervioso@gmail.com
e-Mail enviado a siete_dada@hotmail.com
e-Mail enviado a ingdiesel14@hotmail.com
e-Mail enviado a cuartelsegunda@gmail.com
e-Mail enviado a aitorles@yahoo.es
e-Mail enviado a xolero@msn.com
e-Mail enviado a med@adinet.com.uy
e-Mail enviado a murkito_15@hotmail.com
e-Mail enviado a tiomano2@msn.com
e-Mail enviado a hernan_rs2004@hotmail.com
e-Mail enviado a rluna@platea.pntic.mec.es
e-Mail enviado a kaponato@gmail.com
e-Mail enviado a alehxys@gmail.com
e-Mail enviado a vongiovanniroko@yahoo.com
e-Mail enviado a txikizuri@yahoo.es
e-Mail enviado a rodolfo.alcazar@padep.org.bo
e-Mail enviado a ti.rojo@arsystel.com
e-Mail enviado a glutzky@gmail.com
e-Mail enviado a chocto@gmail.com
e-Mail enviado a carmebarba@gmail.com
e-Mail enviado a alberto.carlos@gmail.com
e-Mail enviado a javcorten@gmail.com
e-Mail enviado a jesusmanuel.mail@gmail.com
e-Mail enviado a rapasos@terra.es
e-Mail enviado a ana.ovando@gmail.com
e-Mail enviado a shinigamia@gmail.com
e-Mail enviado a luixzz@lunasexta.org
e-Mail enviado a faolinion@yahoo.es
e-Mail enviado a cybinbin@21cn.com
e-Mail enviado a fukku.s@gmail.com
e-Mail enviado a alesmv@gmail.com
e-Mail enviado a framrez@gmail.com
e-Mail enviado a alesmv@teleline.es
e-Mail enviado a ana_hdez22@hotmail.com
e-Mail enviado a luisperezcepeda@gmail.com
e-Mail enviado a corrius@hotmail.com
e-Mail enviado a diego.arranz@gmail.com
e-Mail enviado a alxocoop@yahoo.com
e-Mail enviado a antoniogonzalezgarcia@gmail.com
e-Mail enviado a guileg_89@hotmail.com
e-Mail enviado a edgardo.lineros@gmail.com
e-Mail enviado a peraempa@gmail.com
e-Mail enviado a davidpini@gmail.com
e-Mail enviado a chinarrista@gmail.com
e-Mail enviado a elhombreopaco@gmail.com
e-Mail enviado a fer_nanda_549@hotmail.com
e-Mail enviado a cimbeles@gmail.com
e-Mail enviado a acquaflora@gmail.it
e-Mail enviado a toquinho@gmail.com
e-Mail enviado a crafty184@gmail.com
e-Mail enviado a esposito.sandra@gmail.com
e-Mail enviado a aaron_imagen@hotmail.com
e-Mail enviado a barrosol@gmail.com
e-Mail enviado a pablobarrera07@gmail.com
e-Mail enviado a carlosipc@gmail.com
e-Mail enviado a rocktvmm@hotmail.com
e-Mail enviado a agus.ab@gmail.com
e-Mail enviado a laochen.student@gmail.com
e-Mail enviado a jlacalle@jakintza.net
e-Mail enviado a henningsenmyriam@hotmail.com
e-Mail enviado a palomeiko_neska@hotmail.com
e-Mail enviado a almadraba87@gmail.com
e-Mail enviado a anndev@alice.it
e-Mail enviado a jrnavar@gmail.com
e-Mail enviado a almadraba87@mixmail.com
e-Mail enviado a leonardo.galeron@gmail.com
e-Mail enviado a project17@spamcero.com
e-Mail enviado a ferminsb@gmail.com
e-Mail enviado a jnboersner@gmail.com
e-Mail enviado a joanmolar@hotmail.com
e-Mail enviado a ionrei@gmail.com
e-Mail enviado a noizexperience@gmail.com
e-Mail enviado a rigreyes@gmail.com
e-Mail enviado a llamasribera@inicia.es
e-Mail enviado a jtrejo@educa.madrid.org
e-Mail enviado a vato61@hotmail.com
e-Mail enviado a myosse@gmail.com
e-Mail enviado a adios@tempinbox.com
e-Mail enviado a byemancho@yahoo.es
e-Mail enviado a guajho@hotmail.com
e-Mail enviado a augusto97@gmail.com
e-Mail enviado a carloigno@gmail.com
e-Mail enviado a airoti@yahoo.es
e-Mail enviado a miliodemendralejo@gmail.com
e-Mail enviado a nflamel@gmail.com
e-Mail enviado a jjcuadrado@gmail.com
e-Mail enviado a belengilmartinez@hotmail.com
e-Mail enviado a franciscoluza@gmail.com
e-Mail enviado a kafecam@yahoo.com
e-Mail enviado a guimarxp@msn.com
e-Mail enviado a jordi.fontich@gmail.com
e-Mail enviado a liddil2000@yahoo.com
e-Mail enviado a jlrodriguez@estudiantes.uci.cu
e-Mail enviado a atabey.cuba@gmail.com
e-Mail enviado a djfunkinmixer@gmail.com
e-Mail enviado a sauce.b@gmail.com
e-Mail enviado a victor_abrahamt@hotmail.com
e-Mail enviado a rodrigoaveraa@yahoo.es
e-Mail enviado a sepulvedageek@gmail.com
e-Mail enviado a el.mozillero@gmail.com
e-Mail enviado a contactopin@gmail.com
e-Mail enviado a joseantonio.rio@gmail.com
e-Mail enviado a imedia@126.com
e-Mail enviado a didacmarin@gmail.com
e-Mail enviado a tttp@irational.org
e-Mail enviado a aaaa@wekk.net
e-Mail enviado a gggg@wekk.net
e-Mail enviado a salleborram2@wekk.net
e-Mail enviado a aaaaaaaa@wekk.net
e-Mail enviado a mborrame1@dodgeit.com
e-Mail enviado a sallesito@wekk.net
e-Mail enviado a drinikodra@gmail.com
e-Mail enviado a azucenita@wekk.net
e-Mail enviado a eviellla@wekk.net
e-Mail enviado a ferjur@gmail.com
e-Mail enviado a juliobarthe@terra.es
e-Mail enviado a julio.barthe@gmail.com
e-Mail enviado a jbmondeja@gmail.com
e-Mail enviado a joseenrique.tk@gmail.com
e-Mail enviado a enric_mestre@yahoo.es
e-Mail enviado a link.default.tm@gmail.com
e-Mail enviado a curso_capis@yahoo.es
e-Mail enviado a inaki.arrieta@gmail.com
e-Mail enviado a mcacheda@gmail.com
e-Mail enviado a an_gel@telefonica.net
e-Mail enviado a djkos90@hotmail.com
e-Mail enviado a info.diego@gmail.com
e-Mail enviado a makuesencia@gmail.com
e-Mail enviado a arathornx@gmail.com
e-Mail enviado a sergio.insaurralde@gmail.com
e-Mail enviado a nootlink@hotmail.com
e-Mail enviado a festor@gmail.com
e-Mail enviado a hugomazaa@yahoo.com.ar
e-Mail enviado a senorbistek@gmail.com
e-Mail enviado a illasestelas@yahoo.es
e-Mail enviado a jorge.ramiro@gmail.com
e-Mail enviado a robotnet@gmail.com
e-Mail enviado a basura.pepe@gmail.com
e-Mail enviado a felipe.gomez3@gmail.com
e-Mail enviado a erick_526@hotmail.com
e-Mail enviado a rodrigovega@gmail.com
e-Mail enviado a kalel.design@gmail.com
e-Mail enviado a dagorret@gmail.com
e-Mail enviado a enriquejdh@gmail.com
e-Mail enviado a felipe.arriagadaa@alumnos.usm.cl
e-Mail enviado a josepa76@hotmail.com
e-Mail enviado a xlarretxea@axular.ikastola.net
e-Mail enviado a pcuestam@gmail.com
e-Mail enviado a idank76@gmail.com
e-Mail enviado a madrugada@riseup.net
e-Mail enviado a alvaro_verdoy@yahoo.es
e-Mail enviado a jlmarquezg@gmail.com
e-Mail enviado a jorgitobeta@gmail.com
e-Mail enviado a gustavo-cornejo@hotmail.com
e-Mail enviado a felipe@linuxlab.cl
e-Mail enviado a edy_morgoth@hotmail.com
e-Mail enviado a tommy833@gmail.com
e-Mail enviado a petru_arakiss@hotmail.com
e-Mail enviado a lotraigomoreno@gmail.com
e-Mail enviado a cavuoz@gmail.com
e-Mail enviado a ycrr@hotmail.com
e-Mail enviado a usorurak@gmail.com
e-Mail enviado a giganova@gmail.com
e-Mail enviado a anabayogimeno@gmail.com
e-Mail enviado a sylverhaker@hotmail.com
e-Mail enviado a montug@ai.fcad.uner.edu.ar
e-Mail enviado a jrodriguez.info@gmail.com
e-Mail enviado a comprensiondelasociedad@gmail.com
e-Mail enviado a xquintanax@hotmail.com
e-Mail enviado a abril1364@yahoo.com
e-Mail enviado a xengendro@hotmail.com
e-Mail enviado a frankmomo@gmail.com
e-Mail enviado a davidmontoyago@gmail.com
e-Mail enviado a mr.setter@gmail.com
e-Mail enviado a xman34567@hotmail.com
e-Mail enviado a debari2006@gmail.com
e-Mail enviado a angusiglesias@gmail.com
e-Mail enviado a diptongo@gmail.com
e-Mail enviado a orensbruli@gmail.com
e-Mail enviado a ramon.vilar@gmail.com
e-Mail enviado a djbuly@msn.com
e-Mail enviado a josemanuelroma@gmail.com
e-Mail enviado a djbuly@gmail.com
e-Mail enviado a jaimelagos@gmail.com
e-Mail enviado a robinor@gmail.com
e-Mail enviado a vannav.rgv@gmail.com
e-Mail enviado a fenix_stereo@hotmail.com
e-Mail enviado a danielesteban.lunalombardi@gmail.com
e-Mail enviado a mengana@gmail.com
e-Mail enviado a alvarmaciel@gmail.com
e-Mail enviado a madjavik@gmail.com
e-Mail enviado a prebt.c4@hotmail.com
e-Mail enviado a victorhgtzr@gmail.com
e-Mail enviado a rob_raea_1020@hotmail.com
e-Mail enviado a xsune@xtec.cat
e-Mail enviado a hunamanga@hotmail.com
e-Mail enviado a benlecid@gmail.com
e-Mail enviado a ceadlaspalmas@gmail.com
e-Mail enviado a colector@ono.com
e-Mail enviado a linziyi@gmail.com
e-Mail enviado a maria@agalisa.es
e-Mail enviado a h.alvarez@sglobal.e.telefonica.net
e-Mail enviado a naxerascp@hotmail.com
e-Mail enviado a mario.valentini@gmail.com
e-Mail enviado a caminoaragones@gmail.com
e-Mail enviado a pepe@pepe.es
e-Mail enviado a valeriolove@hotmail.com
e-Mail enviado a grimborg@gmail.com
e-Mail enviado a madass.rabbit@gmail.com
e-Mail enviado a carmenjb_@hotmail.com
e-Mail enviado a nachobuey@hotmail.com
e-Mail enviado a manolon@dodgeit.com
e-Mail enviado a sdf@wekk.net
e-Mail enviado a garylatman@yahoo.com
e-Mail enviado a mitsuhxc@gmail.com
e-Mail enviado a ihippy@gmail.com
e-Mail enviado a vendedores.pc@gmail.com
e-Mail enviado a trentchandra@gmail.com
e-Mail enviado a djmonty@hotmail.com
e-Mail enviado a edgarmc@email.it
e-Mail enviado a ritmanalvaro@yahoo.es
e-Mail enviado a tecnoluisnogalte@yahoo.es
e-Mail enviado a sergio@clon21.com
e-Mail enviado a mgalanlara@andaluciajunta.es
e-Mail enviado a fancy_a_shagg@hotmail.com
e-Mail enviado a mariareginaramalho@gmail.com
e-Mail enviado a indixjoe@yahoo.es
e-Mail enviado a ogmius3000@yahoo.com
e-Mail enviado a almeidadesayago@terra.es
e-Mail enviado a strikesf@gmail.com
e-Mail enviado a fernando.a.quintero@gmail.com
e-Mail enviado a rjfilth@gmail.com
e-Mail enviado a yodispareakennedy@hotmail.com
e-Mail enviado a desmutlunas@yahoo.es
e-Mail enviado a jahblessrasta@gmail.com
e-Mail enviado a aarosenberg@gmail.com
e-Mail enviado a micmasrecrds@planetawaren.cl
e-Mail enviado a edubuntucat@yahoo.es
e-Mail enviado a karakartofeln@gmail.com
e-Mail enviado a rafael.anier@gmail.com
e-Mail enviado a mail.tien@gmail.com
e-Mail enviado a ti.azul@arsystel.com
e-Mail enviado a edanlinux@hotmail.com
e-Mail enviado a dh@daliacomex.com
e-Mail enviado a senderosilencioso@gmail.com
e-Mail enviado a aliciaiglesiasrus@yahoo.es
e-Mail enviado a gavidiacs@pdvsa.com
e-Mail enviado a gordinslele@yahoo.com
e-Mail enviado a jorgeg.luis@gmail.com
e-Mail enviado a tkm_alope@hotmail.com
e-Mail enviado a angelhidalgoperez@gmail.com
e-Mail enviado a aimless.destiny@gmail.com
e-Mail enviado a jose.cuerva@gmail.com
e-Mail enviado a tovi8306@hotmail.com
e-Mail enviado a mastersoftmdf@yahoo.com.ar
e-Mail enviado a lpcfermat@yahoo.com.ar
e-Mail enviado a gragel@gragel.net
e-Mail enviado a jjssabenojar@gmail.com
e-Mail enviado a photoshab@gmail.com
e-Mail enviado a jaizki@richdadclub.es
e-Mail enviado a jmserra@pereserra.net
e-Mail enviado a laderone@gmail.com
e-Mail enviado a aldoalcantar@gmail.com
e-Mail enviado a jpons@girona.com
e-Mail enviado a cinco@wekk.net
e-Mail enviado a ramstak@gmail.com
e-Mail enviado a gustavo.ikari@gmail.com
e-Mail enviado a elleandro@gmail.com
e-Mail enviado a leandro.listas@gmail.com
e-Mail enviado a immortal.mitsuomi@gmail.com
e-Mail enviado a wallas85@menta.net
e-Mail enviado a jmanzaner@gmail.com
e-Mail enviado a fargoneta@hotmail.com
e-Mail enviado a baturricos@gmail.com
e-Mail enviado a vmorenok@gmail.com
e-Mail enviado a miguelansf@hotmail.com
e-Mail enviado a elidier@gmail.com
e-Mail enviado a juan3d@gmail.com
e-Mail enviado a seis@wekk.net
e-Mail enviado a trec4@wekk.net
e-Mail enviado a lolita_happylove_009@hotmail.com
e-Mail enviado a peregrinux@gmail.com
e-Mail enviado a socrates_pina@yahoo.com
e-Mail enviado a byron09@gmail.com
e-Mail enviado a jd.the.cat@gmail.com
e-Mail enviado a guido.cc@gmail.com
e-Mail enviado a ramaga65@gmail.com
e-Mail enviado a waikigp2x@gmail.com
e-Mail enviado a unastronauta_yunabruja@hotmail.com
e-Mail enviado a jeisha@wekk.net
e-Mail enviado a dunetron@yahoo.es
e-Mail enviado a apah99@gmail.com
e-Mail enviado a codr.chesco@gmail.com
e-Mail enviado a reporterodelahistoria@gmail.com
e-Mail enviado a yhemp@hotmail.com
e-Mail enviado a jesusmorales.cruz@gmail.com
e-Mail enviado a pdk@vtr.net
e-Mail enviado a ee1986@hotmail.com
e-Mail enviado a proxxo@gmail.com
e-Mail enviado a xavi74@gmail.com
e-Mail enviado a albertoconchan@hotmail.com
e-Mail enviado a atjachis@gmail.com
e-Mail enviado a kenoby31@gmail.com
e-Mail enviado a kenoby31@yahoo.es
e-Mail enviado a achavez@indeca.gob.gt
e-Mail enviado a alma.castro@gmail.com
e-Mail enviado a salcidoj@terra.com.mx
e-Mail enviado a nachobuey@gmail.com
e-Mail enviado a portal.arica@gmail.com
e-Mail enviado a dcasco@gmail.com
e-Mail enviado a ed4444@gmail.com
e-Mail enviado a wikimagine@gmail.com
e-Mail enviado a nolsystem@gmail.com
e-Mail enviado a hguzzetti@gmail.com
e-Mail enviado a anitayartux@gmail.com
e-Mail enviado a jucaver21@yahoo.es
e-Mail enviado a perms@wekk.net
e-Mail enviado a btrikolor@gmail.com
e-Mail enviado a mqbayod@gmail.com
e-Mail enviado a gbottasini@tiscali.it
e-Mail enviado a yarasue@gmail.com
e-Mail enviado a silverdisc@gmail.com
e-Mail enviado a fortexx@gmail.com
e-Mail enviado a alexjugon11@hotmail.com
e-Mail enviado a voret@ono.com
e-Mail enviado a h4x0r.vx@gmail.com
e-Mail enviado a angaoch@gmail.com
e-Mail enviado a maty_nz@yahoo.com.ar
e-Mail enviado a vpamies@gmail.com
e-Mail enviado a mr0m4n@gmail.com
e-Mail enviado a lamassa@gmail.com
e-Mail enviado a kero.beros.sama@gmail.com
e-Mail enviado a ramalho.regina@gmail.com
e-Mail enviado a zmyspc@gmail.com
e-Mail enviado a haekure@gmail.com
e-Mail enviado a ardentice.hb@gmail.com
e-Mail enviado a arturphk@gmail.com
e-Mail enviado a vixtor_master@otmail.com
e-Mail enviado a hagensas@gmail.com
e-Mail enviado a lluisyast@gmail.com
e-Mail enviado a jose.vazquez.aviles@gmail.com
e-Mail enviado a sonyhqspam@gmail.com
e-Mail enviado a sallesito2@wekk.net
e-Mail enviado a neww@wekk.net
e-Mail enviado a n.inf.fct.unl.pt@gmail.com
e-Mail enviado a lalex@aboutdigital.ru
e-Mail enviado a bigjordi54@hotmail.com
e-Mail enviado a pamplines@gmail.com
e-Mail enviado a afce@utpl.edu.ec
e-Mail enviado a glayvin@gmail.com
e-Mail enviado a alejandronm@gmail.com
e-Mail enviado a farsite281@gmail.com
e-Mail enviado a nikibugg@gmail.com
e-Mail enviado a planetgarbage@gmail.com
e-Mail enviado a afidalgo@dmami.upm.es
e-Mail enviado a leafargv@hotmail.com
e-Mail enviado a info@lacoloniaeventos.com.ar
e-Mail enviado a mmirandam5@hotmail.com
e-Mail enviado a elreflejo@gmail.com
e-Mail enviado a dario.hruszecki@gmail.com
e-Mail enviado a blog@barriodelosrosales.es
e-Mail enviado a locosporlatele@gmail.com
e-Mail enviado a popemiko@gmail.com
e-Mail enviado a multibuzon@gmail.com
e-Mail enviado a ivanzgz@gmail.com
e-Mail enviado a iparellada@j23.fje.edu
e-Mail enviado a sexy.trujillo@gmail.com
e-Mail enviado a mabelyeduardo@yahoo.com.ar
e-Mail enviado a sumariadostemuko@gmail.com
e-Mail enviado a nopiedra@utpl.edu.ec
e-Mail enviado a th_2d@hotmail.com
e-Mail enviado a ilcra1989@gmail.com
e-Mail enviado a eddramirez@yahoo.com.mx
e-Mail enviado a carlosues@telefonica.net
e-Mail enviado a killoloko83@yahoo.es
e-Mail enviado a kitzogen@gmail.com
e-Mail enviado a passodelnick@hotmail.com
e-Mail enviado a josemba1986@gmail.com
e-Mail enviado a highcc@gmail.com
e-Mail enviado a unix4you2@gmail.com
e-Mail enviado a k0n3@hotmail.com
e-Mail enviado a ramaga@hotmail.com
e-Mail enviado a gotz14670@gmail.com
e-Mail enviado a immaculada.v@gmail.com
e-Mail enviado a miguel.rebollo@gmail.com
e-Mail enviado a jazzpino@gmail.com
e-Mail enviado a marclopez1991@hotmail.com
e-Mail enviado a rcarrerah@hotmail.com
e-Mail enviado a vingadoncs@gmail.com
